# callgrind format
version: 1
creator: callgrind-3.15.0
pid: 15607
cmd:  ./mth5 -f test.h5
part: 1


desc: I1 cache: 
desc: D1 cache: 
desc: LL cache: 

desc: Timerange: Basic block 0 - 203616178
desc: Trigger: Program termination

positions: line
events: Ir
summary: 880236


ob=(11) /home/chogan/dev/multithreaded_hdf5/mth5
fl=(164) /home/chogan/dev/multithreaded_hdf5/mth5.cpp
fn=(792) main
cfn=(2800) open_and_close_on_main(long, char const**, std::vector<long, std::allocator<long> >&, int, unsigned long**)
calls=1 69 
238 880236

fn=(2800)
cob=(2) ???
cfi=(18) ???
cfn=(2804) 0x000000000010a3b0
calls=8 0 
72 880236

fl=(159) ???
fn=(770) _start
cob=(3) /usr/lib/x86_64-linux-gnu/libc-2.31.so
cfi=(160) /build/glibc-YYA7BZ/glibc-2.31/csu/../csu/libc-start.c
cfn=(772) (below main)
calls=1 137 
0 880236

ob=(9) /home/chogan/local/lib/libhdf5_debug.so.1000.0.0
fl=(275) /home/chogan/dev/hdf5/src/H5Groot.c
fn=(2828) H5G_root_loc
380 48
+4 48
+6 16
cob=(2)
cfi=(18)
cfn=(2830) 0x000000000488be80
calls=8 0 
* 715
* 8
+4 16
cob=(2)
cfi=(18)
cfn=(2836) 0x000000000488e610
calls=8 0 
* 635
* 24
+2 16
cob=(2)
cfi=(18)
cfn=(2842) 0x000000000488dc90
calls=8 0 
* 667
* 24
+8 16
cob=(2)
cfi=(18)
cfn=(2848) 0x000000000488d1d0
calls=8 0 
* 699
* 16
+1 16
+1 16
-24 16
+29 32

fn=(2834) H5G_rootof
101 8
+1 24
+7 32
+11 32
+3 16
+1 8

fl=(294) /home/chogan/dev/hdf5/src/H5VLnative_dataset.c
fn=(2816) H5VL__native_dataset_open
113 72
+7 24
cob=(2)
cfi=(18)
cfn=(2818) 0x000000000488e840
calls=8 0 
* 4538
* 16
+4 32
cob=(2)
cfi=(18)
cfn=(2854) 0x000000000488d7e0
calls=8 0 
* 845748
* 24
+7 64

fl=(309) /home/chogan/dev/hdf5/src/H5Goh.c
fn=(3162) H5O__group_isa
174 40
+5 24
+5 24
cob=(2)
cfi=(18)
cfn=(3000) 0x0000000004889af0
calls=8 0 
* 520
* 24
+2 24
cob=(2)
cfi=(18)
cfn=(3000)
calls=8 0 
* 520
* 24
+3 48
+4 32

fl=(302) /home/chogan/dev/hdf5/src/H5Ocache.c
fn=(2964) H5O__prefix_deserialize
1138 63
+5 27
+7 18
cob=(2)
cfi=(18)
cfn=(1010) 0x000000000488eba0
calls=9 0 
* 2460
* 27
+4 18
cob=(2)
cfi=(18)
cfn=(2536) 0x000000000488c5c0
calls=9 0 
* 54
* 18
+1 18
cob=(2)
cfi=(18)
cfn=(2554) 0x00000000048884c0
calls=9 0 
* 54
* 18
+4 36
cob=(2)
cfi=(18)
cfn=(2356) 0x0000000004887bb0
calls=9 0 
* 207
* 18
+5 18
+1 18
+4 27
+1 18
+4 9
+3 18
+3 81
+1 18
+1 81
+1 18
+1 81
+1 18
+1 90
+1 18
+6 18
+7 9
+1 9
+4 70
+6 56
+1 8
-5 2
+1 1
+17 90
cfi=(157) ???
cfn=(1082) __addvsi3
calls=9 0 
* 99
* 27
+44 18
+11 9
1141 9
1282 9
+4 54
+5 63

fn=(2966) H5O__cache_verify_chksum
249 63
+5 27
+8 27
+23 54
-18 27
cob=(2)
cfi=(18)
cfn=(2438) 0x000000000488e8f0
calls=9 0 
* 14506
+2 27
-17 18

fn=(2990) H5O__cache_chk_deserialize
768 9
+5 3
+10 2
cob=(2)
cfi=(18)
cfn=(1010)
calls=1 0 
* 264
* 3
+5 2
+26 2
cob=(2)
cfi=(18)
cfn=(2992) 0x000000000488bef0
calls=1 0 
* 664
* 2
+2 2
+11 7
-33 7
cfn=(2970) H5O__chunk_deserialize
calls=1 1311 
* 1324
* 2
+4 5

fn=(2998) H5O__cache_chk_notify
925 3
+4 3
+8 7
+3 3
+91 2
927 2

fn=(2988) H5O__cache_chk_verify_chksum
724 5
+5 3
+6 3
+12 5
-7 3
cob=(2)
cfi=(18)
cfn=(2438)
calls=1 0 
* 507
+2 3
-15 2

fn=(2968) H5O__cache_deserialize
311 81
+5 27
+15 27
+10 9
+3 18
cob=(2)
cfi=(18)
cfn=(2248) 0x000000000488cfe0
calls=9 0 
* 54
* 27
+3 18
+6 9
+3 63
cfn=(2970)
calls=9 1311 
* 22595
* 18
+4 9
+3 9
+4 54
+5 63

fn=(2970)
1311 160
+11 30
+10 30
+11 40
+1 70
+1 30
+1 20
+2 81
cfi=(157)
cfn=(1082)
calls=9 0 
* 99
* 45
cfi=(157)
cfn=(1082)
calls=9 0 
* 99
* 54
cfi=(157)
cfn=(1082)
calls=9 0 
* 99
* 27
cfi=(157)
cfn=(1082)
calls=9 0 
* 99
* 36
+3 36
cob=(2)
cfi=(18)
cfn=(1028) 0x000000000488d5a0
calls=9 0 
* 1834
* 4
cob=(2)
cfi=(18)
cfn=(1028)
calls=1 0 
* 200
* 30
+2 30
+3 60
cob=(2)
cfi=(18)
cfn=(1102) 0x000000000488cf30
calls=10 0 
* 544
+3 20
+3 20
+2 90
cfi=(157)
cfn=(1082)
calls=9 0 
* 99
* 45
cfi=(157)
cfn=(1082)
calls=9 0 
* 99
* 54
cfi=(157)
cfn=(1082)
calls=9 0 
* 99
* 27
cfi=(157)
cfn=(1082)
calls=9 0 
* 99
* 45
cfi=(157)
cfn=(1504) __subvsi3
calls=9 0 
* 108
* 18
+10 70
-55 10
-5 10
+64 10
-45 36
+3 36
cob=(2)
cfi=(18)
cfn=(1084) 0x0000000004887ca0
calls=9 0 
* 930
* 18
+2 9
+1 18
+11 4
1635 110
1366 2
+2 4
cob=(2)
cfi=(18)
cfn=(2356)
calls=1 0 
* 23
* 2
+2 2
+53 208
+10 156
+15 52
+3 156
+5 208
+3 104
+3 52
+1 52
+1 104
+1 52
+1 52
+1 104
+1 104
+4 104
+4 156
-4 104
+52 104
+6 52
+7 104
+15 102
+18 102
+5 86
1452 111
cob=(2)
cfi=(18)
cfn=(2972) 0x000000000488b650
calls=37 0 
* 10790
* 74
+89 9
cfi=(304) /home/chogan/dev/hdf5/src/H5Ocont.c
cfn=(2978) H5O__cont_decode
calls=1 95 
* 590
* 1
+1 4
+3 1
+3 2
cfn=(2980) H5O__add_cont_msg
calls=1 1091 
* 279
* 2
+33 104
+10 156
cfi=(157)
cfn=(2982) __subvdi3
calls=52 0 
* 624
* 450
cfi=(157)
cfn=(1082)
calls=42 0 
* 462
* 126
1378 124
+9 156
+3 104
+3 312
+1 104
+4 104
+1 52
+2 208
+2 208
+2 260
+7 104
+4 104
1572 32
+48 20
+4 30
1320 20

fn=(2980)
1091 5
+4 3
+7 3
+11 3
+1 6
+1 4
+1 3
-23 1
+27 4
-17 4
+3 4
cob=(2)
cfi=(18)
cfn=(1084)
calls=1 0 
* 234
* 2
+2 1
+1 2

fn=(2984) H5O__cache_notify
567 9
+4 27
-4 9
+11 63
+3 18
-12 18
+63 18

fn=(2986) H5O__cache_chk_get_initial_load_size
691 1
+3 3
+8 2
+3 2

fn=(2962) H5O__cache_get_final_load_size
206 72
+4 27
+9 18
cfn=(2964)
calls=9 1138 
* 4100
* 18
+7 99
cfi=(157)
cfn=(1082)
calls=9 0 
* 99
* 45
cfi=(157)
cfn=(1082)
calls=9 0 
* 99
* 54
cfi=(157)
cfn=(1082)
calls=9 0 
* 99
* 27
cfi=(157)
cfn=(1082)
calls=9 0 
* 99
* 27
-18 9
+22 54

fn=(2960) H5O__cache_get_initial_load_size
177 9
+1 27
+6 9
+3 18

fl=(312) /home/chogan/dev/hdf5/src/H5Odtype.c
fn=(3218) H5O_dtype_decode
1110 40
+4 24
+6 8
cob=(2)
cfi=(18)
cfn=(1350) 0x0000000004888640
calls=8 0 
* 4675
* 24
+4 32
cfn=(3220) H5O_dtype_decode_helper
calls=8 133 
* 1176
* 16
+8 40

fn=(3220)
133 104
+6 24
+7 152
+1 24
+1 24
+2 16
+1 32
+1 16
+3 248
+2 72
591 96
162 16
+1 40
+1 40
+1 32
+1 120
+1 112
582 8

fn=(3222) H5O_dtype_copy
1193 40
+5 24
+6 16
cob=(2)
cfi=(18)
cfn=(1386) 0x000000000488b0a0
calls=8 0 
* 3990
* 24
+4 16
+11 40

fl=(249) /home/chogan/dev/hdf5/src/H5Eint.c
fn=(2008) H5E_clear_stack
913 48
+3 96
+3 32
+6 48
-11 16
+17 32
-11 16
cob=(2)
cfi=(18)
cfn=(2010) 0x000000000488dca0
calls=65 0 
* 592
* 48

fl=(226) /home/chogan/dev/hdf5/src/H5Gname.c
fn=(1368) H5G_name_reset
622 56
+1 168
fi=(194) /usr/include/x86_64-linux-gnu/bits/string_fortified.h
71 168
fe=(226)
632 112

fn=(2926) H5G__component
133 96
+1 48
+4 32
+2 32
+1 24
cob=(2)
cfi=(18)
cfn=(2928) 0x000000000488e430
calls=8 0 
* 1272
* 8
+3 80

fn=(3082) H5G_build_fullpath
292 144
+8 48
+7 112
+3 32
+6 112
+1 32
+3 32
cob=(2)
cfi=(18)
cfn=(1028)
calls=16 0 
* 3482
* 48
+4 16
fi=(194)
106 48
cob=(2)
cfi=(18)
cfn=(1436) 0x000000000488de70
calls=16 0 
* 688
fe=(226)
325 32
fi=(194)
136 64
cob=(2)
cfi=(18)
cfn=(2626) 0x00000000048889a0
calls=16 0 
* 960
fe=(226)
330 32
cob=(2)
cfi=(18)
cfn=(3086) 0x0000000004889140
calls=16 0 
* 4695
* 48
+5 144
-24 32

fn=(1494) H5G_name_free
650 48
+1 48
+5 48
+1 8
cob=(2)
cfi=(18)
cfn=(3118) 0x000000000488d9c0
calls=17 0 
* 659
+1 8
+2 48
+1 8
cob=(2)
cfi=(18)
cfn=(3118)
calls=17 0 
* 72
+1 8
+2 8
+3 24
-3 8
+3 24

fn=(3068) H5G_name_set
458 56
+3 48
+7 16
cob=(2)
cfi=(18)
cfn=(1490) 0x000000000488eae0
calls=8 0 
* 144
+3 24
+2 16
cob=(2)
cfi=(18)
cfn=(3070) 0x000000000488f610
calls=8 0 
* 6877
* 24
+5 24
+2 16
cob=(2)
cfi=(18)
cfn=(3070)
calls=8 0 
* 5562
* 24
-21 16
+27 32

fn=(3074) H5G_build_fullpath_refstr_str
353 48
+4 48
+6 16
cob=(2)
cfi=(18)
cfn=(3076) 0x00000000048882d0
calls=16 0 
* 675
* 16
+4 32
cfn=(3082)
calls=16 -75 
* 10801
+3 32

fn=(2902) H5G_name_copy
514 168
+1 72
+12 96
cob=(2)
cfi=(18)
cfn=(1102)
calls=24 0 
* 480
+3 48
+5 32
cob=(2)
cfi=(18)
cfn=(1364) 0x000000000488f6a0
calls=16 0 
* 176
+4 120
-8 16
cob=(2)
cfi=(18)
cfn=(2904) 0x000000000488c7e0
calls=8 0 
* 659
* 8
+1 16
cob=(2)
cfi=(18)
cfn=(2904)
calls=8 0 
* 80
* 16

fl=(295) /home/chogan/dev/hdf5/src/H5Gint.c
fn=(2840) H5G_oloc
560 8
+4 32

fn=(2846) H5G_nameof
583 8
+4 32

fl=(173) /home/chogan/dev/hdf5/src/H5TS.c
fn=(892) H5TS_mutex_lock
293 364
+5 156
cob=(2)
cfi=(18)
cfn=(894) 0x000000000488e8a0
calls=379 0 
* 1612
+2 104
+3 244
cob=(2)
cfi=(18)
cfn=(898) 0x000000000488b760
calls=150 0 
* 220
* 88
+2 132
+3 16
+4 8
cob=(2)
cfi=(18)
cfn=(898)
calls=229 0 
* 40
* 8
+1 8
+3 16
cob=(2)
cfi=(18)
cfn=(904) 0x000000000488f090
calls=229 0 
* 168
* 88
cob=(2)
cfi=(18)
cfn=(904)
calls=150 0 
* 924
+2 312

fn=(862) H5TS_cancel_count_inc
397 104
+8 156
cob=(2)
cfi=(18)
cfn=(864) 0x0000000004887f60
calls=378 0 
* 1092
+2 156
-4 52
+22 104
+5 156
+4 104
-7 24
cob=(2)
cfi=(18)
cfn=(882) 0x0000000004887de0
calls=289 0 
* 248
* 8

fn=(960) H5TS_mutex_unlock
343 260
+6 156
cob=(2)
cfi=(18)
cfn=(894)
calls=379 0 
* 1612
* 52
+2 104
+17 260
-14 156
+2 104
cob=(2)
cfi=(18)
cfn=(904)
calls=379 0 
* 1092
* 52
+2 104
+3 16
cob=(2)
cfi=(18)
cfn=(962) 0x0000000004888ea0
calls=229 0 
* 192
+1 16

fn=(972) H5TS_cancel_count_dec
461 104
+8 156
cob=(2)
cfi=(18)
cfn=(864)
calls=378 0 
* 1092
* 52
+2 104
-4 44
+7 132
+4 88
-4 24
+4 16
-6 24
cob=(2)
cfi=(18)
cfn=(882)
calls=289 0 
* 224
* 8

fl=(248) /home/chogan/dev/hdf5/src/H5CX.c
fn=(1988) H5CX__push_common
748 16
+1 8
cfn=(1990) H5CX__get_context
calls=97 -51 
* 272
+2 24
+6 24
+1 24
+1 24
+1 24
+1 24
+1 24
+1 8
+1 8
+3 16
+1 8
+3 16

fn=(3190) H5CX_get_vds_prefix
2741 40
+1 8
cfn=(1990)
calls=8 698 
* 272
* 8
+3 48
+8 24
+2 32
+18 16
+4 24
-34 8
+38 32
-25 24

fn=(2310) H5CX_get_tag
1659 436
+1 218
cfn=(1990)
calls=236 698 
* 7412
+7 436
+1 436

fn=(2342) H5CX_get_dxpl
1535 20
+1 10
cfn=(1990)
calls=21 698 
* 340
+7 20
+1 20

fn=(3184) H5CX_get_ext_file_prefix
2684 40
+1 8
cfn=(1990)
calls=8 698 
* 272
* 8
+3 48
+8 24
+2 32
+18 16
+4 24
-34 8
+38 32
-25 24

fn=(2316) H5CX_set_tag
2798 1248
+1 416
cfn=(1990)
calls=450 698 
* 14144
+2 1248
+5 832
+3 832

fn=(2688) H5CX_get_vol_wrap_ctx
1587 80
+1 16
cfn=(1990)
calls=55 698 
* 544
* 16
+3 96
+7 48
+2 16
-11 8
+17 64
-4 8
-13 16

fn=(1970) H5CX_push
788 16
+4 48
+3 16
cob=(2)
cfi=(18)
cfn=(1010)
calls=96 0 
* 2360
* 24
+4 8
cfn=(1988)
calls=96 -51 
* 520
-9 8
+13 16

fn=(2022) H5CX_set_apl
1293 48
+1 8
cfn=(1990)
calls=9 698 
* 272
* 8
+3 48
+8 16
+1 24
-11 8
+93 32

fn=(2694) H5CX_set_vol_wrap_ctx
1467 80
+1 16
cfn=(1990)
calls=54 698 
* 544
* 16
+3 96
+6 32
+3 32
-11 16
+15 64

fn=(2876) H5CX_get_nlinks
2576 40
+1 8
cfn=(1990)
calls=8 698 
* 272
* 8
+3 48
+7 72
+3 24
-12 8
+16 32
-7 32
cob=(2)
cfi=(18)
cfn=(1102)
calls=8 0 
* 176
* 8

fn=(3150) H5CX_set_nlinks
3081 40
+1 8
cfn=(1990)
calls=8 698 
* 272
* 8
+3 48
+6 16
+3 16
-11 8
+15 32

fn=(1996) H5CX_pop
3579 16
+4 48
+3 8
cfn=(1998) H5CX__pop_common
calls=96 -62 
* 360
* 24
+4 8
cob=(2)
cfi=(18)
cfn=(1112) 0x00000000048890b0
calls=96 0 
* 905
-9 8
+13 16

fn=(2376) H5CX_get_ring
1685 194
+1 97
cfn=(1990)
calls=99 698 
* 3298
+7 194
+1 194

fn=(1990)
698 829
+3 2487
+2 2487
cob=(2)
cfi=(18)
cfn=(864)
calls=1179 0 
* 17409
* 829
+2 1658
+25 2487

fn=(1998)
3524 8
+1 8
cfn=(1990)
calls=97 698 
* 272
+6 24
+24 8
+1 16
+6 24

fl=(235) /home/chogan/dev/hdf5/src/H5Olayout.c
fn=(3294) H5O__layout_decode
102 104
+6 24
+7 16
cob=(2)
cfi=(18)
cfn=(1010)
calls=8 0 
* 28927
* 24
+2 8
+2 40
+1 24
+3 16
532 16
cob=(2)
cfi=(18)
cfn=(1112)
calls=8 0 
* 56
+3 96
199 48
+3 56
+21 32
cob=(2)
cfi=(18)
cfn=(2458) 0x000000000488da00
calls=8 0 
* 1376
+3 24
cob=(2)
cfi=(18)
cfn=(2536)
calls=8 0 
* 48
* 40
cob=(2)
cfi=(18)
cfn=(2536)
calls=8 0 
* 48
* 128
cob=(2)
cfi=(18)
cfn=(2536)
calls=64 0 
* 384
* 872
cob=(2)
cfi=(18)
cfn=(2536)
calls=8 0 
* 48
* 16
+3 16
104 8
230 8

fn=(3308) H5O__layout_reset
835 24
+4 24
+2 16
+2 24
+2 16
+6 8
+1 8
-15 8
+20 16

fn=(1780) H5O__layout_copy
715 192
+5 72
+6 48
-9 24
+13 6864
+3 192
+43 48
+5 168

fl=(308) /home/chogan/dev/hdf5/src/H5Glink.c
fn=(3062) H5G__link_to_loc
376 56
+3 24
+12 32
+4 32
cob=(2)
cfi=(18)
cfn=(3064) 0x000000000488cfc0
calls=8 0 
* 13490
* 16
+4 32
+1 16
+1 24
+1 32
+4 32

fl=(216) /home/chogan/dev/hdf5/src/H5Pdcpl.c
fn=(3204) H5P__dcrt_ext_file_list_copy
1604 56
+5 24
+5 32
cob=(2)
cfi=(18)
cfn=(1768) 0x0000000004888740
calls=8 0 
* 520
* 16
+4 32
-11 8
+15 48

fn=(3206) H5P__dcrt_fill_value_copy
1188 56
+5 24
+5 32
cob=(2)
cfi=(18)
cfn=(1768)
calls=8 0 
* 648
* 16
+4 96
-11 8
+15 48

fn=(3306) H5P__dcrt_layout_del
695 8
+3 24
-3 8
+9 24
cob=(2)
cfi=(18)
cfn=(3130) 0x000000000488c020
calls=8 0 
* 504
* 16
-8 16
+13 16

fn=(3304) H5P__dcrt_layout_set
304 56
+5 24
+6 32
cob=(2)
cfi=(18)
cfn=(1768)
calls=8 0 
* 2768
* 16
+4 2288
-12 8
+16 48

fn=(3202) H5P__dcrt_layout_copy
728 56
+5 24
+5 32
cob=(2)
cfi=(18)
cfn=(1768)
calls=8 0 
* 2768
* 16
+4 2288
-11 8
+15 48

fn=(3320) H5P_fill_value_cmp
1227 48
+6 24
+8 32
+1 8
+3 24
+1 16
+1 16
+5 24
+1 16
+1 16
+5 32
+1 8
+3 32
+1 8
-33 16
+14 16
+7 16
+16 32

fl=(265) /home/chogan/dev/hdf5/src/H5FO.c
fn=(3196) H5FO_opened
113 24
+13 32
cob=(2)
cfi=(18)
cfn=(1176) 0x000000000488c400
calls=8 0 
* 901
* 16
+8 16

fn=(3332) H5FO_top_incr
430 40
+12 24
cob=(2)
cfi=(18)
cfn=(1176)
calls=8 0 
* 901
* 16
+19 24
-14 16
cob=(2)
cfi=(18)
cfn=(1028)
calls=8 0 
* 1478
* 24
+4 16
+1 8
+3 24
cob=(2)
cfi=(18)
cfn=(1070) 0x000000000488c490
calls=8 0 
* 4851
* 16
-23 16
+28 8

fn=(3326) H5FO_insert
160 80
+14 16
cob=(2)
cfi=(18)
cfn=(1028)
calls=8 0 
* 424
* 24
+4 8
+1 8
+1 8
+3 32
cob=(2)
cfi=(18)
cfn=(1070)
calls=8 0 
* 4061
* 16
-21 16
+26 48

fl=(319) /home/chogan/dev/hdf5/src/H5Dcontig.c
fn=(3296) H5D__contig_init
456 40
+5 24
+10 24
+25 8
+3 16
cob=(2)
cfi=(18)
cfn=(3298) 0x000000000488f0b0
calls=8 0 
* 707
+4 16
+7 32
-4 16
-47 16

fl=(314) /home/chogan/dev/hdf5/src/H5Osdspace.c
fn=(3246) H5O_sdspace_copy
300 48
+5 24
+4 16
-7 8
+11 32
cob=(2)
cfi=(18)
cfn=(3248) 0x000000000488a780
calls=8 0 
* 3577
* 24
+7 16
+5 40

fn=(3244) H5O__sdspace_decode
114 72
+6 24
+7 16
cob=(2)
cfi=(18)
cfn=(1010)
calls=8 0 
* 2016
* 24
+4 8
+1 24
+2 8
+3 16
+1 16
+4 16
+3 16
+1 24
+14 16
+4 16
+16 16
+3 24
-18 40
cob=(2)
cfi=(18)
cfn=(1028)
calls=8 0 
* 392
* 32
+3 16
+1 704
cob=(2)
cfi=(18)
cfn=(2536)
calls=64 0 
* 384
* 16
cob=(2)
cfi=(18)
cfn=(2536)
calls=8 0 
* 48
* 232
cob=(2)
cfi=(18)
cfn=(2536)
calls=8 0 
* 48
* 16
-1 56
+1 56
cob=(2)
cfi=(18)
cfn=(2536)
calls=8 0 
* 48
* 32
+2 16
+1 40
cob=(2)
cfi=(18)
cfn=(1028)
calls=8 0 
* 392
* 32
+2 16
+1 704
cob=(2)
cfi=(18)
cfn=(2536)
calls=64 0 
* 384
* 16
cob=(2)
cfi=(18)
cfn=(2536)
calls=8 0 
* 48
* 232
cob=(2)
cfi=(18)
cfn=(2536)
calls=8 0 
* 48
* 16
-1 40
+1 56
cob=(2)
cfi=(18)
cfn=(2536)
calls=8 0 
* 48
* 32
+9 40
-1 40
+5 8
+3 48
+6 72

fl=(208) /home/chogan/dev/hdf5/src/H5Plapl.c
fn=(3214) H5P__lacc_elink_fapl_copy
507 24
+4 24
+6 8
+3 16
-11 8
+22 16

fn=(3212) H5P__lacc_elink_pref_copy
828 24
+1 24
+4 16
cob=(2)
cfi=(18)
cfn=(1050) 0x000000000488a790
calls=8 0 
* 136
* 8
+3 24

fl=(261) /home/chogan/dev/hdf5/src/H5C.c
fn=(2400) H5C__verify_len_eoa
6438 108
+5 54
+7 54
+3 18
cob=(2)
cfi=(18)
cfn=(2402) 0x000000000488f400
calls=20 0 
* 5832
+1 36
+4 72
+4 108
+8 36
-29 36
+34 72

fn=(2488) H5C_pin_protected_entry
2111 2
+5 6
-5 1
+10 1
+13 2
+4 1
cfn=(2490) H5C__pin_entry_from_client
calls=2 3812 
* 9
* 2
-24 2
+36 2

fn=(2490)
3812 3
+8 2
+6 1
+6 1
-22 2

fn=(2522) H5C_unprotect
2963 1067
+17 582
+2 291
+1 194
+1 291
+1 194
+1 291
+1 291
+1 194
+5 194
+18 97
+1 388
+13 291
+22 194
+4 194
+3 97
+1 97
+29 194
+4 291
+2 194
+9 388
+34 194
+4 194
+9 1648
+2 32
+5 64
-5 65
+5 130
+15 194
-51 194
+29 1618
+75 776
2978 194

fn=(2396) H5C_load_entry
6504 140
+1 10
+12 30
+22 30
cfi=(302)
cfn=(2986)
calls=1 691 
* 8
cfi=(302)
cfn=(2960)
calls=9 177 
* 63
* 20
+5 20
+1 54
cfn=(2400)
calls=10 6438 
* 3213
* 18
+4 20
cob=(2)
cfi=(18)
cfn=(1028)
calls=11 0 
* 2252
* 30
+16 20
6702 50
cfi=(302)
cfn=(2990)
calls=1 768 
* 2298
cfi=(302)
cfn=(2968)
calls=9 311 
* 23081
* 30
+26 10
+1 40
+1 20
+1 20
+2 10
+1 40
+1 10
+1 10
+1 10
+1 10
+1 10
+1 10
+1 10
+1 10
+1 10
+6 10
+1 10
+2 10
+3 10
+1 10
+1 10
+1 10
+1 10
+1 10
+1 10
+1 10
+1 10
+1 10
+2 10
+1 10
+13 10
+1 10
+1 10
+1 10
+1 10
+1 10
+1 10
+1 10
+1 10
+1 10
+1 10
+1 10
+5 10
+1 10
+1 10
+4 10
+4 20
+9 120
6569 20
+6 20
cob=(2)
cfi=(18)
cfn=(2408) 0x00000000048883b0
calls=11 0 
* 60
* 20
-3 10
-2 20
+17 20
+39 54
cfn=(2400)
calls=10 6438 
* 3213
* 18
+4 27
cob=(2)
cfi=(18)
cfn=(1084)
calls=10 0 
* 1968
* 27
+7 36
-5 9
+41 30
+4 40
cfi=(302)
cfn=(2988)
calls=1 724 
* 531
cfi=(302)
cfn=(2966)
calls=9 249 
* 14749
* 20
+2 20
-94 30
+12 60
cob=(2)
cfi=(18)
cfn=(2414) 0x000000000488a9b0
calls=11 0 
* 6290
* 20
+20 38
+2 18
+1 36
cfi=(302)
cfn=(2962)
calls=9 206 
* 4946
* 18
+4 27
+64 20
+5 30
+5 40

fn=(2394) H5C_protect
2181 1552
+17 582
+6 194
+16 194
+6 194
+1 194
+3 97
cob=(2)
cfi=(18)
cfn=(2372) 0x0000000004888240
calls=98 0 
* 4171
* 97
+8 1492
+2 194
+1 174
+5 174
+14 348
-68 87
-7 87
2332 87
2484 291
2341 50
cfn=(2396)
calls=11 6504 
* 64552
* 30
+7 10
+1 30
cfi=(157)
cfn=(2354) __addvdi3
calls=11 0 
* 110
* 10
+2 10
+7 30
cob=(2)
cfi=(18)
cfn=(2470) 0x000000000488cd70
calls=11 0 
* 9894
* 20
+6 20
+1 20
-1 20
+7 40
+3 20
+6 40
+1 30
-1 20
+4 20
-1 20
+77 30
+2 400
+2 20
+10 40
2185 20
2462 80
+12 102
+4 16
-4 10
+4 4
-4 6
+19 832
+2 1
+2 2
-4 480
+2 96
+2 192
+1 97
+1 97
+3 97
+3 291
cfi=(157)
cfn=(2354)
calls=98 0 
* 1067
* 649
cfi=(157)
cfn=(2354)
calls=87 0 
* 957
* 87
+6 388
+1 194
+1 194
-20 1858
+83 194
+4 50
+1 20
cfi=(302)
cfn=(2998)
calls=1 925 
* 20
cfi=(302)
cfn=(2984)
calls=9 567 
* 162
-1 20
+22 1164

fl=(296) /home/chogan/dev/hdf5/src/H5Fmount.c
fn=(2852) H5F_is_mount
413 8
+3 32
+4 16
+3 8
+3 8

fn=(3102) H5F_traverse_mount
721 72
+1 8
+7 64
+17 48
+11 16
+22 16
-35 40
-17 8
+56 64

fl=(157)
fn=(1082)
0 23635

fn=(2354)
0 2516

fn=(2982)
0 624

fn=(1504)
0 108

fl=(316) /home/chogan/dev/hdf5/src/H5Sall.c
fn=(3270) H5S_select_all
1166 48
+3 48
+6 16
+5 16
+3 16
-16 8
+20 32

fl=(280) /home/chogan/dev/hdf5/src/H5RS.c
fn=(3122) H5RS_decr
223 16
+8 64
+7 32

fn=(3080) H5RS_get_str
456 16
+7 16
+1 16

fn=(3090) H5RS_own
183 80
+6 32
cob=(2)
cfi=(18)
cfn=(1028)
calls=16 0 
* 3796
* 48
+4 16
+1 16
+1 32
+4 80

fn=(2908) H5RS_dup
305 32
+4 32
+2 48
+3 16

fl=(311) /home/chogan/dev/hdf5/src/H5Oshared.h
fn=(3216) H5O_dtype_shared_decode
51 40
+3 24
+13 16
+15 16
cfi=(312)
cfn=(3218)
calls=8 1110 
* 6035
* 24
+6 40

fn=(3314) H5O_fill_new_shared_decode
51 40
+3 24
+13 16
+15 16
cfi=(237) /home/chogan/dev/hdf5/src/H5Ofill.c
cfn=(3316) H5O_fill_new_decode
calls=8 200 
* 2032
* 24
+6 40

fn=(3242) H5O_sdspace_shared_decode
51 40
+3 24
+13 16
+15 16
cfi=(314)
cfn=(3244)
calls=8 +32 
* 6800
* 24
+6 40

fl=(304)
fn=(2978)
95 7
+4 3
+7 2
cob=(2)
cfi=(18)
cfn=(1028)
calls=1 0 
* 200
* 3
+4 4
cob=(2)
cfi=(18)
cfn=(2458)
calls=1 0 
* 172
+1 3
cob=(2)
cfi=(18)
cfn=(2536)
calls=1 0 
* 6
* 92
cob=(2)
cfi=(18)
cfn=(2536)
calls=8 0 
* 48
* 2
cob=(2)
cfi=(18)
cfn=(2536)
calls=1 0 
* 6
* 29
cob=(2)
cfi=(18)
cfn=(2536)
calls=1 0 
* 6
+1 1
+7 6

fl=(313) /home/chogan/dev/hdf5/src/H5S.c
fn=(3278) H5S_get_simple_extent_dims
1074 56
+3 48
+6 32
cob=(2)
cfi=(18)
cfn=(3280) 0x000000000488c150
calls=8 0 
* 1155
* 16
+5 32

fn=(3258) H5S__extent_release
427 24
+1 24
+5 16
+8 24

fn=(3252) H5S__extent_copy_real
650 56
+4 24
+3 16
cob=(2)
cfi=(18)
cfn=(3254) 0x0000000004889440
calls=8 0 
* 755
* 16
+4 16
+1 16
+1 16
+1 16
+2 24
+31 24
cob=(2)
cfi=(18)
cfn=(3260) 0x0000000004887ea0
calls=8 0 
* 723
* 16
-45 16
+50 32
-28 16
+1 40
cob=(2)
cfi=(18)
cfn=(1028)
calls=8 0 
* 392
* 8
+1 16
+1 40
-1 40
+5 32
+1 40
cob=(2)
cfi=(18)
cfn=(1028)
calls=8 0 
* 392
* 8
+1 40
+1 40
-1 16

fn=(3240) H5S__init_package
123 1
+3 3
-3 1
+6 2
cob=(2)
cfi=(18)
cfn=(1004) 0x0000000004888850
calls=1 0 
* 514
* 2
+4 2
cob=(2)
cfi=(18)
cfn=(1004)
calls=1 0 
* 514
* 2
+4 1
-13 1
+17 2

fn=(3234) H5S_read
1174 40
+4 51
+5 16
cob=(2)
cfi=(18)
cfn=(1010)
calls=8 0 
* 2161
* 24
+3 32
cob=(2)
cfi=(18)
cfn=(3012) 0x000000000488b310
calls=8 0 
* 19169
* 16
+4 24
cob=(2)
cfi=(18)
cfn=(3266) 0x000000000488be40
calls=8 0 
* 835
* 16
+12 40
-24 3
cob=(2)
cfi=(18)
cfn=(3236) 0x0000000004888560
calls=1 0 
* 1682
* 2

fn=(3284) H5S_extent_get_dims
1018 72
+4 48
+5 24
+28 56
-21 8
+1 32
cfi=(157)
cfn=(1082)
calls=8 0 
* 88
* 40
+1 16
+1 32
+1 16
+1 24
+1 32

fl=(205) /home/chogan/dev/hdf5/src/H5Pocpl.c
fn=(2122) H5P__ocrt_pipeline_copy
1684 56
+5 24
+6 32
cob=(2)
cfi=(18)
cfn=(1768)
calls=9 0 
* 608
* 16
+4 80
-12 8
+16 48

fl=(198) /home/chogan/dev/hdf5/src/H5SL.c
fn=(1180) H5SL_search
1394 2340
+5 702
+14 234
+1 1872
+6 1405
cfi=(157)
cfn=(1082)
calls=53 0 
* 468
* 357
+4 352
+36 2106
-36 352
cob=(2)
cfi=(18)
cfn=(1182) 0x000000000488e260
calls=1045 0 
* 27104
* 552
cob=(2)
cfi=(18)
cfn=(948) 0x000000000488d060
calls=207 0 
* 184
* 9624
cfi=(157)
cfn=(1082)
calls=1990 0 
* 3840
* 2776
cob=(2)
cfi=(18)
cfn=(948)
calls=157 0 
* 184
* 32
+20 2512
cfi=(157)
cfn=(1082)
calls=3127 0 
* 1272
* 914
+12 80

fn=(1044) H5SL_new_node
707 2776
+3 1041
+3 694
cob=(2)
cfi=(18)
cfn=(1028)
calls=1640 0 
* 60535
* 1041
+4 347
+1 347
+1 347
+1 347
+1 347
+1 1388
cob=(2)
cfi=(18)
cfn=(1028)
calls=1640 0 
* 38994
* 1388
+4 347
+4 2429

fn=(1218) H5SL_item
2137 176
+12 176
+1 176

fn=(1224) H5SL_next
2025 176
+12 352
+1 176

fn=(1234) H5SL_release_common
876 128
+4 48
+9 48
+1 16
+8 352
cob=(2)
cfi=(18)
cfn=(1112)
calls=875 0 
* 17412
* 176
+1 352
cob=(2)
cfi=(18)
cfn=(1112)
calls=875 0 
* 17772
+1 176
-10 384
+1 352
+3 352
+10 48
cob=(2)
cfi=(18)
cfn=(1112)
calls=185 0 
* 1504
* 16
+1 80
cob=(2)
cfi=(18)
cfn=(1028)
calls=185 0 
* 784
* 48
+2 48
+1 32
+1 32
+3 32
+3 16
+1 16
-38 16
+42 96

fn=(1020) H5SL_create
994 300
+5 300
+6 100
cob=(2)
cfi=(18)
cfn=(1028)
calls=185 0 
* 4561
* 150
+4 50
+2 50
+3 50
+1 50
+1 50
+3 200
cfn=(1044)
calls=185 707 
* 12390
* 100
+4 100
+3 50
+3 50
+1 50
+13 250

fn=(1074) H5SL_insert
1105 297
+3 891
-3 297
+16 297
cfn=(1076) H5SL_insert_common
calls=1455 756 
* 260024
* 594
-15 594
+20 594

fn=(1076)
756 2970
+6 891
+14 297
+1 2673
+44 594
+4 1188
cfn=(1044)
calls=1455 707 
* 99978
* 891
+4 297
+1 1188
+1 594
+1 1188
+1 48
+7 144
+3 48
+4 432
-7 747
+3 249
+4 2241
-64 721
cfi=(157)
cfn=(1082)
calls=65 0 
* 715
* 1375
cob=(2)
cfi=(18)
cfn=(1028)
calls=11 0 
* 1339
* 77
cob=(2)
cfi=(18)
cfn=(1102)
calls=11 0 
* 240
* 22
cob=(2)
cfi=(18)
cfn=(1112)
calls=11 0 
* 1034
* 189
cfi=(157)
cfn=(1082)
calls=7 0 
* 84
* 44
cfi=(157)
cfn=(1082)
calls=4 0 
* 48
* 162
cfi=(157)
cfn=(1082)
calls=27 0 
* 324
* 460
cob=(2)
cfi=(18)
cfn=(1028)
calls=4 0 
* 212
* 32
cob=(2)
cfi=(18)
cfn=(1102)
calls=4 0 
* 86
* 12
cob=(2)
cfi=(18)
cfn=(1112)
calls=4 0 
* 376
* 40
cfi=(157)
cfn=(1082)
calls=4 0 
* 44
* 70
+4 480
cob=(2)
cfi=(18)
cfn=(1182)
calls=875 0 
* 35864
* 9368
cfi=(157)
cfn=(1082)
calls=2606 0 
* 6336
* 12256
cob=(2)
cfi=(18)
cfn=(1028)
calls=356 0 
* 15187
* 672
cob=(2)
cfi=(18)
cfn=(1102)
calls=356 0 
* 2080
* 192
cob=(2)
cfi=(18)
cfn=(1112)
calls=356 0 
* 9024
* 1488
cfi=(157)
cfn=(1082)
calls=238 0 
* 576
* 576
cfi=(157)
cfn=(1082)
calls=129 0 
* 576
* 1792
cfi=(157)
cfn=(1082)
calls=1231 0 
* 3072
* 4336
cob=(2)
cfi=(18)
cfn=(1028)
calls=124 0 
* 3364
* 384
cob=(2)
cfi=(18)
cfn=(1102)
calls=124 0 
* 1024
* 144
cob=(2)
cfi=(18)
cfn=(1112)
calls=124 0 
* 4512
* 480
cfi=(157)
cfn=(1082)
calls=124 0 
* 528
* 1104
+20 2104
cfi=(157)
cfn=(1082)
calls=4714 0 
* 2310
* 4199
cob=(2)
cfi=(18)
cfn=(1028)
calls=465 0 
* 3561
* 161
cob=(2)
cfi=(18)
cfn=(1102)
calls=468 0 
* 492
* 46
cob=(2)
cfi=(18)
cfn=(1112)
calls=468 0 
* 2162
* 569
cfi=(157)
cfn=(1082)
calls=489 0 
* 288
* 33
cfi=(157)
cfn=(1082)
calls=129 0 
* 36
* 576
cfi=(157)
cfn=(1082)
calls=2123 0 
* 1152
* 1211
cob=(2)
cfi=(18)
cfn=(1028)
calls=12 0 
* 270
* 16
cob=(2)
cfi=(18)
cfn=(1102)
calls=12 0 
* 43
* 6
cob=(2)
cfi=(18)
cfn=(1112)
calls=12 0 
* 188
* 20
cfi=(157)
cfn=(1082)
calls=12 0 
* 22
* 8
cfi=(157)
cfn=(1082)
calls=117 0 
* 11
* 79
-48 114
+63 70
+14 498

fn=(1230) H5SL_close
2557 16
+1 48
-1 16
+10 48
cfn=(1232) H5SL_close_common
calls=90 948 
* 45888
+3 48

fn=(1212) H5SL_first
1988 32
+12 96
+1 32

fn=(2120) H5SL_count
1066 32
+12 32
+1 32

fn=(1232)
948 64
+3 48
+9 32
cfn=(1234)
calls=185 -84 
* 40336
* 32
+4 48
cob=(2)
cfi=(18)
cfn=(1112)
calls=185 0 
* 1504
* 16
+1 32
cob=(2)
cfi=(18)
cfn=(1112)
calls=185 0 
* 1824
* 16
+3 32
cob=(2)
cfi=(18)
cfn=(1112)
calls=185 0 
* 1824
-19 16
+23 64

fl=(305) /home/chogan/dev/hdf5/src/H5Olinfo.c
fn=(3026) H5O_linfo_copy
247 48
+5 24
+4 16
+4 48
+3 8
+4 32

fn=(3024) H5O__linfo_decode
117 7
+5 3
+7 5
+4 2
cob=(2)
cfi=(18)
cfn=(1028)
calls=1 0 
* 53
* 3
+4 4
+1 3
+2 2
+1 3
+3 1
+3 2
+6 5
cob=(2)
cfi=(18)
cfn=(2458)
calls=1 0 
* 165
+3 4
cob=(2)
cfi=(18)
cfn=(2458)
calls=1 0 
* 165
+3 2
+3 1
+11 6
-23 2

fl=(297) /home/chogan/dev/hdf5/src/H5Gtraverse.c
fn=(2870) H5G_traverse
822 120
+4 48
+3 32
+2 16
+2 16
+8 16
cob=(2)
cfi=(18)
cfn=(2872) 0x000000000488f260
calls=8 0 
* 1395
* 16
+10 32
cob=(2)
cfi=(18)
cfn=(2300) 0x000000000488c4a0
calls=8 0 
* 888
+3 48
cfn=(2878) H5G__traverse_real
calls=8 475 
* 102361
* 16
+4 24
cob=(2)
cfi=(18)
cfn=(2300)
calls=8 0 
* 528
+3 16
cob=(2)
cfi=(18)
cfn=(3146) 0x000000000488b560
calls=8 0 
* 1107
* 16
-37 16
+42 80

fn=(2878)
475 112
+12 8
+8 24
+12 16
+12 16
+1 16
+4 16
+1 16
+1 16
+1 16
+4 16
cob=(2)
cfi=(18)
cfn=(2578) 0x000000000488f380
calls=8 0 
* 360
* 16
+5 32
cob=(2)
cfi=(18)
cfn=(2880) 0x000000000488d750
calls=8 0 
* 4356
* 16
+5 16
cob=(2)
cfi=(18)
cfn=(2578)
calls=8 0 
* 360
* 16
+4 24
cob=(2)
cfi=(18)
cfn=(2910) 0x0000000004889ff0
calls=8 0 
* 1235
* 24
+4 72
cob=(2)
cfi=(18)
cfn=(2916) 0x000000000488c1f0
calls=8 0 
* 787
* 24
-57 8
-7 24
781 16
+4 32
+2 32
+4 16
+5 32
cob=(2)
cfi=(18)
cfn=(3140) 0x000000000488d710
calls=8 0 
* 1467
* 16
+4 96
575 16
+21 32
cob=(2)
cfi=(18)
cfn=(3058) 0x000000000488d400
calls=8 0 
* 14437
* 16
+5 8
+4 56
cob=(2)
cfi=(18)
cfn=(3092) 0x000000000488b160
calls=8 0 
* 2054
* 16
-7 8
-5 16
+22 16
+2 16
+1 8
-2 16
+13 48
cfi=(279) /home/chogan/dev/hdf5/src/H5Gloc.c
cfn=(3104) H5G__loc_find_cb
calls=8 410 
* 2003
* 16
+3 16
-94 16
+15 16
cob=(2)
cfi=(18)
cfn=(2922) 0x0000000004889bb0
calls=8 0 
* 2075
* 40
+9 32
cob=(2)
cfi=(18)
cfn=(1102)
calls=8 0 
* 200
+1 24
+5 16
+6 32
cob=(2)
cfi=(18)
cfn=(2922)
calls=8 0 
* 160
* 32
+4 16
+6 32
cob=(2)
cfi=(18)
cfn=(2936) 0x000000000488bd90
calls=8 0 
* 67103
* 24
+2 8
+3 8
+21 16
788 16
cob=(2)
cfi=(18)
cfn=(3112) 0x0000000004889de0
calls=8 0 
* 2409
* 8
+4 24
cob=(2)
cfi=(18)
cfn=(3130)
calls=8 0 
* 1891
* 16

fn=(3096) H5G__traverse_special
366 136
+4 24
+11 16
+25 16
+31 40
+2 8
cob=(2)
cfi=(18)
cfn=(3098) 0x00000000048887c0
calls=8 0 
* 995
* 16
+8 24
-79 8
+85 88

fl=(238) /home/chogan/dev/hdf5/src/H5Opline.c
fn=(1792) H5O_pline_copy
364 80
+6 24
+3 16
-7 8
+11 80
+3 16
+1 16
+42 8
+3 8
+3 48
+7 72

fl=(274) /home/chogan/dev/hdf5/src/H5Ctag.c
fn=(2474) H5C__tag_entry
220 100
+5 30
+8 10
cob=(2)
cfi=(18)
cfn=(2306) 0x000000000488a610
calls=11 0 
* 430
* 10
+2 20
+20 30
cob=(2)
cfi=(18)
cfn=(1176)
calls=11 0 
* 1286
* 10
+3 20
+21 20
+1 10
+1 30
+1 1
+1 1
+1 3
-61 1
+65 3
-5 9
+1 27
-61 9
+65 77
-28 18
cob=(2)
cfi=(18)
cfn=(1010)
calls=10 0 
* 2364
* 27
+4 18
+3 36
cob=(2)
cfi=(18)
cfn=(1070)
calls=10 0 
* 5256
* 18

fl=(301) /home/chogan/dev/hdf5/src/H5Gobj.c
fn=(2946) H5G__obj_get_linfo
314 80
+4 32
cob=(2)
cfi=(18)
cfn=(2300)
calls=8 0 
* 888
* 24
+7 24
cob=(2)
cfi=(18)
cfn=(2948) 0x000000000488aec0
calls=8 0 
* 24319
* 24
+2 8
+31 24
cob=(2)
cfi=(18)
cfn=(2300)
calls=8 0 
* 528
+1 72
-30 32
cob=(2)
cfi=(18)
cfn=(3012)
calls=8 0 
* 10801
* 16
+4 16
+2 16
+12 24
cob=(2)
cfi=(18)
cfn=(3028) 0x0000000004889e50
calls=8 0 
* 6779
* 16

fn=(2940) H5G__obj_lookup
1112 88
+5 32
cob=(2)
cfi=(18)
cfn=(2300)
calls=8 0 
* 888
* 24
+7 24
cob=(2)
cfi=(18)
cfn=(2942) 0x000000000488c530
calls=8 0 
* 44382
* 16
+2 8
+2 16
+7 32
cob=(2)
cfi=(18)
cfn=(3034) 0x0000000004889070
calls=8 0 
* 20302
* 24
+10 24
cob=(2)
cfi=(18)
cfn=(2300)
calls=8 0 
* 528
+1 72

fl=(202) /home/chogan/dev/hdf5/src/H5VLint.c
fn=(2660) H5VL_register
713 80
+4 48
+8 40
cfn=(2662) H5VL__new_vol_obj
calls=9 563 
* 2560
* 24
+4 24
cob=(2)
cfi=(18)
cfn=(1064) 0x000000000488aab0
calls=9 0 
* 6131
* 16
+5 48

fn=(2682) H5VL_set_vol_wrapper
2163 56
+1 8
+3 48
cob=(2)
cfi=(18)
cfn=(820) 0x000000000488da50
calls=27 0 
* 64
* 8
cob=(2)
cfi=(18)
cfn=(858) 0x000000000488a840
calls=27 0 
* 312
* 16
cob=(2)
cfi=(18)
cfn=(888) 0x0000000004889aa0
calls=27 0 
* 712
* 24
+6 16
cob=(2)
cfi=(18)
cfn=(2684) 0x000000000488cc40
calls=27 0 
* 472
* 16
+4 24
+34 16
cob=(2)
cfi=(18)
cfn=(2690) 0x000000000488d7f0
calls=27 0 
* 464
* 16
-46 8
+54 16
cob=(2)
cfi=(18)
cfn=(956) 0x000000000488d370
calls=27 0 
* 624
* 8
cob=(2)
cfi=(18)
cfn=(968) 0x0000000004889b20
calls=27 0 
* 296
+1 56
-42 8
+7 40
+10 16
cob=(2)
cfi=(18)
cfn=(1028)
calls=27 0 
* 1447
* 24
+4 16
cfn=(2664) H5VL__conn_inc_rc
calls=27 906 
* 184
+3 16
+1 24
+1 24

fn=(2706) H5VL__free_vol_wrapper
2123 16
+3 24
+9 24
+6 16
cfn=(2708) H5VL__conn_dec_rc
calls=27 933 
* 248
* 16
+4 16
cob=(2)
cfi=(18)
cfn=(1112)
calls=27 0 
* 752
-21 8
+25 16

fn=(2708)
933 32
+3 24
+6 24
cfi=(157)
cfn=(2354)
calls=37 0 
* 96
* 16
+3 16
+14 40

fn=(2662)
563 72
+5 24
+7 48
+5 16
cob=(2)
cfi=(18)
cfn=(1010)
calls=10 0 
* 2056
* 24
+2 8
+1 16
+5 8
+3 16
cfn=(2664)
calls=9 906 
* 184
+4 16
+9 16
+6 56

fn=(2664)
906 32
+1 48
+6 48
cfi=(157)
cfn=(2354)
calls=37 0 
* 176
* 16
+2 16
+1 32

fn=(2704) H5VL_reset_vol_wrapper
2308 48
+1 8
+3 48
cob=(2)
cfi=(18)
cfn=(820)
calls=27 0 
* 64
* 8
cob=(2)
cfi=(18)
cfn=(858)
calls=27 0 
* 312
* 16
cob=(2)
cfi=(18)
cfn=(888)
calls=27 0 
* 712
* 24
+3 16
cob=(2)
cfi=(18)
cfn=(2684)
calls=27 0 
* 472
* 16
+4 24
+4 24
+3 24
+2 8
cfn=(2706)
calls=27 2123 
* 1136
* 16
+4 16
cob=(2)
cfi=(18)
cfn=(2690)
calls=27 0 
* 464
* 16
-22 16
+31 16
cob=(2)
cfi=(18)
cfn=(956)
calls=27 0 
* 624
* 8
cob=(2)
cfi=(18)
cfn=(968)
calls=27 0 
* 296
+1 56

fl=(197) /home/chogan/dev/hdf5/src/H5MM.c
fn=(1106) H5MM_memcpy
609 1092
fi=(194)
34 546
cob=(2)
cfi=(18)
cfn=(1108) 0x000000000488f1c0
calls=2040 -34 
* 56447
fe=(197)
626 1092

fn=(1032) H5MM_malloc
268 1334
+19 2668
-19 1334
+54 1334
cob=(2)
cfi=(18)
cfn=(1034) 0x0000000004889700
calls=7755 0 
* 178557
+7 2668

fn=(1088) H5MM_realloc
400 56
+6 336
-6 112
+32 56
cob=(2)
cfi=(18)
cfn=(1090) 0x000000000488e900
calls=61 0 
* 10176
+3 112
+6 112

fn=(1116) H5MM_xfree
528 729
+4 1458
-4 705
+32 705
cob=(2)
cfi=(18)
cfn=(1118) 0x000000000488a950
calls=8269 0 
* 62920
+5 2163

fn=(1014) H5MM_calloc
355 117
+6 234
-6 117
+11 351
cob=(2)
cfi=(18)
cfn=(870) 0x000000000488db30
calls=493 0 
* 54313
+7 234

fn=(1054) H5MM_xstrdup
459 160
+5 64
+1 56
cob=(2)
cfi=(18)
cfn=(1028)
calls=310 0 
* 1958
* 24
fi=(194)
90 24
cob=(2)
cfi=(18)
cfn=(1058) 0x000000000488d520
calls=310 -90 
* 268
fe=(197)
472 160
-12 48
+11 24

fl=(253) /home/chogan/dev/hdf5/src/H5FDint.c
fn=(2290) H5FD_get_eoa
307 108
+3 108
+5 72
cfi=(213) /home/chogan/dev/hdf5/src/H5FDsec2.c
cfn=(2292) H5FD_sec2_get_eoa
calls=22 565 
* 4878
* 54
+4 18
+4 90

fn=(2336) H5FD_read
156 130
+4 60
+8 10
cob=(2)
cfi=(18)
cfn=(2338) 0x000000000488a930
calls=21 0 
* 430
* 10
+8 20
+10 20
+3 40
cfi=(213)
cfn=(2292)
calls=21 565 
* 2710
* 20
+3 50
+5 90
cfi=(213)
cfn=(2344) H5FD_sec2_read
calls=21 677 
* 990
* 20
-39 20
+44 80

fl=(303) /home/chogan/dev/hdf5/src/H5Oalloc.c
fn=(2976) H5O__alloc_msgs
450 259
+6 111
+6 37
+1 148
+3 148
cob=(2)
cfi=(18)
cfn=(1084)
calls=37 0 
* 7940
* 74
+4 37
+1 37
+3 185
fi=(194)
71 74
cob=(2)
cfi=(18)
cfn=(2562) 0x0000000004888330
calls=37 -71 
* 788
fe=(303)
454 37
+24 222

fl=(223) /home/chogan/dev/hdf5/src/H5T.c
fn=(1390) H5T_copy
3632 48
+5 48
+6 16
cfn=(1392) H5T__initiate_copy
calls=494 3335 
* 2718
* 24
+4 32
+26 56
cfn=(1394) H5T__complete_copy
calls=451 3446 
* 912
* 16
+15 40
-27 32
+2 16
+2 16

fn=(1394)
3446 88
+6 24
+4 16
3587 24
cob=(2)
cfi=(18)
cfn=(1356) 0x0000000004888760
calls=494 0 
* 88
* 16
+2 24
cob=(2)
cfi=(18)
cfn=(1364)
calls=494 0 
* 88
* 16
+3 40
+10 56
+1 16
-1 16
+1 16
+10 64
3458 32
+4 32
cfi=(157)
cfn=(1082)
calls=494 0 
* 96
* 16
3609 24
cob=(2)
cfi=(18)
cfn=(1372) 0x0000000004887c70
calls=494 0 
* 104
3450 16

fn=(1354) H5T__alloc
3854 16
+4 24
+3 16
cob=(2)
cfi=(18)
cfn=(1010)
calls=55 0 
* 2016
* 24
+2 16
cob=(2)
cfi=(18)
cfn=(1356)
calls=55 0 
* 88
+1 16
cob=(2)
cfi=(18)
cfn=(1364)
calls=55 0 
* 88
+1 24
cob=(2)
cfi=(18)
cfn=(1372)
calls=55 0 
* 104
+3 16
cob=(2)
cfi=(18)
cfn=(1010)
calls=55 0 
* 2147
* 24
+2 8
+3 8
+14 24

fn=(1400) H5T_set_loc
5616 88
+6 48
+6 24
-10 8
5748 72

fn=(1392)
3335 32
+4 24
+3 16
cob=(2)
cfi=(18)
cfn=(1028)
calls=494 0 
* 1600
* 24
+2 16
cob=(2)
cfi=(18)
cfn=(1028)
calls=494 0 
* 566
* 24
+4 352
+3 8
+1 16
+14 40

fl=(271) /home/chogan/dev/hdf5/src/H5Fio.c
fn=(2418) H5F_block_read
140 110
+4 60
+9 90
+4 20
+3 50
cob=(2)
cfi=(18)
cfn=(2420) 0x0000000004889ae0
calls=12 0 
* 5840
* 20
-18 20
+23 60

fn=(2442) H5F_get_checksums
395 30
+1 30
+7 20
+4 10
+3 140
+4 20
+1 30
cob=(2)
cfi=(18)
cfn=(2444) 0x00000000048895d0
calls=11 0 
* 14673
* 10
+3 30

fl=(298) /home/chogan/dev/hdf5/src/H5WB.c
fn=(3144) H5WB_unwrap
267 24
+10 40
+8 16
cob=(2)
cfi=(18)
cfn=(1112)
calls=8 0 
* 752
+3 24

fn=(2920) H5WB_actual
161 48
+12 24
+13 16
+10 16
+1 8
+4 8
+4 16
+1 8
+3 40

fn=(2914) H5WB_wrap
107 48
+13 16
cob=(2)
cfi=(18)
cfn=(1028)
calls=8 0 
* 424
* 24
+4 8
+1 8
+3 8
+1 8
+1 8
+3 8
+4 48
+4 40

fl=(252) /home/chogan/dev/hdf5/src/H5Fint.c
fn=(2462) H5F_addr_decode
2616 19
+2 57
-2 19
+6 57
cob=(2)
cfi=(18)
cfn=(2464) 0x000000000488b7c0
calls=23 0 
* 3026
+3 38

fn=(2594) H5F_incr_nopen_objs
2324 8
+6 24
+1 8

fn=(2468) H5F_addr_decode_len
2552 19
+5 57
+7 19
+3 19
-14 19
+14 684
+4 608
+3 304
+1 136
+2 304
+1 152
+3 304
+3 304
+10 38
+1 2
+3 19

fl=(307) /home/chogan/dev/hdf5/src/H5Olink.c
fn=(3056) H5O_link_copy
411 64
+5 24
+4 16
-7 8
+11 48
+4 16
cob=(2)
cfi=(18)
cfn=(1050)
calls=8 0 
* 2442
* 32
+4 24
+4 16
+12 16
+9 56

fn=(3138) H5O__link_reset
552 24
+3 24
+2 16
+2 24
+2 16
+4 16
cob=(2)
cfi=(18)
cfn=(1112)
calls=16 0 
* 752
* 8
+4 24

fn=(3052) H5O__link_decode
123 56
+6 24
+7 40
266 48
140 16
cob=(2)
cfi=(18)
cfn=(1010)
calls=8 0 
* 1576
* 24
+4 32
+1 16
+4 16
+10 16
-3 16
+13 16
-5 8
+1 16
+11 8
+3 48
+2 32
+1 8
+17 16
+4 16
cob=(2)
cfi=(18)
cfn=(1028)
calls=8 0 
* 1826
* 32
+2 24
cob=(2)
cfi=(18)
cfn=(1102)
calls=8 0 
* 200
+1 24
+1 16
+3 24
+3 32
cob=(2)
cfi=(18)
cfn=(2458)
calls=8 0 
* 1376
+1 8

fl=(206) /home/chogan/dev/hdf5/src/H5checksum.c
fn=(2448) H5_checksum_metadata
461 20
+9 10
cob=(2)
cfi=(18)
cfn=(2450) 0x000000000488cd20
calls=11 0 
* 14603
+1 20

fn=(1186) H5_hash_string
491 416
+1 416
+8 23200
+1 26920
-1 10768
+4 416

fn=(2454) H5_checksum_lookup3
373 10
+11 30
+3 422
+2 402
+1 603
+1 603
+1 603
+1 402
+1 603
+1 603
+1 603
+1 402
+1 603
+1 603
+1 603
+1 6432
+1 201
+1 402
+4 50
+4 3
+2 3
+2 2
+2 3
+2 3
+2 3
+2 2
+2 3
+2 3
+2 3
+2 2
+7 27
+4 1
-17 24
+2 24
+2 24
+2 16
+7 216
+4 8
-13 3
+2 2
+7 27
+4 1

fl=(273) /home/chogan/dev/hdf5/src/H5Faccum.c
fn=(2430) H5F__accum_read
116 130
+4 30
+7 10
+3 40
+6 20
+5 80
+1 30
+1 40
+68 60
cob=(2)
cfi=(18)
cfn=(2332) 0x000000000488ec80
calls=12 0 
* 4720
* 20
-93 20
266 80

fl=(279)
fn=(3104)
410 40
+4 24
+3 16
+7 24
cob=(2)
cfi=(18)
cfn=(2880)
calls=8 0 
* 1867
+1 8
-13 8
+17 16

fn=(2864) H5G_loc_find
446 88
+4 48
+8 8
+3 48
cob=(2)
cfi=(18)
cfn=(2866) 0x000000000488ec30
calls=8 0 
* 107418
* 16
-13 16
+18 64

fn=(2822) H5G_loc_real
165 56
+3 48
+2 56
+6 24
cob=(2)
cfi=(18)
cfn=(2824) 0x000000000488a6f0
calls=8 0 
* 3655
* 16
-10 16
+95 32

fn=(2884) H5G_loc_copy
308 112
+3 96
+7 64
cob=(2)
cfi=(18)
cfn=(2886) 0x0000000004888ce0
calls=16 0 
* 2841
* 32
+2 64
cob=(2)
cfi=(18)
cfn=(2898) 0x000000000488ded0
calls=16 0 
* 2251
* 32
-11 32
+16 64

fn=(3116) H5G_loc_free
375 24
+3 48
+6 16
cob=(2)
cfi=(18)
cfn=(1490)
calls=8 0 
* 907
* 16
+2 16
cob=(2)
cfi=(18)
cfn=(3124) 0x000000000488f5a0
calls=8 0 
* 723
* 16
-10 16
+15 16

fn=(2582) H5G_loc_reset
342 72
+3 144
+6 48
cob=(2)
cfi=(18)
cfn=(1356)
calls=25 0 
* 264
* 48
+2 48
cob=(2)
cfi=(18)
cfn=(1364)
calls=25 0 
* 264
* 48
-10 48
+15 48

fl=(318) /home/chogan/dev/hdf5/src/H5Dlayout.c
fn=(3292) H5D__layout_oh_read
608 56
+5 24
+7 24
cob=(2)
cfi=(18)
cfn=(2948)
calls=8 0 
* 8256
* 16
+2 8
+16 40
cob=(2)
cfi=(18)
cfn=(3012)
calls=8 0 
* 43727
* 16
+5 24
cob=(2)
cfi=(18)
cfn=(2948)
calls=8 0 
* 8256
* 16
+2 8
+17 72
cfi=(319)
cfn=(3296)
calls=8 456 
* 899
* 16
+4 24
+4 40
cob=(2)
cfi=(18)
cfn=(1940) 0x000000000488bbd0
calls=8 0 
* 17037
* 16
+4 24
-63 8
+29 8
+39 32
+5 40

fl=(306) /home/chogan/dev/hdf5/src/H5Gcompact.c
fn=(3054) H5G__compact_lookup_cb
451 216
+5 108
+7 108
cob=(2)
cfi=(18)
cfn=(948)
calls=36 0 
* 856
* 72
+1 24
+2 24
cob=(2)
cfi=(18)
cfn=(1768)
calls=8 0 
* 2994
* 16
+5 8
+3 16
-20 56
+25 144

fn=(3038) H5G__compact_lookup
497 40
+5 24
+7 8
+1 8
+1 8
+3 8
+1 16
+1 32
cob=(2)
cfi=(18)
cfn=(3040) 0x0000000004887f70
calls=8 0 
* 19419
* 16
+4 8
+4 40

fl=(239) /home/chogan/dev/hdf5/src/H5AC.c
fn=(2516) H5AC_unprotect
1511 1455
+8 582
+14 388
+7 388
+22 485
cob=(2)
cfi=(18)
cfn=(2518) 0x00000000048881d0
calls=98 0 
* 11511
* 194
-45 97
+57 485
+5 1067
-46 194

fn=(2304) H5AC_tag
2182 2496
+1 1248
+3 832
+1 208
cob=(2)
cfi=(18)
cfn=(2306)
calls=225 0 
* 8944
* 208
+3 416
cob=(2)
cfi=(18)
cfn=(2312) 0x0000000004887f50
calls=225 0 
* 9776
* 416
cob=(2)
cfi=(18)
cfn=(2312)
calls=225 0 
* 9776
+3 1664

fn=(2482) H5AC_pin_protected_entry
1139 5
+5 6
+6 1
+4 2
cob=(2)
cfi=(18)
cfn=(2484) 0x000000000488de20
calls=2 0 
* 30
* 2
-12 1
+17 3
+5 5

fn=(2388) H5AC_protect
1276 1067
+4 582
+23 194
cob=(2)
cfi=(18)
cfn=(2248)
calls=98 0 
* 582
* 388
+8 582
cob=(2)
cfi=(18)
cfn=(2390) 0x0000000004889100
calls=98 0 
* 95336
* 291
+4 97
+5 97
+2 485
+6 679

fl=(293) /home/chogan/dev/hdf5/src/H5D.c
fn=(2806) H5Dopen2
267 96
+6 24
cob=(2)
cfi=(18)
cfn=(820)
calls=8 0 
* 64
* 8
cob=(2)
cfi=(18)
cfn=(858)
calls=8 0 
* 592
* 24
cob=(2)
cfi=(18)
cfn=(888)
calls=8 0 
* 696
* 48
cob=(2)
cfi=(18)
cfn=(1966) 0x000000000488b850
calls=8 0 
* 3032
* 32
cob=(2)
cfi=(18)
cfn=(2004) 0x000000000488a850
calls=8 0 
* 480
+4 16
+2 16
+4 40
cob=(2)
cfi=(18)
cfn=(2018) 0x000000000488b080
calls=8 0 
* 480
* 16
+4 16
cob=(2)
cfi=(18)
cfn=(1380) 0x000000000488f6c0
calls=8 0 
* 928
* 24
+4 8
+1 16
cob=(2)
cfi=(18)
cfn=(1252) 0x000000000488ab20
calls=8 0 
* 120
* 8
+3 64
cob=(2)
cfi=(18)
cfn=(2808) 0x000000000488ddb0
calls=8 0 
* 861352
* 24
+4 40
cob=(2)
cfi=(18)
cfn=(2656) 0x000000000488c910
calls=8 0 
* 8987
* 24
-26 16
+30 16
+4 8
cob=(2)
cfi=(18)
cfn=(1992) 0x0000000004889d30
calls=8 0 
* 1409
* 32
cob=(2)
cfi=(18)
cfn=(956)
calls=8 0 
* 848
* 8
cob=(2)
cfi=(18)
cfn=(968)
calls=8 0 
* 544
+1 80

fl=(217) /home/chogan/dev/hdf5/src/H5Pdapl.c
fn=(3208) H5P__dapl_vds_file_pref_copy
441 24
+1 24
+4 16
cob=(2)
cfi=(18)
cfn=(1050)
calls=8 0 
* 136
* 8
+3 24

fn=(3210) H5P__dapl_efile_pref_copy
689 24
+1 24
+4 16
cob=(2)
cfi=(18)
cfn=(1050)
calls=8 0 
* 136
* 8
+3 24

fl=(315) /home/chogan/dev/hdf5/src/H5Oshared.c
fn=(3264) H5O_set_shared
453 8
+1 24
+7 48
+3 16

fl=(196) /home/chogan/dev/hdf5/src/H5I.c
fn=(1310) H5I__find_id
2173 64
+5 96
+3 64
+1 64
+2 96
+1 128
+4 96
cob=(2)
cfi=(18)
cfn=(1176)
calls=586 0 
* 5754
+4 64

fn=(1068) H5I_register
777 288
+6 192
+3 128
+2 96
+1 128
+2 64
cob=(2)
cfi=(18)
cfn=(1028)
calls=554 0 
* 2872
* 96
+4 192
+1 32
+1 32
+1 64
+1 32
+3 96
cob=(2)
cfi=(18)
cfn=(1070)
calls=554 0 
* 30720
* 64
+2 96
+1 96
+10 224

fn=(1008) H5I_register_type
294 10
+4 12
+7 10
+12 4
+9 6
-30 2
+42 8
-31 4
cob=(2)
cfi=(18)
cfn=(1010)
calls=15 0 
* 470
* 6
+2 8
+9 2
+1 2
+1 4
+1 6
cob=(2)
cfi=(18)
cfn=(1016) 0x0000000004887df0
calls=15 0 
* 464
* 6

fn=(1384) H5I_object
937 32
+4 192
-4 32
+7 32
cfn=(1310)
calls=288 2173 
* 6426
* 64
+2 32
+4 64

fn=(1256) H5I_get_type
1042 8
+3 48
+2 16
+1 32

fl=(237)
fn=(1788) H5O_fill_copy
528 160
+5 48
+4 32
-7 16
+11 192
+3 48
+8 32
-3 32
+59 16
+3 16
+3 96
+10 144

fn=(3316)
200 40
+4 24
+5 16
cob=(2)
cfi=(18)
cfn=(1010)
calls=8 0 
* 1648
* 24
+4 16
+1 24
+4 16
+72 48
+7 40
-50 16
+3 16
+4 24
+3 24
+3 16
+7 16
+15 8
+5 16

fl=(250) /home/chogan/dev/hdf5/src/H5VLcallback.c
fn=(2814) H5VL__dataset_open
1931 32
+3 24
+3 24
+4 24
cfi=(294)
cfn=(2816)
calls=8 113 
* 850518
* 24
+5 24

fn=(2812) H5VL_dataset_open
1962 112
+4 48
+3 16
cob=(2)
cfi=(18)
cfn=(2678) 0x00000000048880a0
calls=8 0 
* 5095
* 16
+5 80
cfn=(2814)
calls=8 -43 
* 850670
* 32
+5 8
cob=(2)
cfi=(18)
cfn=(2700) 0x000000000488a140
calls=8 0 
* 4504
* 16
+4 72

fl=(195) /home/chogan/dev/hdf5/src/H5E.c
fn=(2014) H5E__get_stack
356 32
+3 48
+2 48
cob=(2)
cfi=(18)
cfn=(864)
calls=126 0 
* 336
* 16
+2 32
+26 48

fl=(234) /home/chogan/dev/hdf5/src/H5Dint.c
fn=(3200) H5D__new
509 72
+5 24
+3 16
cob=(2)
cfi=(18)
cfn=(1028)
calls=8 0 
* 1643
* 24
+4 32
cob=(2)
cfi=(18)
cfn=(1102)
calls=8 0 
* 37568
+5 32
+7 16
cob=(2)
cfi=(18)
cfn=(1380)
calls=8 0 
* 1856
* 24
+3 16
cob=(2)
cfi=(18)
cfn=(2110) 0x00000000048895b0
calls=8 0 
* 203585
* 8
+3 16
+7 16
cob=(2)
cfi=(18)
cfn=(1380)
calls=8 0 
* 1990
* 24
+3 16
cob=(2)
cfi=(18)
cfn=(2110)
calls=8 0 
* 230205
* 8
+17 56

fn=(3172) H5D__build_file_prefix
1146 160
+1 16
+7 48
+5 32
cob=(2)
cfi=(18)
cfn=(3174) 0x000000000488cf90
calls=16 0 
* 715
* 16
+6 32
+1 16
+2 16
+1 16
cob=(2)
cfi=(18)
cfn=(3186) 0x000000000488f5b0
calls=8 0 
* 1211
* 16
+16 48
+4 16
-37 16
+58 160
-38 16
+1 16
+2 16
+1 16
cob=(2)
cfi=(18)
cfn=(3180) 0x000000000488a760
calls=8 0 
* 1243
* 16

fn=(3198) H5D__open_oid
1740 88
+8 32
cob=(2)
cfi=(18)
cfn=(2300)
calls=8 0 
* 888
* 24
+6 48
cfn=(3200)
calls=8 509 
* 477247
* 24
+4 16
cob=(2)
cfi=(18)
cfn=(2584) 0x000000000488b700
calls=8 0 
* 208
* 16
+4 40
cob=(2)
cfi=(18)
cfn=(3012)
calls=8 0 
* 18857
* 24
+3 16
cob=(2)
cfi=(18)
cfn=(3224) 0x000000000488cf60
calls=8 0 
* 659
* 40
cob=(2)
cfi=(18)
cfn=(1396) 0x000000000488d1e0
calls=8 0 
* 256
* 16
+3 24
cob=(2)
cfi=(18)
cfn=(3230) 0x000000000488d3f0
calls=8 0 
* 24722
* 24
+4 16
cfn=(3272) H5D__cache_dataspace_info
calls=8 655 
* 3862
* 16
+4 40
cob=(2)
cfi=(18)
cfn=(1064)
calls=8 0 
* 8704
* 24
+4 24
cob=(2)
cfi=(18)
cfn=(1380)
calls=8 0 
* 2164
* 24
+4 32
cob=(2)
cfi=(18)
cfn=(3288) 0x000000000488a3b0
calls=8 0 
* 79362
* 16
+7 24
cfn=(3310) H5D__append_flush_setup
calls=8 1666 
* 544
* 24
+4 16
+3 24
cob=(2)
cfi=(18)
cfn=(2948)
calls=8 0 
* 8064
* 16
+2 8
+1 32
cob=(2)
cfi=(18)
cfn=(3012)
calls=8 0 
* 11208
* 16
+41 8
+1 32
+1 16
+6 32
cob=(2)
cfi=(18)
cfn=(3318) 0x0000000004887b90
calls=8 0 
* 400
* 16
+12 16
cob=(2)
cfi=(18)
cfn=(2248)
calls=8 0 
* 48
* 16
-18 16
+3 16
+49 24
cob=(2)
cfi=(18)
cfn=(2300)
calls=8 0 
* 528
+1 88

fn=(2858) H5D__open_name
1473 96
+9 24
+7 16
+1 16
+1 24
cob=(2)
cfi=(18)
cfn=(2578)
calls=8 0 
* 360
+3 32
cob=(2)
cfi=(18)
cfn=(2860) 0x000000000488d360
calls=8 0 
* 108402
* 16
+5 24
cob=(2)
cfi=(18)
cfn=(3152) 0x0000000004889760
calls=8 0 
* 73499
* 16
+2 16
+4 24
cob=(2)
cfi=(18)
cfn=(3166) 0x000000000488cd60
calls=8 0 
* 662444
* 16
+12 72

fn=(3170) H5D_open
1533 96
+3 8
+1 8
+3 48
+6 16
cob=(2)
cfi=(18)
cfn=(1010)
calls=8 0 
* 1918
* 24
+4 32
cob=(2)
cfi=(18)
cfn=(3106) 0x000000000488ceb0
calls=8 0 
* 376
* 16
+4 32
cob=(2)
cfi=(18)
cfn=(2898)
calls=8 0 
* 448
* 16
+4 32
cfn=(3172)
calls=8 1146 
* 2262
* 16
+4 32
cfn=(3172)
calls=8 1146 
* 1595
* 16
+4 24
cob=(2)
cfi=(18)
cfn=(3192) 0x000000000488cbb0
calls=8 0 
* 1600
* 24
+64 16
cob=(2)
cfi=(18)
cfn=(1112)
calls=8 0 
* 56
* 8
+1 16
cob=(2)
cfi=(18)
cfn=(1112)
calls=8 0 
* 56
* 8
+2 16
+19 88
-84 16
cob=(2)
cfi=(18)
cfn=(2004)
calls=8 0 
* 480
+3 24
cfn=(3198)
calls=8 1740 
* 638785
* 16
+4 40
cob=(2)
cfi=(18)
cfn=(3322) 0x000000000488e820
calls=8 0 
* 5344
* 16
+4 24
cob=(2)
cfi=(18)
cfn=(3328) 0x000000000488f0e0
calls=8 0 
* 8097
* 16
+4 16
+3 24
+2 8
+3 24
+2 8
+34 16

fn=(3272)
655 16
+5 24
+6 40
cob=(2)
cfi=(18)
cfn=(3274) 0x000000000488a510
calls=8 0 
* 2070
* 16
+2 16
+3 16
fi=(317) /home/chogan/dev/hdf5/src/H5VMprivate.h
469 208
-1 1296
fe=(234)
674 16
+2 16
-5 56
+3 16
fi=(317)
465 16
-3 16
fe=(234)
658 8
+23 16

fn=(3310)
1666 56
+3 24
+7 16
fi=(194)
71 352
fe=(234)
1679 24
+48 56
-60 16

fl=(227) /home/chogan/dev/hdf5/src/H5Omessage.c
fn=(3022) H5O_msg_read_oh
516 560
+5 120
+6 120
+4 648
+1 760
-1 224
+3 80
+7 280
+7 160
cfi=(237)
cfn=(1788)
calls=8 -20 
* 416
cfi=(235)
cfn=(1780)
calls=8 715 
* 2536
cfi=(314)
cfn=(3246)
calls=8 300 
* 3785
cfi=(312)
cfn=(3222)
calls=8 1193 
* 4150
cfi=(305)
cfn=(3026)
calls=8 247 
* 176
* 120
+5 480
-12 297
cfi=(311)
cfn=(3314)
calls=8 51 
* 2192
cfi=(235)
cfn=(3294)
calls=8 102 
* 32503
cfi=(311)
cfn=(3242)
calls=8 51 
* 6960
cfi=(311)
cfn=(3216)
calls=8 51 
* 6195
cfi=(305)
cfn=(3024)
calls=1 117 
* 438
* 396

fn=(1772) H5O_msg_copy
745 336
+4 288
+5 144
+4 144
cfi=(307)
cfn=(3056)
calls=8 411 
* 2762
cfi=(238)
cfn=(1792)
calls=10 364 
* 376
cfi=(237)
cfn=(1788)
calls=9 528 
* 416
cfi=(236) /home/chogan/dev/hdf5/src/H5Oefl.c
cfn=(1784) H5O_efl_copy
calls=9 259 
* 288
cfi=(235)
cfn=(1780)
calls=17 -43 
* 5072
* 144
+5 240

fn=(1376) H5O_msg_reset_share
1690 16
+1 48
fi=(194)
71 80
fe=(227)
1703 32

fn=(2952) H5O_msg_exists
871 320
+4 128
cob=(2)
cfi=(18)
cfn=(2300)
calls=32 0 
* 3552
* 192
+7 128
cob=(2)
cfi=(18)
cfn=(2954) 0x000000000488aba0
calls=32 0 
* 30662
* 96
+4 96
cob=(2)
cfi=(18)
cfn=(3000)
calls=32 0 
* 2811
* 96
+4 192
cob=(2)
cfi=(18)
cfn=(3006) 0x0000000004887eb0
calls=32 0 
* 7379
* 64
+3 96
cob=(2)
cfi=(18)
cfn=(2300)
calls=32 0 
* 2112
+1 288

fn=(3016) H5O_msg_read
463 480
+4 160
cob=(2)
cfi=(18)
cfn=(2300)
calls=40 0 
* 4440
* 240
+9 160
cob=(2)
cfi=(18)
cfn=(2954)
calls=40 0 
* 20912
* 120
+4 200
cob=(2)
cfi=(18)
cfn=(3018) 0x0000000004889bc0
calls=40 0 
* 64295
* 120
+4 240
cob=(2)
cfi=(18)
cfn=(3006)
calls=40 0 
* 8472
* 80
+3 120
cob=(2)
cfi=(18)
cfn=(2300)
calls=40 0 
* 2640
+1 400

fn=(3044) H5O_msg_iterate
1202 80
+5 48
+7 24
+5 32
cob=(2)
cfi=(18)
cfn=(2954)
calls=8 0 
* 4176
* 24
+4 48
cob=(2)
cfi=(18)
cfn=(3046) 0x0000000004888c50
calls=8 0 
* 12475
* 24
+4 48
cob=(2)
cfi=(18)
cfn=(3006)
calls=8 0 
* 1688
* 16
+4 56

fn=(3050) H5O__msg_iterate_real
1268 128
+4 8
+3 24
+10 8
-12 8
+12 24
+3 64
cfi=(307)
cfn=(3052)
calls=8 123 
* 5610
* 80
+6 180
cfi=(306)
cfn=(3054)
calls=36 451 
* 4642
* 36
+3 72
+4 28
-16 390
+1 174
+2 72
+3 108
+15 16
+5 24
+20 96

fn=(3004) H5O_msg_exists_oh
917 64
+5 192
+4 192
+4 1000
+1 1400
-1 496
-10 32
+14 32
-2 64
+4 32

fn=(3134) H5O_msg_reset
573 96
+4 96
+4 48
+4 32
cfn=(3136) H5O__msg_reset_real
calls=89 +25 
* 1336
* 32
-10 32
+15 64

fn=(3136)
610 32
+3 48
+5 32
-8 16
+9 48
+1 16
cfi=(235)
cfn=(3308)
calls=33 835 
* 144
cfi=(307)
cfn=(3138)
calls=16 -68 
* 904
* 32
-9 32
+18 32

fl=(264) /home/chogan/dev/hdf5/src/H5Fquery.c
fn=(3228) H5F_get_vol_obj
1319 8
+5 8
+1 8

fn=(2558) H5F_sizeof_addr
415 9
+7 18
+1 9

fn=(2252) H5F_get_intent
111 210
+6 420
+1 210

fn=(2406) H5F_get_eoa
985 108
+3 108
+6 72
cob=(2)
cfi=(18)
cfn=(2286) 0x0000000004888920
calls=20 0 
* 5364
* 54
+5 90

fn=(2412) H5F_get_read_attempts
371 10
+6 20
+1 10

fn=(3178) H5F_get_extpath
227 16
+7 32
+1 16

fn=(3302) H5F_sieve_buf_size
743 8
+7 16
+1 8

fn=(2540) H5F_sizeof_size
438 284
+7 568
+1 284

fl=(213)
fn=(2292)
565 140
+4 84
cob=(2)
cfi=(18)
cfn=(820)
calls=43 0 
* 224
* 28
cob=(2)
cfi=(18)
cfn=(858)
calls=43 0 
* 1092
* 84
cob=(2)
cfi=(18)
cfn=(888)
calls=43 0 
* 2492
+2 56
cob=(2)
cfi=(18)
cfn=(956)
calls=43 0 
* 2184
* 28
cob=(2)
cfi=(18)
cfn=(968)
calls=43 0 
* 1036
* 28
+1 112

fn=(2344)
677 150
+2 10
+3 20
+6 20
+2 120
+35 20
-6 10
fi=(268) /usr/include/x86_64-linux-gnu/bits/unistd.h
99 40
cob=(2)
cfi=(18)
cfn=(2346) 0x000000000488cb00
calls=21 -99 
* 120
* 10
fe=(213)
720 20
+1 30
cfi=(157)
cfn=(2354)
calls=21 0 
* 110
* 20
+6 20
+9 20
+9 10
+1 10
+1 10
-43 40
+8 10
+3 20
+36 20
+1 10
-72 10
+82 110

fl=(272) /home/chogan/dev/hdf5/src/H5PB.c
fn=(2424) H5PB_read
691 160
+13 60
+7 20
+22 20
+2 60
cob=(2)
cfi=(18)
cfn=(2426) 0x000000000488d7b0
calls=20 0 
* 5300
* 20
+4 20
+10 20
970 120
751 20

fl=(310) /home/chogan/dev/hdf5/src/H5Doh.c
fn=(3164) H5O__dset_isa
183 24
+4 24
+5 24
cob=(2)
cfi=(18)
cfn=(3000)
calls=8 0 
* 248
* 16
+2 8
+4 24
cob=(2)
cfi=(18)
cfn=(3000)
calls=8 0 
* 168
* 16
+2 8
-15 16
+20 16

fl=(236)
fn=(1784)
259 80
+7 24
+6 16
-11 8
+15 32
+3 24
+12 8
-28 8
+31 16
+12 72

fl=(203) /home/chogan/dev/hdf5/src/H5Pint.c
fn=(1194) H5P__add_prop
1250 64
+3 192
-3 64
+10 128
cob=(2)
cfi=(18)
cfn=(1070)
calls=178 0 
* 52063
* 128
-9 128
+14 128

fn=(1294) H5P__do_prop_cb1
689 512
+5 192
+9 128
cob=(2)
cfi=(18)
cfn=(1028)
calls=69 0 
* 8142
* 192
+2 256
cob=(2)
cfi=(18)
cfn=(1102)
calls=69 0 
* 3480
+3 256
cfi=(208)
cfn=(3214)
calls=8 507 
* 96
cfi=(208)
cfn=(3212)
calls=8 828 
* 232
cfi=(217)
cfn=(3210)
calls=8 -19 
* 232
cfi=(217)
cfn=(3208)
calls=8 441 
* 232
cfi=(216)
cfn=(3206)
calls=8 1188 
* 928
cfi=(216)
cfn=(3204)
calls=8 1604 
* 736
cfi=(216)
cfn=(3202)
calls=8 +20 
* 5240
cfi=(205)
cfn=(2122)
calls=9 1684 
* 872
* 128
+4 192
cfn=(1312) H5P__dup_prop
calls=69 1050 
* 32189
* 192
+4 256
cob=(2)
cfi=(18)
cfn=(1102)
calls=69 0 
* 3480
+3 192
cob=(2)
cfi=(18)
cfn=(1190) 0x000000000488b8e0
calls=69 0 
* 53023
* 128
-27 64
+32 128
+1 128
cob=(2)
cfi=(18)
cfn=(1112)
calls=69 0 
* 6384
+3 128
+5 448

fn=(1762) H5P__do_prop
2703 80
+5 24
+9 24
cob=(2)
cfi=(18)
cfn=(1176)
calls=80 0 
* 968
* 16
+4 24
cob=(2)
cfi=(18)
cfn=(1176)
calls=80 0 
* 1936
* 24
+2 32
cfn=(1946) H5P__set_plist_cb
calls=9 2940 
* 13533
* 16
-17 8
+52 48

fn=(1946)
2940 80
+6 24
+8 24
+4 16
+2 8
cob=(2)
cfi=(18)
cfn=(1028)
calls=9 0 
* 1762
* 24
+2 32
cob=(2)
cfi=(18)
cfn=(1102)
calls=9 0 
* 2112
+3 40
cfi=(216)
cfn=(3304)
calls=8 304 
* 5240
* 16
+4 16
+7 24
+2 40
cfi=(216)
cfn=(3306)
calls=8 695 
* 616
* 16
+5 32
cob=(2)
cfi=(18)
cfn=(1102)
calls=9 0 
* 2120
-39 8
+43 16
+1 16
cob=(2)
cfi=(18)
cfn=(1112)
calls=9 0 
* 1195
+3 56

fn=(2114) H5P_copy_plist
832 160
+12 96
+9 32
cob=(2)
cfi=(18)
cfn=(1010)
calls=17 0 
* 3217
* 48
+4 48
+1 16
+1 16
+3 48
cob=(2)
cfi=(18)
cfn=(1016)
calls=17 0 
* 4903
* 64
+4 48
cob=(2)
cfi=(18)
cfn=(1016)
calls=17 0 
* 6433
* 64
+8 48
cob=(2)
cfi=(18)
cfn=(1016)
calls=17 0 
* 7151
* 48
+5 48
cob=(2)
cfi=(18)
cfn=(2116) 0x000000000488f1a0
calls=17 0 
* 80
* 48
1019 32
+1 32
cob=(2)
cfi=(18)
cfn=(1226) 0x0000000004889630
calls=17 0 
* 46096
+2 96
+4 144
903 48
cob=(2)
cfi=(18)
cfn=(2116)
calls=17 0 
* 80
* 32
+41 32
+1 144
+1 16
-1 32
+10 480
cob=(2)
cfi=(18)
cfn=(1176)
calls=180 0 
* 47984
* 480
+9 352
+7 528
+4 352
cob=(2)
cfi=(18)
cfn=(1220) 0x000000000488de30
calls=197 0 
* 1056
* 176
-25 416
+2 352
cob=(2)
cfi=(18)
cfn=(1214) 0x0000000004887ce0
calls=197 0 
* 880
* 176
+3 352
+2 528
+2 192
cfn=(1294)
calls=65 689 
* 118786
* 128
+6 704
cob=(2)
cfi=(18)
cfn=(1070)
calls=197 0 
* 167231
* 352
+2 352
+13 48
-34 128
+1 96
+2 64
cob=(2)
cfi=(18)
cfn=(1208) 0x0000000004889e20
calls=35 0 
* 224
* 32
+1 32
+34 48
cob=(2)
cfi=(18)
cfn=(1162) 0x0000000004887c10
calls=17 0 
* 544
* 32
+4 64
cob=(2)
cfi=(18)
cfn=(1064)
calls=17 0 
* 20741
* 48
+4 16
+5 16
+1 16
+10 48
-10 128
+1 144
+13 16
+3 16

fn=(1312)
1050 320
+4 192
+6 128
cob=(2)
cfi=(18)
cfn=(1028)
calls=73 0 
* 13215
* 192
+4 256
cob=(2)
cfi=(18)
cfn=(1102)
calls=73 0 
* 1984
+5 128
+12 128
+11 64
+3 64
+5 128
+2 128
cob=(2)
cfi=(18)
cfn=(1028)
calls=73 0 
* 11014
* 256
+2 192
cob=(2)
cfi=(18)
cfn=(1102)
calls=73 0 
* 3480
+19 320

fn=(1166) H5P__access_class
1504 128
+1 48
+5 112
+39 32
+21 128
-50 48
+1 16

fn=(1944) H5P_set
3112 88
+4 48
+8 8
+1 48
cfn=(1762)
calls=13 2703 
* 16733
* 16
-11 16
+16 64

fl=(225) /home/chogan/dev/hdf5/src/H5Oint.c
fn=(2996) H5O__inc_rc
2952 3
+3 3
+6 2
+5 3
-13 1
+17 2
-8 2
cob=(2)
cfi=(18)
cfn=(2478) 0x0000000004889ad0
calls=1 0 
* 57
* 2

fn=(2958) H5O_protect
1043 1344
+7 384
cob=(2)
cfi=(18)
cfn=(2300)
calls=96 0 
* 10656
* 576
+10 192
+4 192
cob=(2)
cfi=(18)
cfn=(2248)
calls=96 0 
* 576
* 96
+1 192
+4 96
+1 96
+1 96
+1 96
+1 96
+1 192
+1 96
+1 96
fi=(194)
71 384
fe=(225)
1078 96
+1 192
+3 384
cob=(2)
cfi=(18)
cfn=(2384) 0x000000000488f560
calls=96 0 
* 96188
* 288
+4 192
+11 1
+1 1
+1 1
+1 2
+1 1
+1 2
+1 2
+6 1
+1 1
+92 576
+4 288
cob=(2)
cfi=(18)
cfn=(2300)
calls=96 0 
* 6336
+1 1152
-74 1
-23 4
+8 6
+1 2
+1 6
cob=(2)
cfi=(18)
cfn=(2384)
calls=1 0 
* 4386
* 3
+9 6
cob=(2)
cfi=(18)
cfn=(2512) 0x0000000004888db0
calls=1 0 
* 176
* 2
+8 2
cob=(2)
cfi=(18)
cfn=(1112)
calls=1 0 
* 94
* 1
+3 2
+28 192
+31 192

fn=(3160) H5O__obj_class_real
1798 32
+4 24
+11 8
-4 32
+3 80
cfi=(310)
cfn=(3164)
calls=8 183 
* 592
cfi=(309)
cfn=(3162)
calls=8 174 
* 1280
* 32
+2 24
+9 40

fn=(3032) H5O_get_nlinks
2464 48
+4 48
+7 32
cob=(2)
cfi=(18)
cfn=(2954)
calls=8 0 
* 4176
* 24
+4 16
-13 8
+16 48
cob=(2)
cfi=(18)
cfn=(3006)
calls=8 0 
* 1688
* 16
+4 40

fn=(3110) H5O_loc_copy_shallow
1969 48
+1 48
+7 48
cob=(2)
cfi=(18)
cfn=(1102)
calls=16 0 
* 320
+3 32
cob=(2)
cfi=(18)
cfn=(1356)
calls=16 0 
* 176
+3 48

fn=(3156) H5O_obj_type
1683 80
+4 32
cob=(2)
cfi=(18)
cfn=(2300)
calls=8 0 
* 888
* 48
+3 32
cob=(2)
cfi=(18)
cfn=(2954)
calls=8 0 
* 67088
* 24
+4 24
cfn=(3158) H5O__obj_type_real
calls=8 +26 
* 2248
* 16
-9 8
+13 48
cob=(2)
cfi=(18)
cfn=(3006)
calls=8 0 
* 1696
* 16
+3 24
cob=(2)
cfi=(18)
cfn=(2300)
calls=8 0 
* 528
+1 72

fn=(3158)
1720 16
+3 24
+7 8
cfn=(3160)
calls=8 +68 
* 2144
* 16
+9 16
+4 24

fn=(2890) H5O_loc_copy
1933 16
+1 48
-1 16
+9 32
+1 8
cob=(2)
cfi=(18)
cfn=(3106)
calls=8 0 
* 1051
+5 48
-3 8
cob=(2)
cfi=(18)
cfn=(2892) 0x000000000488c2b0
calls=8 0 
* 979
* 8

fn=(1360) H5O_loc_reset
1903 56
+1 168
fi=(194)
71 112
fe=(225)
1911 56
+3 112

fn=(2588) H5O_open
590 24
+3 48
+12 16
+7 16
-4 16
cob=(2)
cfi=(18)
cfn=(2590) 0x000000000488baf0
calls=9 0 
* 56
-17 16

fn=(2896) H5O_loc_copy_deep
2003 48
+1 24
+7 32
cob=(2)
cfi=(18)
cfn=(1102)
calls=8 0 
* 160
+5 16
+4 40

fn=(3010) H5O_unprotect
1312 864
+3 576
+7 192
+21 672
cob=(2)
cfi=(18)
cfn=(2512)
calls=96 0 
* 16864
* 192
-30 192
+35 576

fn=(3128) H5O_loc_free
2073 24
+3 24
+6 16
-8 8
+19 16

ob=(3)
fl=(160)
fn=(772)
cob=(11)
cfi=(164)
cfn=(792)
calls=1 174 
308 880236

fl=(181) /build/glibc-YYA7BZ/glibc-2.31/nptl/pthread_self.c
fn=(902) pthread_self
24 52
+1 52
+1 52

fl=(284) /build/glibc-YYA7BZ/glibc-2.31/string/../sysdeps/x86_64/multiarch/strcat-avx2.S
fn=(2632) __strncat_avx2
34 16
+1 16
+2 16
+3 16
+1 16
+1 16
+1 16
+1 16
+1 16
+1 16
+1 16
+1 16
+1 16
227 16
+1 16
+1 16
+35 16
+1 16
+1 16
+3 16
+1 16
fi=(200) /build/glibc-YYA7BZ/glibc-2.31/string/../sysdeps/x86_64/multiarch/strcpy-avx2.S
63 16
+2 16
+1 16
+1 16
+2 4
+1 4
+2 4
+1 4
+1 4
+4 4
+1 4
+1 4
+6 4
301 12
+1 12
+1 12
+1 12
+4 12
+4 12
493 4
+1 4
+1 4
+1 4
+1 4
+3 12
+1 12
+1 12
+1 12
+23 4
+1 4
+10 12
+1 12
666 16
+1 16
+5 16
+2 16
+1 16
983 16
+1 16
+1 16
+1 16
+1 16
+1 16
+1 16
+1 16
+1 16
+1 16
+1 16
+1 16
+1 16
+1 16
+1 16
fe=(284)

fl=(200)
fn=(1440) __strncpy_avx2
50 16
+2 16
+1 16
+1 16
+2 16
+2 16
+5 16
+2 16
+1 16
+1 16
301 16
+1 16
+1 16
+1 16
+6 16
+2 16
+38 16
+1 16
+1 16
+1 16
+1 16
+1 16
+1 16
+1 16
+1 16
+1 16
+1 16
+1 16
+1 16
500 16
+1 16
+1 16
+35 16
+1 16
+8 16
+1 16
+5 16
+1 16
+1 16
+2 16
+1 16

fn=(1062) __strcpy_avx2
50 8
+6 8
+2 8
+5 8
+2 8
+1 8
+1 8
+2 2
+1 2
+2 2
+1 2
+1 2
+14 2
+1 2
301 6
+1 6
+1 6
+1 6
+10 6
+1 6
+31 2
+2 2
+2 2
+1 2
-3 6
+2 6
+1 6
+1 8
+1 8
+1 8
+1 8
+1 8
+1 8
+1 8
+1 8
+1 8
+1 8
+1 8
546 8
+1 8
+9 8
+1 8

fl=(189) /build/glibc-YYA7BZ/glibc-2.31/string/../sysdeps/x86_64/multiarch/memmove-vec-unaligned-erms.S
fn=(944) __memcpy_avx_unaligned_erms
225 556
+1 556
+6 556
+1 556
+1 207
+1 207
+3 35
+1 35
+1 35
+1 35
+2 35
+1 35
+3 8
+1 8
+1 8
+1 8
+11 8
+1 37384
+2 8
+13 349
+1 349
+2 261
+1 261
+1 16
+1 16
+1 16
+1 16
+1 16
+1 16
+1 16
+2 16
+14 88
+1 88
+1 88
+1 88
+1 88
+4 245
+1 245
+1 245
+1 245
+1 245
+18 172
+1 172
+5 164
+1 164
+1 115
+1 115
+2 2
+1 2
+1 2
+1 2
+1 2
+1 2
+1 2
+1 2
+1 2
+1 2
+1 2
+1 2
+1 2
+1 2
+1 2
+1 2
+1 2
+1 2
+3 113
+1 113
+1 113
+1 113
+1 113
+1 113
+1 113
+1 113
+1 113
+1 113
+3 49
+1 49
+2 8
+3 8
+1 8
+1 8
+1 8
+1 8
+2 8
+1 8
+3 8
+1 8
+2 8
+2 8
+2 8
+2 8
+3 8
+1 8
+4 136
+1 136
+1 136
+1 136
+1 136
+1 136
+1 136
+1 136
+1 136
+1 136
+1 136
+1 136
+1 136
+2 8
+1 8
+1 8
+1 8
+2 8
+1 8
+1 8
+5 41
+1 41
+1 41
+1 41
+1 41
+2 41
+3 41
+1 41
+1 41
+1 41
+2 41
+2 41
+2 41
+3 41
+1 41
+4 556
+1 556
+1 556
+1 556
+1 556
+1 556
+1 556
+1 556
+1 556
+1 556
+1 556
+1 556
+1 556
+2 41
+1 41
+1 41
+1 41
+2 41
+1 41
+1 41

fl=(192) /build/glibc-YYA7BZ/glibc-2.31/string/../sysdeps/x86_64/multiarch/strcmp-avx2.S
fn=(954) __strcmp_avx2
79 52
+13 52
+1 52
+2 52
+1 52
+1 52
+1 52
+1 52
+2 45
+1 45
+1 45
+1 45
+1 45
+1 45
+1 45
+1 45
+18 45
+1 45
+1 45
+2 45
+1 45
702 7
+1 7
+4 7
+11 7
+1 7
+1 7
+2 7
+1 7
+10 7
+1 7
+2 7
+1 7
+1 7
+1 7
+1 7
+1 7
+1 7

fl=(81) /build/glibc-YYA7BZ/glibc-2.31/string/../sysdeps/x86_64/multiarch/strcspn.c
fn=(264) strcspn
29 1
fi=(365) /build/glibc-YYA7BZ/glibc-2.31/string/../sysdeps/x86_64/multiarch/ifunc-sse4_2.h
+1 5
fe=(81)
-1 1

fl=(204) /build/glibc-YYA7BZ/glibc-2.31/string/../sysdeps/x86_64/multiarch/memset-vec-unaligned-erms.S
fn=(1160) __memset_avx2_unaligned_erms
147 8
+1 8
+1 8
+1 8
+1 18120
+1 8
+1 8
+14 103
+1 309
+5 103
+1 103
+1 103
+1 103
+2 18
+1 18
+1 18
+1 18
+3 85
+1 85
+3 77
+1 77
+1 33
+1 33
+1 33
+1 33
+2 33
+1 33
-1 3
+1 3
+3 44
+1 44
+1 44
+1 44
+1 44
+1 44
+1 44
+1 44
+1 44
+1 44
+1 44
+1 44
+1 44
+1 44
+2 80
+1 80
+1 80
+1 80
+1 80
+1 80
+1 80
+1 41
+1 41

fl=(146) /build/glibc-YYA7BZ/glibc-2.31/malloc/malloc.c
fn=(574) malloc
3023 1353
+8 1353
-8 5412
+8 1353
+1 2706
1208 2706
+2 5412
3044 5412
+3 2706
+9 2301
+2 2301
cfn=(608) _int_malloc
calls=3642 1208 
* 117939
* 767
+1 5369
+23 6765
1210 3448
3048 1321
+1 3963
2936 586
+2 586
-2 586
+1 1172
+1 586
+1 586
3051 586

fn=(1292) unlink_chunk.isra.0
1451 83
+2 415
+3 83
+1 83
+2 332
+3 83
+1 83
+1 190
+2 16
+1 24
+3 16
+14 8
+1 16
+3 166

fn=(1122) free
3087 1410
+5 1410
+1 1410
+6 1410
+5 705
-2 705
+2 1410
+18 2115
+2 2115
+1 705
+1 705
-1 705
cfn=(1124) _int_free
calls=8270 4155 
* 46705

fn=(1124)
4155 7964
+10 2172
+6 3620
+1 1448
+4 2896
+8 3620
-1 1448
+1 1448
+3 708
+6 1416
+13 3540
+14 322
+11 560
+2 420
1875 420
4254 140
+1 140
+4 420
+2 420
+4 280
+2 140
+1 140
+18 496
4428 7964
4295 42
+3 21
+3 63
+7 21
-4 21
+4 42
+3 42
+5 63
+3 42
+1 42
+1 42
1875 63
4327 42
+9 42
+5 26
+4 13
+9 13
-1 13
+2 26
+2 52
+2 26
+5 13
+1 13
+2 39
+1 13
+30 42
+20 63
2924 1126
+4 563
-2 1126
+1 563
+1 563
4209 563
4361 24
+38 12
+3 12
-23 8
+1 24
+1 16
-68 63
-2 42
+93 20
+2 2
cfn=(3336) systrim.isra.0.constprop.0
calls=1 2741 
* 156
* 1

fn=(1290) malloc_consolidate
4441 8
+17 8
-17 24
+28 8
-28 32
+15 8
+2 8
+13 16
+1 16
-1 144
+1 144
+58 240
+1 64
-31 190
+4 69
+2 69
+1 69
+1 69
+2 138
-4 26
+1 26
+1 26
+2 52
+5 95
+2 95
-2 95
+2 95
-2 95
+2 95
+1 95
+9 270
-52 240
+1 320
-1 45
+1 60
+8 95
-3 95
+3 95
+1 95
+1 190
+2 190
+1 7
+2 7
-1 7
+2 28
+2 21
cfn=(1292)
calls=870 1451 
* 126
* 7
+3 190
+5 26
-1 52
+1 26
cfn=(1292)
calls=823 1451 
* 468
* 78

fn=(608)
1208 1788
3513 894
1210 894
3513 7152
1210 1788
3553 448
+24 448
+61 829
+2 829
-2 829
+2 1658
+2 29
+1 58
+6 29
-4 29
+1 29
+1 29
+2 58
+7 116
-1 58
+1 87
+5 210
+1 82
+4 12
+1 12
+1 24
2926 12
3670 12
2920 12
+8 12
3671 12
2924 12
+2 12
-6 12
+9 12
-1 12
+1 12
1210 1340
3553 1340
1637 1340
3577 1340
+58 190
+62 1304
+1 120
+1 16
cfn=(1290)
calls=14 4441 
* 4857
* 8
3577 448
1210 448
3582 448
+2 448
-2 1150
+2 1150
-4 25
+6 100
+1 25
+5 50
+1 50
+7 100
-1 50
+1 50
+5 133
+4 20
2924 20
-4 40
+6 80
-6 20
+8 80
3605 60
+1 111
+2 80
-19 2487
1868 54
3678 54
1868 108
4147 11371
3637 2400
+3 8800
+77 800
+1 800
-1 1600
-1 1600
+2 1600
-1 40
+1 40
-1 80
-1 80
+2 80
-2 2520
+6 1680
+73 2520
-67 2520
3892 371
-91 371
+91 742
-91 371
-74 371
+74 742
-42 2226
-28 742
+1 371
+2 742
-3 110
+1 55
+2 110
+1 1278
+2 426
+1 1704
+2 1704
-10 426
+12 852
+1 852
+2 852
+11 1578
+31 117
+1 117
+4 234
+29 188
+2 172
+1 258
+1 86
-1 86
+57 86
+2 172
-2 172
+2 86
+7 86
-9 258
+9 86
-7 86
+1 86
+1 86
+6 172
-10 8
+2 16
-2 16
+2 8
+7 8
-9 24
+9 8
-7 8
+1 8
+1 8
+6 16
3728 42
1868 6
3794 23
+1 23
-1 23
+1 46
+5 69
+1 119
+28 40
+1 24
+1 8
-1 8
+4 16
+66 282
3728 282
3917 1016
+2 120
+3 40
-3 40
+3 80
+68 1016
+1 508
+1 508
-1 508
+1 508
+1 1016
+1 1524
+5 1254
+16 424
+2 848
-4 1032
+8 92
+3 184
+2 43
+1 43
+1 43
-2 172
-27 43
2926 21
+2 21
-4 21
+2 42
3805 21
2927 21
+1 21
3805 21
+73 40
3757 724
+1 700
+5 927
-1 309
+1 618
+1 618
-1 309
+2 309
+1 927
+1 618
+2 300
+4 150
+6 150
-6 1050
+2 450
+1 150
1868 450
3773 159
+6 159
-6 1113
+2 477
+1 159
1868 477
4003 1425
+3 1868
-3 1401
+3 1708
-3 822
+3 1203
+97 459
+1 918
+2 918
+3 1378
+17 3
-93 147
+3 98
+2 49
+3 98
-3 49
+3 98
cfn=(1292)
calls=106 1451 
* 986
+3 196
+15 44
-5 44
+6 88
+3 176
+1 44
+1 44
+3 88
+1 44
+1 88
+2 16
+3 64
+2 24
+1 8
1868 8
4081 8
1868 16
4075 288
+2 108
+1 36
1868 36
4081 36
1868 77
4081 5
1868 10
4006 16
+2 64
+1 32
+38 5
-1 5
+1 10
+67 458
-3 458
+1 916
+2 458
-1 458
+1 458
+2 458
+3 458
-5 2290
+2 458
1868 1395
2936 63
+1 42
+1 21
+1 21
3908 21
4141 4
cfn=(610) sysmalloc
calls=13 2255 
* 166
* 1
+1 2
1868 3

fn=(874) calloc
3366 234
+10 117
-10 468
+10 936
+8 234
+1 234
+9 351
+2 351
+10 117
+1 351
+21 351
cfn=(608)
calls=495 1208 
* 24565
* 117
+2 585
+3 351
+14 234
+6 468
+52 819
-44 117
+3 234
+11 117
+2 234
+2 234
+5 51
+2 51
-2 51
+3 102
+2 43
+2 86
+2 32
+2 64
-65 585
+20 117
+14 480
+16 198
cob=(2)
cfi=(18)
cfn=(1158) 0x0000000004f1d560
calls=394 0 
* 20268
* 132

fn=(610)
2255 8
+20 2
+11 2
+1 5
fi=(148) /build/glibc-YYA7BZ/glibc-2.31/malloc/arena.c
536 3
fe=(146)
2302 4
+66 1
+1 3
+1 1
+9 9
+6 3
+3 3
2705 2
+1 1
+5 2
+3 2
+2 2
+1 1
-1 1
+2 3
+1 1
+1 1
+2 1
-3 2
+1 1
+8 9
2449 9
+11 1
+8 3
+2 5
cfi=(154) /build/glibc-YYA7BZ/glibc-2.31/malloc/morecore.c
cfn=(612) __default_morecore
calls=4 46 
* 48
* 1
+1 1
+3 4
+3 2
+1 2
+46 7
+2 1
+6 4
+1 5

fn=(3336)
2741 5
+11 3
+2 1
+1 2
-4 1
+8 3
+2 3
+7 3
cfi=(154)
cfn=(612)
calls=1 46 
* 27
* 1
+1 4
+36 6
-24 3
cfi=(154)
cfn=(612)
calls=1 46 
* 49
+2 2
+1 2
+2 2
cfi=(154)
cfn=(612)
calls=1 46 
* 27
+2 1
+2 2
+4 2
+4 2
-1 1
+1 2
+2 2

fn=(1094) realloc
3131 560
+7 112
+1 112
+4 112
3254 19
3151 19
3254 114
3151 19
cfn=(574)
calls=21 3023 
* 1386
-1 112
+6 37
-2 37
+5 37
-3 74
+2 74
+4 111
+1 111
+9 148
+1 74
1208 74
+2 222
3183 74
+71 333
-30 111
+2 148
cfn=(1100) _int_realloc
calls=39 4540 
* 5427
* 37
+1 370

fn=(1100)
4540 296
+11 148
+1 148
+6 111
+2 74
+1 111
+2 148
+3 74
+10 56
+12 22
+12 30
cfn=(608)
calls=12 1208 
* 1650
* 10
+1 20
+3 10
+6 20
+19 30
+2 20
+2 7
+1 1
+14 1
+1 9
-1 9
+1 324
-10 9
-1 9
+1 27
+1 9
+4 9
-5 9
+5 9
-5 18
+1 9
+3 9
+1 9
cfn=(1124)
calls=9 4155 
* 600
* 9
-54 1
-1 2
+5 3
cfn=(1292)
calls=1 1451 
* 18
* 5
+23 50
cob=(2)
cfi=(18)
cfn=(1126) 0x0000000004f1d4d0
calls=12 0 
* 206
+1 40
cfn=(1124)
calls=12 4155 
* 661
+2 20
-43 17
+1 17
-2 34
+4 34
+4 17
-4 85
+1 17
-1 34
+2 34
-1 17
+1 34
+2 17

fl=(269) /build/glibc-YYA7BZ/glibc-2.31/string/../sysdeps/x86_64/multiarch/memcmp-avx2-movbe.S
fn=(2358) __memcmp_avx2_movbe
59 10
+7 10
+1 10
182 10
+1 10
+1 10
+1 10
+1 10
+1 10
+1 10
+1 10
+1 10
+1 10
+7 10
+38 10
+1 10
+1 10
+1 10
+1 10
+1 10
+1 10

fl=(155) /build/glibc-YYA7BZ/glibc-2.31/misc/sbrk.c
fn=(614) sbrk
32 12
+8 4
-8 8
+8 24
+4 8
+4 7
+12 10
-10 2
-2 4
+8 4
cfi=(156) /build/glibc-YYA7BZ/glibc-2.31/misc/../sysdeps/unix/sysv/linux/x86_64/brk.c
cfn=(616) brk
calls=5 -28 
* 22
* 4
+4 10

fl=(154)
fn=(612)
46 8
+1 4
cfi=(155)
cfn=(614)
calls=8 -15 
* 119
+2 12
+3 8

fl=(156)
fn=(616)
28 2
+3 12
+2 4
+6 2
+1 2

fl=(299) /build/glibc-YYA7BZ/glibc-2.31/string/../sysdeps/x86_64/multiarch/strcspn-c.c
fn=(2932) __strcspn_sse42
83 8
+1 16
+6 24
+47 8
+3 8
-3 16
+3 7
fi=(366) /usr/lib/gcc/x86_64-linux-gnu/9/include/emmintrin.h
703 7
fe=(299)
143 7
fi=(366)
703 7
fi=(367) /usr/lib/gcc/x86_64-linux-gnu/9/include/tmmintrin.h
138 14
fi=(300) /usr/lib/gcc/x86_64-linux-gnu/9/include/smmintrin.h
686 7
fe=(299)
148 7
+4 7
fi=(300)
633 7
fe=(299)
154 7
-2 21
+1 14
+14 2
fi=(300)
633 1
+53 2
+24 1
-24 1
+24 1
fe=(299)
165 2
-72 8
+3 8
fi=(366)
703 8
fe=(299)
93 8
fi=(366)
703 8
fe=(299)
100 8
fi=(367)
+38 16
fi=(300)
633 8
fe=(299)
100 24
fi=(300)
633 16
fe=(299)
105 8
+3 16
+3 16
fi=(300)
633 1
fe=(299)
168 3
+5 1

ob=(2)
fl=(18)
fn=(894)
0 208
cob=(5) /usr/lib/x86_64-linux-gnu/libpthread-2.31.so
cfi=(150) /build/glibc-YYA7BZ/glibc-2.31/nptl/../nptl/pthread_mutex_lock.c
cfn=(584) pthread_mutex_lock
calls=757 64 
0 3016

fn=(968)
0 104
cob=(9)
cfi=(173)
cfn=(972)
calls=377 461 
0 2068

fn=(1034)
0 2668
cob=(3)
cfi=(146)
cfn=(574)
calls=7756 3023 
0 175889

fn=(1436)
0 32
cob=(3)
cfi=(200)
cfn=(1440)
calls=152 50 
0 656

fn=(1940)
0 16
cob=(9)
cfi=(203)
cfn=(1944)
calls=12 3112 
0 17021

fn=(2116)
0 64
cob=(9)
cfi=(198)
cfn=(2120)
calls=107 1066 
0 96

fn=(2306)
0 436
cob=(9)
cfi=(248)
cfn=(2310)
calls=235 1659 
0 8938

fn=(2338)
0 20
cob=(9)
cfi=(248)
cfn=(2342)
calls=20 1535 
0 410

fn=(2356)
0 20
cob=(3)
cfi=(269)
cfn=(2358)
calls=11 59 
0 210

fn=(2384)
0 194
cob=(9)
cfi=(239)
cfn=(2388)
calls=97 1276 
0 100380

fn=(2470)
0 20
cob=(9)
cfi=(274)
cfn=(2474)
calls=10 220 
0 9874

fn=(2690)
0 32
cob=(9)
cfi=(248)
cfn=(2694)
calls=53 1467 
0 896

fn=(2818)
0 16
cob=(9)
cfi=(279)
cfn=(2822)
calls=7 165 
0 798
cob=(1) /usr/lib/x86_64-linux-gnu/ld-2.31.so
cfi=(122) /build/glibc-YYA7BZ/glibc-2.31/elf/../sysdeps/x86_64/dl-trampoline.h
cfn=(377) _dl_runtime_resolve_xsave'2
calls=1 67 
0 3719
0 5

fn=(2872)
0 16
cob=(9)
cfi=(248)
cfn=(2876)
calls=7 2576 
0 637
cob=(1)
cfi=(122)
cfn=(377)
calls=1 67 
0 737
0 5

fn=(2886)
0 32
cob=(9)
cfi=(225)
cfn=(2890)
calls=15 1933 
0 1517
cob=(1)
cfi=(122)
cfn=(377)
calls=1 67 
0 1287
0 5

fn=(2992)
0 2
cob=(1)
cfi=(122)
cfn=(377)
calls=1 67 
0 657
0 5

fn=(3000)
0 128
cob=(9)
cfi=(227)
cfn=(3004)
calls=63 917 
0 3405
cob=(1)
cfi=(122)
cfn=(377)
calls=1 67 
0 729
0 5

fn=(3146)
0 16
cob=(9)
cfi=(248)
cfn=(3150)
calls=7 3081 
0 392
cob=(1)
cfi=(122)
cfn=(377)
calls=1 67 
0 694
0 5

fn=(3248)
0 16
cob=(9)
cfi=(313)
cfn=(3252)
calls=7 650 
0 1421
cob=(1)
cfi=(122)
cfn=(377)
calls=1 67 
0 2135
0 5

fn=(1010)
0 234
cob=(9)
cfi=(197)
cfn=(1014)
calls=492 355 
0 55366

fn=(1050)
0 64
cob=(9)
cfi=(197)
cfn=(1054)
calls=333 459 
0 2786

fn=(1118)
0 1410
cob=(3)
cfi=(146)
cfn=(1122)
calls=8269 3087 
0 61510

fn=(1176)
0 468
cob=(9)
cfi=(198)
cfn=(1180)
calls=1665 1394 
0 59262

fn=(1252)
0 16
cob=(9)
cfi=(196)
cfn=(1256)
calls=22 1042 
0 104

fn=(2554)
0 18
cob=(9)
cfi=(264)
cfn=(2558)
calls=11 415 
0 36

fn=(2590)
0 16
cob=(9)
cfi=(252)
cfn=(2594)
calls=8 2324 
0 40

fn=(2836)
0 16
cob=(9)
cfi=(295)
cfn=(2840)
calls=7 560 
0 35
cob=(1)
cfi=(122)
cfn=(377)
calls=1 67 
0 579
0 5

fn=(2936)
0 16
cob=(9)
cfi=(301)
cfn=(2940)
calls=7 1112 
0 40311
cob=(1)
cfi=(122)
cfn=(377)
calls=1 67 
0 26771
0 5

fn=(2948)
0 64
cob=(9)
cfi=(227)
cfn=(2952)
calls=31 871 
0 31976
cob=(1)
cfi=(122)
cfn=(377)
calls=1 67 
0 16850
0 5

fn=(3028)
0 16
cob=(9)
cfi=(225)
cfn=(3032)
calls=7 2464 
0 5376
cob=(1)
cfi=(122)
cfn=(377)
calls=1 67 
0 1382
0 5

fn=(3076)
0 32
cob=(9)
cfi=(280)
cfn=(3080)
calls=15 456 
0 45
cob=(1)
cfi=(122)
cfn=(377)
calls=1 67 
0 593
0 5

fn=(3236)
0 2
cob=(1)
cfi=(122)
cfn=(377)
calls=1 67 
0 1675
0 5

fn=(3266)
0 16
cob=(9)
cfi=(316)
cfn=(3270)
calls=7 1166 
0 161
cob=(1)
cfi=(122)
cfn=(377)
calls=1 67 
0 653
0 5

fn=(1064)
0 64
cob=(9)
cfi=(196)
cfn=(1068)
calls=553 777 
0 35512

fn=(1372)
0 32
cob=(9)
cfi=(227)
cfn=(1376)
calls=548 1690 
0 176

fn=(1490)
0 32
cob=(9)
cfi=(226)
cfn=(1494)
calls=581 650 
0 1019

fn=(2110)
0 32
cob=(9)
cfi=(203)
cfn=(2114)
calls=16 832 
0 433758

fn=(2312)
0 832
cob=(9)
cfi=(248)
cfn=(2316)
calls=449 2798 
0 18720

fn=(2678)
0 16
cob=(9)
cfi=(202)
cfn=(2682)
calls=26 2163 
0 5079

fn=(2804)
cob=(9)
cfi=(293)
cfn=(2806)
calls=8 267 
0 880236

fn=(2860)
0 16
cob=(9)
cfi=(279)
cfn=(2864)
calls=7 446 
0 62162
cob=(1)
cfi=(122)
cfn=(377)
calls=1 67 
0 46219
0 5

fn=(2880)
0 32
cob=(9)
cfi=(279)
cfn=(2884)
calls=15 308 
0 2950
cob=(1)
cfi=(122)
cfn=(377)
calls=1 67 
0 3236
0 5

fn=(2954)
0 192
cob=(9)
cfi=(225)
cfn=(2958)
calls=95 1043 
0 112368
cob=(1)
cfi=(122)
cfn=(377)
calls=1 67 
0 14449
0 5

fn=(2972)
0 74
cob=(9)
cfi=(303)
cfn=(2976)
calls=36 450 
0 9812
cob=(1)
cfi=(122)
cfn=(377)
calls=1 67 
0 899
0 5

fn=(3046)
0 16
cob=(9)
cfi=(227)
cfn=(3050)
calls=7 1268 
0 10610
cob=(1)
cfi=(122)
cfn=(377)
calls=1 67 
0 1844
0 5

fn=(3070)
0 32
cob=(9)
cfi=(226)
cfn=(3074)
calls=15 353 
0 9916
cob=(1)
cfi=(122)
cfn=(377)
calls=1 67 
0 2486
0 5

fn=(3098)
0 16
cob=(9)
cfi=(296)
cfn=(3102)
calls=7 721 
0 294
cob=(1)
cfi=(122)
cfn=(377)
calls=1 67 
0 680
0 5

fn=(3112)
0 16
cob=(9)
cfi=(279)
cfn=(3116)
calls=7 375 
0 518
cob=(1)
cfi=(122)
cfn=(377)
calls=1 67 
0 1870
0 5

fn=(3152)
0 16
cob=(9)
cfi=(225)
cfn=(3156)
calls=7 1683 
0 64027
cob=(1)
cfi=(122)
cfn=(377)
calls=1 67 
0 9451
0 5

fn=(3260)
0 16
cob=(9)
cfi=(315)
cfn=(3264)
calls=7 453 
0 84
cob=(1)
cfi=(122)
cfn=(377)
calls=1 67 
0 618
0 5

fn=(898)
0 104
cob=(3)
cfi=(181)
cfn=(902)
calls=378 24 
0 156

fn=(904)
0 208
cob=(5)
cfi=(152) /build/glibc-YYA7BZ/glibc-2.31/nptl/pthread_mutex_unlock.c
cfn=(594) pthread_mutex_unlock
calls=757 356 
0 1976

fn=(948)
0 104
cob=(3)
cfi=(192)
cfn=(954)
calls=400 79 
0 1120

fn=(956)
0 104
cob=(9)
cfi=(173)
cfn=(960)
calls=378 343 
0 4176

fn=(1108)
0 1092
cob=(3)
cfi=(189)
cfn=(944)
calls=2039 225 
0 55355

fn=(1214)
0 352
cob=(9)
cfi=(198)
cfn=(1218)
calls=834 2137 
0 528

fn=(2248)
0 420
cob=(9)
cfi=(264)
cfn=(2252)
calls=212 111 
0 840

fn=(2390)
0 194
cob=(9)
cfi=(261)
cfn=(2394)
calls=97 2181 
0 95142

fn=(2408)
0 20
cob=(9)
cfi=(264)
cfn=(2412)
calls=10 371 
0 40

fn=(2420)
0 20
cob=(9)
cfi=(272)
cfn=(2424)
calls=19 691 
0 5820

fn=(2444)
0 20
cob=(9)
cfi=(206)
cfn=(2448)
calls=10 461 
0 14653

fn=(2450)
0 20
cob=(9)
cfi=(206)
cfn=(2454)
calls=10 373 
0 14583

fn=(2458)
0 38
cob=(9)
cfi=(252)
cfn=(2462)
calls=22 2616 
0 3216

fn=(2824)
0 16
cob=(9)
cfi=(275)
cfn=(2828)
calls=7 380 
0 567
cob=(1)
cfi=(122)
cfn=(377)
calls=1 67 
0 3067
0 5

fn=(2830)
0 16
cob=(9)
cfi=(275)
cfn=(2834)
calls=7 101 
0 105
cob=(1)
cfi=(122)
cfn=(377)
calls=1 67 
0 589
0 5

fn=(3018)
0 80
cob=(9)
cfi=(227)
cfn=(3022)
calls=39 516 
0 62969
cob=(1)
cfi=(122)
cfn=(377)
calls=1 67 
0 1241
0 5

fn=(3058)
0 16
cob=(9)
cfi=(308)
cfn=(3062)
calls=7 376 
0 10008
cob=(1)
cfi=(122)
cfn=(377)
calls=1 67 
0 4408
0 5

fn=(3174)
0 32
cob=(9)
cfi=(264)
cfn=(3178)
calls=15 227 
0 60
cob=(1)
cfi=(122)
cfn=(377)
calls=1 67 
0 618
0 5

fn=(3328)
0 16
cob=(9)
cfi=(265)
cfn=(3332)
calls=7 430 
0 7113
cob=(1)
cfi=(122)
cfn=(377)
calls=1 67 
0 963
0 5

fn=(858)
0 104
cob=(9)
cfi=(173)
cfn=(862)
calls=377 397 
0 2204

fn=(870)
0 234
cob=(3)
cfi=(146)
cfn=(874)
calls=494 3366 
0 54079

fn=(962)
0 16
cob=(5)
cfi=(193) /build/glibc-YYA7BZ/glibc-2.31/nptl/pthread_cond_signal.c
cfn=(966) pthread_cond_signal@@GLIBC_2.3.2
calls=228 36 
0 176

fn=(1028)
0 2668
cob=(9)
cfi=(197)
cfn=(1032)
calls=7754 268 
0 187895

fn=(1220)
0 352
cob=(9)
cfi=(198)
cfn=(1224)
calls=834 2025 
0 704

fn=(1350)
0 16
cob=(9)
cfi=(223)
cfn=(1354)
calls=54 3854 
0 4659

fn=(2332)
0 20
cob=(9)
cfi=(253)
cfn=(2336)
calls=20 156 
0 4700

fn=(2414)
0 20
cob=(9)
cfi=(271)
cfn=(2418)
calls=11 140 
0 6270

fn=(2518)
0 194
cob=(9)
cfi=(261)
cfn=(2522)
calls=97 2963 
0 11317

fn=(2808)
0 16
cob=(9)
cfi=(250)
cfn=(2812)
calls=7 1962 
0 706591
cob=(1)
cfi=(122)
cfn=(376) _dl_runtime_resolve_xsave
calls=1 67 
0 154740
0 5

fn=(2866)
0 16
cob=(9)
cfi=(297)
cfn=(2870)
calls=7 822 
0 61896
cob=(1)
cfi=(122)
cfn=(377)
calls=1 67 
0 45501
0 5

fn=(2904)
0 32
cob=(9)
cfi=(280)
cfn=(2908)
calls=15 305 
0 120
cob=(1)
cfi=(122)
cfn=(377)
calls=1 67 
0 582
0 5

fn=(2910)
0 16
cob=(9)
cfi=(298)
cfn=(2914)
calls=7 107 
0 567
cob=(1)
cfi=(122)
cfn=(377)
calls=1 67 
0 647
0 5

fn=(3086)
0 32
cob=(9)
cfi=(280)
cfn=(3090)
calls=15 183 
0 3881
cob=(1)
cfi=(122)
cfn=(377)
calls=1 67 
0 777
0 5

fn=(3106)
0 32
cob=(9)
cfi=(225)
cfn=(3110)
calls=15 1969 
0 675
cob=(1)
cfi=(122)
cfn=(377)
calls=1 67 
0 715
0 5

fn=(3130)
0 32
cob=(9)
cfi=(227)
cfn=(3134)
calls=88 573 
0 1580
cob=(1)
cfi=(122)
cfn=(377)
calls=1 67 
0 778
0 5

fn=(3140)
0 16
cob=(9)
cfi=(298)
cfn=(3144)
calls=7 267 
0 749
cob=(1)
cfi=(122)
cfn=(377)
calls=1 67 
0 697
0 5

fn=(3166)
0 16
cob=(9)
cfi=(234)
cfn=(3170)
calls=7 1533 
0 569663
cob=(1)
cfi=(122)
cfn=(377)
calls=1 67 
0 92760
0 5

fn=(3230)
0 16
cob=(9)
cfi=(313)
cfn=(3234)
calls=7 1174 
0 17367
cob=(1)
cfi=(122)
cfn=(377)
calls=1 67 
0 7334
0 5

fn=(3254)
0 16
cob=(9)
cfi=(313)
cfn=(3258)
calls=23 427 
0 77
cob=(1)
cfi=(122)
cfn=(377)
calls=1 67 
0 657
0 5

fn=(888)
0 104
cob=(9)
cfi=(173)
cfn=(892)
calls=378 293 
0 4508

fn=(1016)
0 100
cob=(9)
cfi=(198)
cfn=(1020)
calls=184 994 
0 18851

fn=(1090)
0 112
cob=(3)
cfi=(146)
cfn=(1094)
calls=60 3131 
0 10064

fn=(1112)
0 1458
cob=(9)
cfi=(197)
cfn=(1116)
calls=8349 528 
0 68680

fn=(1356)
0 112
cob=(9)
cfi=(225)
cfn=(1360)
calls=589 1903 
0 504

fn=(1386)
0 16
cob=(9)
cfi=(223)
cfn=(1390)
calls=493 3632 
0 3974

fn=(2004)
0 32
cob=(9)
cfi=(249)
cfn=(2008)
calls=64 913 
0 928

fn=(2010)
0 32
cob=(9)
cfi=(195)
cfn=(2014)
calls=125 356 
0 560

fn=(2018)
0 16
cob=(9)
cfi=(248)
cfn=(2022)
calls=8 1293 
0 464

fn=(2372)
0 194
cob=(9)
cfi=(248)
cfn=(2376)
calls=98 1685 
0 3977

fn=(2562)
0 74
cob=(3)
cfi=(204)
cfn=(1160)
calls=39 167 
0 714

fn=(2656)
0 16
cob=(9)
cfi=(202)
cfn=(2660)
calls=8 713 
0 8971

fn=(2700)
0 16
cob=(9)
cfi=(202)
cfn=(2704)
calls=26 2308 
0 4488

fn=(2892)
0 16
cob=(9)
cfi=(225)
cfn=(2896)
calls=7 2003 
0 280
cob=(1)
cfi=(122)
cfn=(377)
calls=1 67 
0 678
0 5

fn=(3034)
0 16
cob=(9)
cfi=(306)
cfn=(3038)
calls=7 497 
0 16301
cob=(1)
cfi=(122)
cfn=(377)
calls=1 67 
0 3980
0 5

fn=(3040)
0 16
cob=(9)
cfi=(227)
cfn=(3044)
calls=7 1202 
0 16105
cob=(1)
cfi=(122)
cfn=(377)
calls=1 67 
0 3293
0 5

fn=(3064)
0 16
cob=(9)
cfi=(226)
cfn=(3068)
calls=7 458 
0 9735
cob=(1)
cfi=(122)
cfn=(377)
calls=1 67 
0 3734
0 5

fn=(3298)
0 16
cob=(9)
cfi=(264)
cfn=(3302)
calls=7 743 
0 28
cob=(1)
cfi=(122)
cfn=(377)
calls=1 67 
0 658
0 5

fn=(820)
0 104
cob=(5)
cfi=(171) /build/glibc-YYA7BZ/glibc-2.31/nptl/pthread_once.c
cfn=(826) pthread_once
calls=378 136 
0 312

fn=(1058)
0 16
cob=(3)
cfi=(200)
cfn=(1062)
calls=311 50 
0 252

fn=(1070)
0 594
cob=(9)
cfi=(198)
cfn=(1074)
calls=1454 1105 
0 263588

fn=(1182)
0 832
cob=(9)
cfi=(206)
cfn=(1186)
calls=1919 491 
0 62136

fn=(1208)
0 64
cob=(9)
cfi=(198)
cfn=(1212)
calls=141 1988 
0 160

fn=(1364)
0 112
cob=(9)
cfi=(226)
cfn=(1368)
calls=589 622 
0 504

fn=(1768)
0 96
cob=(9)
cfi=(227)
cfn=(1772)
calls=52 745 
0 10210

fn=(2346)
0 20
cob=(5)
cfi=(267) /build/glibc-YYA7BZ/glibc-2.31/nptl/../sysdeps/unix/sysv/linux/pread64.c
cfn=(2350) pread
calls=20 28 
0 100

fn=(2464)
0 38
cob=(9)
cfi=(252)
cfn=(2468)
calls=22 2552 
0 2988

fn=(2916)
0 16
cob=(9)
cfi=(298)
cfn=(2920)
calls=7 161 
0 161
cob=(1)
cfi=(122)
cfn=(377)
calls=1 67 
0 605
0 5

fn=(2922)
0 32
cob=(9)
cfi=(226)
cfn=(2926)
calls=15 133 
0 626
cob=(1)
cfi=(122)
cfn=(377)
calls=1 67 
0 1572
0 5

fn=(3186)
0 16
cob=(9)
cfi=(248)
cfn=(3190)
calls=7 2741 
0 469
cob=(1)
cfi=(122)
cfn=(377)
calls=1 67 
0 721
0 5

fn=(3274)
0 16
cob=(9)
cfi=(313)
cfn=(3278)
calls=7 1074 
0 602
cob=(1)
cfi=(122)
cfn=(377)
calls=1 67 
0 1447
0 5

fn=(3288)
0 16
cob=(9)
cfi=(318)
cfn=(3292)
calls=7 608 
0 68676
cob=(1)
cfi=(122)
cfn=(377)
calls=1 67 
0 10665
0 5

fn=(3318)
0 16
cob=(9)
cfi=(216)
cfn=(3320)
calls=8 1227 
0 384

fn=(2626)
0 32
cob=(3)
cfi=(284)
cfn=(2632)
calls=16 34 
0 928

fn=(864)
0 1898
cob=(5)
cfi=(178) /build/glibc-YYA7BZ/glibc-2.31/nptl/pthread_getspecific.c
cfn=(868) pthread_getspecific
calls=2060 25 
0 18031

fn=(882)
0 32
cob=(5)
cfi=(180) /build/glibc-YYA7BZ/glibc-2.31/nptl/pthread_setcancelstate.c
cfn=(886) pthread_setcancelstate
calls=577 26 
0 440

fn=(1102)
0 1092
cob=(9)
cfi=(197)
cfn=(1106)
calls=2039 609 
0 59177

fn=(1126)
0 20
cob=(3)
cfi=(189)
cfn=(944)
calls=12 225 
0 186

fn=(1162)
0 32
cob=(9)
cfi=(203)
cfn=(1166)
calls=114 1504 
0 512

fn=(1226)
0 32
cob=(9)
cfi=(198)
cfn=(1230)
calls=89 2557 
0 46064

fn=(1380)
0 64
cob=(9)
cfi=(196)
cfn=(1384)
calls=287 937 
0 6874

fn=(1396)
0 16
cob=(9)
cfi=(223)
cfn=(1400)
calls=11 5616 
0 240

fn=(1992)
0 16
cob=(9)
cfi=(248)
cfn=(1996)
calls=95 3579 
0 1393

fn=(2286)
0 36
cob=(9)
cfi=(253)
cfn=(2290)
calls=21 307 
0 5328

fn=(2300)
0 832
cob=(9)
cfi=(239)
cfn=(2304)
calls=449 2182 
0 35984

fn=(2402)
0 36
cob=(9)
cfi=(264)
cfn=(2406)
calls=19 985 
0 5796

fn=(2438)
0 20
cob=(9)
cfi=(271)
cfn=(2442)
calls=10 395 
0 14993

fn=(2512)
0 194
cob=(9)
cfi=(239)
cfn=(2516)
calls=97 1511 
0 16846

fn=(2536)
0 568
cob=(9)
cfi=(264)
cfn=(2540)
calls=285 438 
0 1136

fn=(2578)
0 48
cob=(9)
cfi=(279)
cfn=(2582)
calls=24 342 
0 1032

fn=(2584)
0 16
cob=(9)
cfi=(225)
cfn=(2588)
calls=8 590 
0 192

fn=(2842)
0 16
cob=(9)
cfi=(295)
cfn=(2846)
calls=7 583 
0 35
cob=(1)
cfi=(122)
cfn=(377)
calls=1 67 
0 611
0 5

fn=(2854)
0 16
cob=(9)
cfi=(234)
cfn=(2858)
calls=7 1473 
0 696552
cob=(1)
cfi=(122)
cfn=(377)
calls=1 67 
0 149175
0 5

fn=(2898)
0 48
cob=(9)
cfi=(226)
cfn=(2902)
calls=23 514 
0 1340
cob=(1)
cfi=(122)
cfn=(377)
calls=1 67 
0 1306
0 5

fn=(2928)
0 16
cob=(3)
cfi=(299)
cfn=(2932)
calls=7 83 
0 314
cob=(1)
cfi=(122)
cfn=(377)
calls=1 67 
0 937
0 5

fn=(3006)
0 192
cob=(9)
cfi=(225)
cfn=(3010)
calls=95 1312 
0 19919
cob=(1)
cfi=(122)
cfn=(377)
calls=1 67 
0 807
0 5

fn=(3012)
0 80
cob=(9)
cfi=(227)
cfn=(3016)
calls=39 463 
0 100863
cob=(1)
cfi=(122)
cfn=(377)
calls=1 67 
0 2814
0 5

fn=(3124)
0 16
cob=(9)
cfi=(225)
cfn=(3128)
calls=15 2073 
0 77
cob=(1)
cfi=(122)
cfn=(377)
calls=1 67 
0 625
0 5

fn=(3180)
0 16
cob=(9)
cfi=(248)
cfn=(3184)
calls=7 2684 
0 469
cob=(1)
cfi=(122)
cfn=(377)
calls=1 67 
0 753
0 5

fn=(3224)
0 16
cob=(9)
cfi=(264)
cfn=(3228)
calls=15 1319 
0 21
cob=(1)
cfi=(122)
cfn=(377)
calls=1 67 
0 617
0 5

fn=(3322)
0 16
cob=(9)
cfi=(265)
cfn=(3326)
calls=7 160 
0 4432
cob=(1)
cfi=(122)
cfn=(377)
calls=1 67 
0 891
0 5

fn=(1966)
0 16
cob=(9)
cfi=(248)
cfn=(1970)
calls=95 788 
0 3016

fn=(1004)
0 4
cob=(9)
cfi=(196)
cfn=(1008)
calls=14 294 
0 1024

fn=(1084)
0 112
cob=(9)
cfi=(197)
cfn=(1088)
calls=60 400 
0 10960

fn=(1158)
0 132
cob=(3)
cfi=(204)
cfn=(1160)
calls=394 167 
0 20136

fn=(1190)
0 128
cob=(9)
cfi=(203)
cfn=(1194)
calls=177 1250 
0 52895

fn=(2426)
0 20
cob=(9)
cfi=(273)
cfn=(2430)
calls=19 116 
0 5280

fn=(2478)
0 2
cob=(9)
cfi=(239)
cfn=(2482)
calls=1 1139 
0 55

fn=(2484)
0 2
cob=(9)
cfi=(261)
cfn=(2488)
calls=1 2111 
0 28

fn=(2684)
0 32
cob=(9)
cfi=(248)
cfn=(2688)
calls=54 1587 
0 912

fn=(2848)
0 16
cob=(9)
cfi=(296)
cfn=(2852)
calls=7 413 
0 63
cob=(1)
cfi=(122)
cfn=(377)
calls=1 67 
0 615
0 5

fn=(2942)
0 16
cob=(9)
cfi=(301)
cfn=(2946)
calls=7 314 
0 22428
cob=(1)
cfi=(122)
cfn=(377)
calls=1 67 
0 21933
0 5

fn=(3092)
0 16
cob=(9)
cfi=(297)
cfn=(3096)
calls=7 366 
0 637
cob=(1)
cfi=(122)
cfn=(377)
calls=1 67 
0 1396
0 5

fn=(3118)
0 32
cob=(9)
cfi=(280)
cfn=(3122)
calls=33 223 
0 105
cob=(1)
cfi=(122)
cfn=(377)
calls=1 67 
0 589
0 5

fn=(3192)
0 16
cob=(9)
cfi=(265)
cfn=(3196)
calls=7 113 
0 935
cob=(1)
cfi=(122)
cfn=(377)
calls=1 67 
0 644
0 5

fn=(3280)
0 16
cob=(9)
cfi=(313)
cfn=(3284)
calls=7 1018 
0 427
cob=(1)
cfi=(122)
cfn=(377)
calls=1 67 
0 707
0 5

ob=(5)
fl=(193)
fn=(966)
36 64
+1 8
+5 8
+1 24
+54 72

fl=(150)
fn=(584)
64 104
+3 312
+2 104
+2 208
-7 208
+11 208
+2 312
+3 416
+1 312
+75 104
+3 104
+2 104
+3 104
+2 104
+1 312

fl=(180)
fn=(886)
26 16
+3 32
-3 16
+6 16
+2 96
+24 48
+10 16
+1 48
-25 8
-5 8
+5 8
-5 8
+5 8
+5 16
+5 16
+2 16
-17 16
+10 16
+5 16
+2 16

fl=(152)
fn=(594)
356 104
41 312
+1 312
+5 208
+8 104
+3 104
-6 104
+6 416
+2 104
358 208

fl=(267)
fn=(2350)
28 20
+1 70
+1 10

fl=(171)
fn=(826)
136 52
+3 52
+1 104
+4 104

fl=(178)
fn=(868)
25 949
+5 1898
+1 4745
+24 949
+1 1898
+4 5694
+5 1898

ob=(1)
fl=(1) ???
fn=(0) 0x0000000000001100
cob=(11)
cfi=(159)
cfn=(770)
calls=1 0 
0 880236

fl=(123) /build/glibc-YYA7BZ/glibc-2.31/elf/../elf/dl-runtime.c
fn=(378) _dl_fixup
66 201
+6 134
-6 67
+3 134
+3 201
-4 67
+5 67
+2 67
-2 335
+2 67
-2 67
+2 67
+5 134
+4 134
+4 201
+4 134
+1 268
-7 268
+16 67
-1 67
+1 134
+10 670
cfi=(6) /build/glibc-YYA7BZ/glibc-2.31/elf/dl-lookup.c
cfn=(218) _dl_lookup_symbol_x
calls=441 841 
* 33739
* 67
+4 335
+10 603
+7 67
+8 268
+4 201
fi=(5) /build/glibc-YYA7BZ/glibc-2.31/elf/../sysdeps/x86_64/dl-machine.h
+97 67
fe=(123)
-93 201
fi=(191) /build/glibc-YYA7BZ/glibc-2.31/elf/../sysdeps/x86_64/dl-irel.h
32 1
cob=(3)
cfi=(81)
cfn=(264)
calls=1 -3 
* 7
* 1
fe=(123)

fl=(6)
fn=(222) check_match
75 871
+3 134
+13 268
-13 268
+13 134
+3 138
cfi=(22) /build/glibc-YYA7BZ/glibc-2.31/string/../sysdeps/x86_64/strcmp.S
cfn=(58) strcmp
calls=151 +17 
* 25
* 2
+4 67
+1 134
+2 2
+19 2
+1 8
+39 67
+7 402
-18 132
+2 132
+1 66
-1 132
+1 198
-1 132
-29 3
cfi=(22)
cfn=(58)
calls=2178 -11 
* 66
* 2

fn=(220) do_lookup_x
368 536
+1 67
-1 402
+48 67
+35 201
-65 67
-11 67
+41 67
-30 134
+65 134
-51 615
+4 205
+4 205
-3 205
+3 410
+1 615
+3 205
+1 410
+7 410
-3 410
-2 205
+5 615
+3 1435
571 414
379 410
+3 410
+4 410
+4 410
+4 410
+88 134
fi=(62) /build/glibc-YYA7BZ/glibc-2.31/elf/../sysdeps/generic/ldsodefs.h
126 201
fe=(6)
533 134
+3 536
+16 335
+2 134
427 213
-1 142
+2 142
+2 71
+6 213
-6 71
+6 639
+7 261
-10 770
+3 67
-1 134
+1 134
-1 67
+2 134
-1 804
cfn=(222)
calls=3580 75 
* 3385
+4 201
575 536
474 8
325 24
-31 469

fn=(218)
841 670
582 67
841 268
582 201
-1 134
+2 67
-1 67
+1 201
-1 201
+1 891
-1 891
+1 2673
-1 2740
847 67
-4 67
+1 67
+7 67
-8 67
+1 67
+7 69
+3 335
+6 134
-7 402
+8 871
cfn=(220)
calls=3593 368 
* 20110
* 268
+5 134
+24 536
+40 268
+14 201
+3 268
+5 67
+2 603

fl=(122)
fn=(376)
67 1
+5 1
+3 1
+2 1
+10 1
+6 1
+1 1
+1 1
+1 1
+1 1
+1 1
+1 1
+4 1
+1 1
+3 1
+1 1
+2 1
+1 1
+1 1
+1 1
+1 1
+1 1
+2 1
+7 1
+1 1
+1 1
cfi=(123)
cfn=(378)
calls=68 -60 
* 621
+1 1
+5 1
+1 1
+1 1
+2 1
+1 1
+1 1
+1 1
+1 1
+1 1
+1 1
+2 1
+2 1
+4 1
+3 1

fn=(377)
67 66
+5 66
+3 66
+2 66
+10 66
+6 66
+1 66
+1 66
+1 66
+1 66
+1 66
+1 66
+4 66
+1 66
+3 66
+1 66
+2 66
+1 66
+1 66
+1 66
+1 66
+1 66
+2 66
+7 66
+1 66
+1 66
cfi=(123)
cfn=(378)
calls=373 -60 
* 38487
+1 66
+5 66
+1 66
+1 66
+2 66
+1 66
+1 66
+1 66
+1 66
+1 66
+1 66
+2 66
+2 66
+4 66
+3 66

fl=(22)
fn=(58)
111 2
+33 2
+1 2
+2 2
+1 2
+21 2
+1 2
+1 1
+1 1
+1 1
+1 1
+1 1
+1 1
+21 1
+1 1
+1 1
+1 1
+1 1
+1 1
+1 1
+15 1
+1 1
+1 1
+1 1
+1 1
+1 1
+1 1
+1 1
+1 1
+5 1
+1 1
+1 1
+1 1
+1 1
+1 1
1196 1
+1 1
+1 1
+1 1
+1 1
+2 1
+1 1
+1 1
+1 1
+1 1
+1 1
+1 1
+1 1
+4 1
+1 1
+1 1
+6 1
+1 1
+1 2
+4 1
+1 1
+3 1
+1 1
+1 1
+3 1
+1 1
+1 1
+6 1
+1 1
+1 1
+1 1
+1 1
+1 1
2200 1
+2 1
+1 1
+1 1
+1 1
+6 2
+6 2
+1 2
+8 2
+1 2

totals: 880236
