# callgrind format
version: 1
creator: callgrind-3.15.0
pid: 7810
cmd:  ./mth5 -f test.h5
part: 1


desc: I1 cache: 
desc: D1 cache: 
desc: LL cache: 

desc: Timerange: Basic block 0 - 203951206
desc: Trigger: Program termination

positions: line
events: Ir
summary: 515732


ob=(2) ???
fl=(18) ???
fn=(856) 0x0000000004887da0
0 32
cob=(5) /usr/lib/x86_64-linux-gnu/libpthread-2.31.so
cfi=(185) /build/glibc-YYA7BZ/glibc-2.31/nptl/pthread_setcancelstate.c
cfn=(858) pthread_setcancelstate
calls=578 26 
0 440

fn=(860) 0x0000000004889a60
0 64
cob=(9) /home/chogan/local/lib/libhdf5_debug.so.1000.0.0
cfi=(178) /home/chogan/dev/hdf5/src/H5TS.c
cfn=(862) H5TS_mutex_lock
calls=1744 293 
0 3200

fn=(962) 0x000000000488d550
0 1176
cob=(9)
cfi=(200) /home/chogan/dev/hdf5/src/H5MM.c
cfn=(964) H5MM_malloc
calls=7755 268 
0 43406

fn=(1098) 0x0000000004887ca0
0 480
cob=(9)
cfi=(201) /home/chogan/dev/hdf5/src/H5SL.c
cfn=(1100) H5SL_item
calls=835 2137 
0 2640

fn=(1102) 0x000000000488dde0
0 480
cob=(9)
cfi=(201)
cfn=(1104) H5SL_next
calls=835 2025 
0 2880

fn=(1802) 0x000000000488f140
0 64
cob=(9)
cfi=(201)
cfn=(1804) H5SL_count
calls=108 1066 
0 352

fn=(2538) 0x000000000488bfe0
0 128
cob=(9)
cfi=(230) /home/chogan/dev/hdf5/src/H5Omessage.c
cfn=(2540) H5O_msg_reset
calls=89 573 
0 6192

fn=(2920) 0x000000000488de30
0 16
cob=(9)
cfi=(199) /home/chogan/dev/hdf5/src/H5I.c
cfn=(2922) H5I_dec_app_ref
calls=9 1424 
0 502467

fn=(3034) 0x000000000488d390
0 2
cob=(9)
cfi=(255) /home/chogan/dev/hdf5/src/H5Fint.c
cfn=(3036) H5F_try_close
calls=2 2078 
0 123

fn=(2190) 0x000000000488d7a0
0 32
cob=(9)
cfi=(251) /home/chogan/dev/hdf5/src/H5CX.c
cfn=(2192) H5CX_set_vol_wrap_ctx
calls=54 1467 
0 1104

fn=(866) 0x000000000488b720
0 64
cob=(3) /usr/lib/x86_64-linux-gnu/libc-2.31.so
cfi=(186) /build/glibc-YYA7BZ/glibc-2.31/nptl/pthread_self.c
cfn=(868) pthread_self
calls=1744 24 
0 96

fn=(870) 0x000000000488f030
0 128
cob=(5)
cfi=(156) /build/glibc-YYA7BZ/glibc-2.31/nptl/pthread_mutex_unlock.c
cfn=(572) pthread_mutex_unlock
calls=3488 356 
0 1216

fn=(990) 0x000000000488cad0
0 48
cob=(3)
cfi=(204) /build/glibc-YYA7BZ/glibc-2.31/nptl/pthread_equal.c
cfn=(992) pthread_equal
calls=1515 24 
0 120

fn=(1024) 0x000000000488f160
0 264
cob=(3)
cfi=(193) /build/glibc-YYA7BZ/glibc-2.31/string/../sysdeps/x86_64/multiarch/memmove-vec-unaligned-erms.S
cfn=(902) __memcpy_avx_unaligned_erms
calls=2040 225 
0 1659

fn=(1074) 0x000000000488e210
0 704
cob=(9)
cfi=(209) /home/chogan/dev/hdf5/src/H5checksum.c
cfn=(1076) H5_hash_string
calls=1920 491 
0 80480

fn=(1106) 0x00000000048895f0
0 32
cob=(9)
cfi=(201)
cfn=(1108) H5SL_close
calls=90 2557 
0 52424

fn=(1298) 0x000000000488e110
0 96
cob=(9)
cfi=(201)
cfn=(1300) H5SL_remove
calls=450 1200 
0 46424

fn=(1094) 0x0000000004889dd0
0 96
cob=(9)
cfi=(201)
cfn=(1096) H5SL_first
calls=142 1988 
0 624

fn=(1128) 0x000000000488aad0
0 16
cob=(9)
cfi=(199)
cfn=(1130) H5I_get_type
calls=23 1050 
0 2600

fn=(1274) 0x000000000488c4f0
0 16
cob=(9)
cfi=(199)
cfn=(1276) H5I_dec_ref
calls=235 1355 
0 502227

fn=(1275) 0x000000000488c4f0'2
0 48
cob=(9)
cfi=(199)
cfn=(1277) H5I_dec_ref'2
calls=29 1355 
0 445727

fn=(950) 0x000000000488eb30
0 16
cob=(9)
cfi=(200)
cfn=(952) H5MM_calloc
calls=493 355 
0 3489

fn=(1058) 0x0000000005040560
0 16
cob=(3)
cfi=(197) /build/glibc-YYA7BZ/glibc-2.31/string/../sysdeps/x86_64/multiarch/memset-vec-unaligned-erms.S
cfn=(932) __memset_avx2_unaligned_erms
calls=394 167 
0 336

fn=(1070) 0x000000000488c3c0
0 432
cob=(9)
cfi=(201)
cfn=(1072) H5SL_search
calls=1614 1394 
0 100572

fn=(1728) 0x000000000488dc50
0 16
cob=(9)
cfi=(198) /home/chogan/dev/hdf5/src/H5E.c
cfn=(1730) H5E__get_stack
calls=126 356 
0 320

fn=(2966) 0x0000000004889c30
0 16
cob=(9)
cfi=(286) /home/chogan/dev/hdf5/src/H5S.c
cfn=(2968) H5S_close
calls=8 458 
0 3646

fn=(2970) 0x0000000004887cf0
0 16
cob=(9)
cfi=(339) /home/chogan/dev/hdf5/src/H5Sselect.c
cfn=(2972) H5S_select_release
calls=8 287 
0 328

fn=(3018) 0x000000000488b280
0 16
cob=(9)
cfi=(265) /home/chogan/dev/hdf5/src/H5Fquery.c
cfn=(3020) H5F_get_nopen_objs
calls=8 292 
0 88

fn=(2198) 0x000000000488a0f0
0 16
cob=(9)
cfi=(206) /home/chogan/dev/hdf5/src/H5VLint.c
cfn=(2200) H5VL_reset_vol_wrapper
calls=27 2308 
0 5480

fn=(812) 0x000000000488da00
0 64
cob=(5)
cfi=(176) /build/glibc-YYA7BZ/glibc-2.31/nptl/pthread_once.c
cfn=(814) pthread_once
calls=1744 136 
0 192

fn=(966) 0x00000000048896c0
0 1176
cob=(3)
cfi=(150) /build/glibc-YYA7BZ/glibc-2.31/malloc/malloc.c
cfn=(556) malloc
calls=7757 3023 
0 32822

fn=(994) 0x000000000488c440
0 352
cob=(9)
cfi=(201)
cfn=(996) H5SL_insert
calls=1455 1105 
0 167817

fn=(1288) 0x00000000048890b0
0 16
cob=(9)
cfi=(226) /home/chogan/dev/hdf5/src/H5T.c
cfn=(1290) H5T__free
calls=554 3906 
0 648

fn=(1292) 0x000000000488ea80
0 32
cob=(9)
cfi=(229) /home/chogan/dev/hdf5/src/H5Gname.c
cfn=(1294) H5G_name_free
calls=582 650 
0 4784

fn=(2530) 0x000000000488d970
0 32
cob=(9)
cfi=(280) /home/chogan/dev/hdf5/src/H5RS.c
cfn=(2532) H5RS_decr
calls=34 223 
0 4304

fn=(2534) 0x000000000488f520
0 16
cob=(9)
cfi=(228) /home/chogan/dev/hdf5/src/H5Oint.c
cfn=(2536) H5O_loc_free
calls=16 2073 
0 152

fn=(2844) 0x000000000488e1e0
0 16
cob=(9)
cfi=(265)
cfn=(2846) H5F_get_shared
calls=16 249 
0 88

fn=(3002) 0x000000000488c0d0
0 16
cob=(9)
cfi=(266) /home/chogan/dev/hdf5/src/H5FO.c
cfn=(3004) H5FO_top_decr
calls=8 485 
0 7921

fn=(840) 0x000000000488a7e0
0 64
cob=(9)
cfi=(178)
cfn=(842) H5TS_cancel_count_inc
calls=1743 397 
0 1728

fn=(1060) 0x0000000004887bd0
0 32
cob=(9)
cfi=(207) /home/chogan/dev/hdf5/src/H5Pint.c
cfn=(1062) H5P__access_class
calls=115 1504 
0 624

fn=(1696) 0x000000000488b810
0 16
cob=(9)
cfi=(251)
cfn=(1698) H5CX_push
calls=96 787 
0 4449

fn=(1724) 0x000000000488a7f0
0 16
cob=(9)
cfi=(252) /home/chogan/dev/hdf5/src/H5Eint.c
cfn=(1726) H5E_clear_stack
calls=65 913 
0 576

fn=(1924) 0x000000000488c450
0 32
cob=(9)
cfi=(242) /home/chogan/dev/hdf5/src/H5AC.c
cfn=(1926) H5AC_tag
calls=450 2182 
0 1752

fn=(1928) 0x000000000488a5b0
0 16
cob=(9)
cfi=(251)
cfn=(1930) H5CX_get_tag
calls=236 1659 
0 432

fn=(2912) 0x000000000010a510
cob=(9)
cfi=(294) /home/chogan/dev/hdf5/src/H5D.c
cfn=(2914) H5Dclose
calls=8 324 
0 515732

fn=(2916) 0x000000000488a170
0 16
cob=(9)
cfi=(199)
cfn=(2918) H5I_dec_app_ref_always_close
calls=8 1469 
0 502691

fn=(2926) 0x000000000488cfe0
0 16
cob=(9)
cfi=(253) /home/chogan/dev/hdf5/src/H5VLcallback.c
cfn=(2928) H5VL_dataset_close
calls=8 2616 
0 491636

fn=(2958) 0x000000000488aa70
0 16
cob=(9)
cfi=(242)
cfn=(2960) H5AC_cork
calls=8 2381 
0 424

fn=(2986) 0x000000000488c3d0
0 64
cob=(9)
cfi=(201)
cfn=(2988) H5SL_destroy
calls=95 2518 
0 56082

fn=(3006) 0x000000000488c500
0 16
cob=(9)
cfi=(266)
cfn=(3008) H5FO_delete
calls=8 212 
0 6729

fn=(3010) 0x000000000488d500
0 16
cob=(9)
cfi=(228)
cfn=(3012) H5O_close
calls=8 812 
0 1029

fn=(2186) 0x000000000488cc00
0 32
cob=(9)
cfi=(251)
cfn=(2188) H5CX_get_vol_wrap_ctx
calls=55 1587 
0 1128

fn=(906) 0x000000000488d020
0 304
cob=(3)
cfi=(195) /build/glibc-YYA7BZ/glibc-2.31/string/../sysdeps/x86_64/multiarch/strcmp-avx2.S
cfn=(908) __strcmp_avx2
calls=405 79 
0 3192

fn=(914) 0x0000000004888e60
0 16
cob=(5)
cfi=(196) /build/glibc-YYA7BZ/glibc-2.31/nptl/pthread_cond_signal.c
cfn=(916) pthread_cond_signal@@GLIBC_2.3.2
calls=229 36 
0 176

fn=(1020) 0x000000000488cef0
0 264
cob=(9)
cfi=(200)
cfn=(1022) H5MM_memcpy
calls=2040 609 
0 4299

fn=(1026) 0x0000000004889070
0 2488
cob=(9)
cfi=(200)
cfn=(1028) H5MM_xfree
calls=8350 528 
0 134409

fn=(1030) 0x000000000488a8f0
0 2408
cob=(3)
cfi=(150)
cfn=(1032) free
calls=8270 3087 
0 115949

fn=(1280) 0x000000000488b9f0
0 16
cob=(9)
cfi=(226)
cfn=(1282) H5T_close
calls=314 4034 
0 3071

fn=(1284) 0x000000000488ac20
0 16
cob=(9)
cfi=(226)
cfn=(1286) H5T_close_real
calls=546 3992 
0 2767

fn=(2962) 0x000000000488a030
0 16
cob=(9)
cfi=(274) /home/chogan/dev/hdf5/src/H5Ctag.c
cfn=(2964) H5C_get_num_objs_corked
calls=8 190 
0 128

fn=(3014) 0x000000000488aed0
0 16
cob=(9)
cfi=(255)
cfn=(3016) H5F_decr_nopen_objs
calls=8 2345 
0 128

fn=(3030) 0x0000000004889730
0 16
cob=(9)
cfi=(206)
cfn=(3032) H5VL_free_object
calls=10 974 
0 1528

fn=(3038) 0x0000000004889900
0 2
cob=(9)
cfi=(297) /home/chogan/dev/hdf5/src/H5Fmount.c
cfn=(3040) H5F__mount_count_ids
calls=2 610 
0 66

fn=(848) 0x000000000488dae0
0 16
cob=(3)
cfi=(150)
cfn=(850) calloc
calls=495 3366 
0 3337

fn=(864) 0x000000000488e830
0 128
cob=(5)
cfi=(154) /build/glibc-YYA7BZ/glibc-2.31/nptl/../nptl/pthread_mutex_lock.c
cfn=(566) pthread_mutex_lock
calls=3488 64 
0 1856

fn=(910) 0x000000000488d320
0 64
cob=(9)
cfi=(178)
cfn=(912) H5TS_mutex_unlock
calls=1744 343 
0 2840

fn=(918) 0x0000000004889ae0
0 64
cob=(9)
cfi=(178)
cfn=(920) H5TS_cancel_count_dec
calls=1743 461 
0 1640

fn=(2938) 0x000000000488de70
0 16
cob=(9)
cfi=(236) /home/chogan/dev/hdf5/src/H5Dint.c
cfn=(2940) H5D__flush_real
calls=8 3237 
0 2600

fn=(2952) 0x000000000488a150
0 32
cob=(9)
cfi=(239) /home/chogan/dev/hdf5/src/H5Ofill.c
cfn=(2954) H5O_fill_reset_dyn
calls=25 719 
0 528

fn=(2182) 0x0000000004888060
0 16
cob=(9)
cfi=(206)
cfn=(2184) H5VL_set_vol_wrapper
calls=27 2163 
0 4848

fn=(844) 0x0000000004887f20
0 288
cob=(5)
cfi=(183) /build/glibc-YYA7BZ/glibc-2.31/nptl/pthread_getspecific.c
cfn=(846) pthread_getspecific
calls=4791 25 
0 2736

fn=(954) 0x0000000004887db0
0 32
cob=(9)
cfi=(201)
cfn=(956) H5SL_create
calls=185 994 
0 4640

fn=(1714) 0x0000000004889cf0
0 16
cob=(9)
cfi=(251)
cfn=(1716) H5CX_pop
calls=96 3580 
0 1912

fn=(1932) 0x0000000004887f10
0 32
cob=(9)
cfi=(251)
cfn=(1934) H5CX_set_tag
calls=450 2799 
0 944

fn=(2632) 0x0000000004889400
0 16
cob=(9)
cfi=(286)
cfn=(2634) H5S__extent_release
calls=24 427 
0 2152

fn=(2934) 0x000000000488a990
0 16
cob=(9)
cfi=(236)
cfn=(2936) H5D_close
calls=8 1915 
0 480500

fn=(2944) 0x000000000488a5f0
0 16
cob=(9)
cfi=(236)
cfn=(2946) H5D__flush_sieve_buf
calls=8 3200 
0 216

fn=(3022) 0x0000000004887bf0
0 16
cob=(9)
cfi=(265)
cfn=(3024) H5F_get_nmounts
calls=8 352 
0 88

ob=(11) /home/chogan/dev/multithreaded_hdf5/mth5
fl=(165) /home/chogan/dev/multithreaded_hdf5/mth5.cpp
fn=(784) main
cfn=(2292) read_on_workers(long, char const**, std::vector<long, std::allocator<long> >&, int, unsigned long**)
calls=1 63 
259 515732

fn=(2292)
cob=(2)
cfi=(18)
cfn=(2912)
calls=8 0 
106 515732

ob=(2)
fl=(18)
fn=(3026) 0x000000000488ee00
0 16
cob=(9)
cfi=(265)
cfn=(3028) H5F_get_evict_on_close
calls=8 819 
0 96

ob=(11)
fl=(163) ???
fn=(746) _start
cob=(3)
cfi=(164) /build/glibc-YYA7BZ/glibc-2.31/csu/../csu/libc-start.c
cfn=(748) (below main)
calls=1 137 
0 515732

ob=(9)
fl=(253)
fn=(2928)
2616 56
+1 8
+1 8
+2 80
+9 24
cob=(2)
cfi=(18)
cfn=(2182)
calls=8 0 
* 4864
* 16
+2 8
+3 72
cfn=(2930) H5VL__dataset_close
calls=8 -52 
* 480916
* 16
+3 8
+2 24
cob=(2)
cfi=(18)
cfn=(2198)
calls=8 0 
* 5496
* 16
+3 8
+1 16

fn=(2930)
2582 64
+1 8
+2 40
+7 32
+4 64
cfi=(295) /home/chogan/dev/hdf5/src/H5VLnative_dataset.c
cfn=(2932) H5VL__native_dataset_close
calls=8 629 
* 480660
* 16
+3 8
+1 8
+1 16

fl=(265)
fn=(2846)
249 32
+2 24
+4 16
+1 16

fn=(3028)
819 32
+2 24
+5 24
+1 16

fn=(3024)
352 32
+2 24
+4 16
+1 16

fn=(3020)
292 32
+2 24
+4 16
+1 16

fl=(237) /home/chogan/dev/hdf5/src/H5Olayout.c
fn=(2672) H5O__layout_reset
835 80
+1 32
+1 16
+2 80
+2 32
+2 64
+2 64
+6 32
+1 48
+4 16
+1 32

fl=(240) /home/chogan/dev/hdf5/src/H5Opline.c
fn=(2948) H5O__pline_reset
515 96
+1 32
+3 64
+9 64
+19 96
+3 32
+2 16
+1 64

fl=(200)
fn=(1028)
528 6220
+4 2488
+28 3612
cob=(2)
cfi=(18)
cfn=(1030)
calls=8269 0 
* 118357
+4 1244
+1 2488

fn=(1022)
609 924
+1 132
+12 792
cob=(2)
cfi=(18)
cfn=(1024)
calls=2040 0 
* 1923
* 132
+2 132
+2 264

fn=(952)
355 40
+1 8
+5 16
+5 32
cob=(2)
cfi=(18)
cfn=(848)
calls=493 0 
* 3353
* 16
+6 8
+1 16

fn=(964)
268 2940
+1 588
+18 1176
+35 1764
cob=(2)
cfi=(18)
cfn=(966)
calls=7755 0 
* 33998
* 1176
+6 588
+1 1176

fl=(266)
fn=(3008)
212 48
+2 8
+2 8
+9 56
cob=(2)
cfi=(18)
cfn=(1298)
calls=8 0 
* 5545
* 24
+4 32
+6 24
cob=(2)
cfi=(18)
cfn=(1026)
calls=8 0 
* 952
* 8
+3 8
+1 16

fn=(3004)
485 48
+2 8
+2 8
+8 48
cob=(2)
cfi=(18)
cfn=(1070)
calls=8 0 
* 1080
* 24
+2 40
+2 32
+2 48
cob=(2)
cfi=(18)
cfn=(1298)
calls=8 0 
* 5545
* 24
+4 24
cob=(2)
cfi=(18)
cfn=(1026)
calls=8 0 
* 952
* 16
+7 8
+1 16

fl=(207)
fn=(2976) H5P_close
5056 128
+2 32
+1 16
+6 16
+1 16
+2 80
+7 64
+1 48
+1 16
+1 192
+6 144
-7 128
+16 48
cob=(2)
cfi=(18)
cfn=(954)
calls=36 0 
* 4672
* 48
+2 16
+3 64
cob=(2)
cfi=(18)
cfn=(1802)
calls=36 0 
* 208
* 32
+1 64
cob=(2)
cfi=(18)
cfn=(1094)
calls=19 0 
* 240
* 16
+1 16
+2 192
cob=(2)
cfi=(18)
cfn=(1098)
calls=73 0 
* 832
* 64
+3 256
+2 704
cfi=(211) /home/chogan/dev/hdf5/src/H5Plapl.c
cfn=(3000) H5P__lacc_elink_fapl_close
calls=8 596 
* 176
cfi=(211)
cfn=(2998) H5P__lacc_elink_pref_close
calls=8 888 
* 240
cfi=(220) /home/chogan/dev/hdf5/src/H5Pdapl.c
cfn=(2996) H5P__dapl_efile_pref_close
calls=8 741 
* 240
cfi=(220)
cfn=(2994) H5P__dapl_vds_file_pref_close
calls=8 493 
* 240
cfi=(219) /home/chogan/dev/hdf5/src/H5Pdcpl.c
cfn=(2984) H5P__dcrt_fill_value_close
calls=8 1287 
* 1144
cfi=(208) /home/chogan/dev/hdf5/src/H5Pocpl.c
cfn=(2982) H5P__ocrt_pipeline_close
calls=9 1804 
* 912
cfi=(219)
cfn=(2980) H5P__dcrt_ext_file_list_close
calls=8 1715 
* 912
cfi=(219)
cfn=(2978) H5P__dcrt_layout_close
calls=8 884 
* 928
+4 512
cob=(2)
cfi=(18)
cfn=(994)
calls=73 0 
* 48063
* 128
+2 64
+3 192
cob=(2)
cfi=(18)
cfn=(1102)
calls=73 0 
* 896
* 64
-16 160
+21 64
cob=(2)
cfi=(18)
cfn=(1802)
calls=36 0 
* 208
* 16
+6 48
+1 240
+1 16
+1 192
+2 128
cob=(2)
cfi=(18)
cfn=(1094)
calls=60 0 
* 480
* 32
+1 32
+2 528
cob=(2)
cfi=(18)
cfn=(1098)
calls=381 0 
* 2288
* 176
+5 1408
cob=(2)
cfi=(18)
cfn=(1070)
calls=337 0 
* 88840
* 576
+4 448
+16 224
+1 896
cob=(2)
cfi=(18)
cfn=(994)
calls=243 0 
* 120106
* 224
+2 112
+5 336
cob=(2)
cfi=(18)
cfn=(1102)
calls=243 0 
* 1568
* 192
cob=(2)
cfi=(18)
cfn=(1102)
calls=138 0 
* 896
* 176
-35 416
+40 144
-44 128
+48 80
cob=(2)
cfi=(18)
cfn=(1060)
calls=36 0 
* 656
* 32
+4 48
cob=(2)
cfi=(18)
cfn=(1106)
calls=36 0 
* 52456
+1 16
+3 96
cob=(2)
cfi=(18)
cfn=(2986)
calls=36 0 
* 10336
+3 96
cob=(2)
cfi=(18)
cfn=(2986)
calls=36 0 
* 45810
+3 48
cob=(2)
cfi=(18)
cfn=(1026)
calls=36 0 
* 1904
* 16
+4 32
+3 16
+1 80

fn=(2992) H5P__free_prop
1385 320
+1 256
+5 256
+1 256
cob=(2)
cfi=(18)
cfn=(1026)
calls=178 0 
* 7500
+3 320
+3 192
cob=(2)
cfi=(18)
cfn=(1026)
calls=178 0 
* 7494
* 64
+2 64
+1 128

fn=(2990) H5P__free_prop_cb
1426 448
+1 128
+1 192
+2 256
+5 128
+4 192
cfn=(2992)
calls=178 -54 
* 16850
+2 64
+1 128

fn=(1062)
1504 144
+1 224
+19 80
+1 16
+24 64
+20 16
+1 80

fl=(230)
fn=(2542) H5O__msg_reset_real
610 384
+1 64
+2 320
+5 128
+1 256
+1 320
cfi=(238) /home/chogan/dev/hdf5/src/H5Oefl.c
cfn=(2956) H5O__efl_reset
calls=17 365 
* 464
cfi=(239)
cfn=(2950) H5O__fill_reset
calls=25 785 
* 928
cfi=(240)
cfn=(2948)
calls=22 515 
* 464
cfi=(237)
cfn=(2672)
calls=33 835 
* 496
* 128
+8 64
+1 128

fn=(2540)
573 384
+2 64
+2 640
+4 256
+4 320
cfn=(2542)
calls=89 +25 
* 4144
* 128
+3 64
+1 64
+1 128

fl=(280)
fn=(2532)
223 80
+8 144
+1 64
+1 64
cob=(2)
cfi=(18)
cfn=(1026)
calls=18 0 
* 1904
* 32
+1 48
cob=(2)
cfi=(18)
cfn=(1026)
calls=18 0 
* 1904
* 16
+3 16
+1 32

fl=(252)
fn=(1726)
913 40
+1 8
+2 80
+3 16
+1 8
cob=(2)
cfi=(18)
cfn=(1728)
calls=65 0 
* 336
* 24
+5 32
+4 8
+1 8
+1 16

fl=(226)
fn=(1290)
3906 48
+2 8
+2 40
+5 32
cob=(2)
cfi=(18)
cfn=(1292)
calls=554 0 
* 192
+3 40
+4 88
+33 8
+2 24
+4 40
+2 24
+3 40
+2 32
+3 8
+1 24

fn=(1278) H5T__close_cb
1650 40
+1 8
+2 40
+9 32
+12 24
cob=(2)
cfi=(18)
cfn=(1280)
calls=314 0 
* 3087
* 16
+3 8
+1 8
+1 16

fn=(1286)
3992 40
+1 8
+2 80
+6 40
+1 24
cob=(2)
cfi=(18)
cfn=(1288)
calls=546 0 
* 664
* 16
+3 32
cob=(2)
cfi=(18)
cfn=(1026)
calls=546 0 
* 843
* 24
+7 24
cob=(2)
cfi=(18)
cfn=(1026)
calls=546 0 
* 932
* 16
+3 8
+1 16

fn=(1282)
4034 64
+1 8
+2 80
+7 40
+52 24
cob=(2)
cfi=(18)
cfn=(1284)
calls=314 0 
* 2783
* 16
+3 8
+1 8
+1 40

fl=(161) ???
fn=(1004) __addvsi3
0 18878

fn=(1960) __addvdi3
0 280

fl=(251)
fn=(2188)
1587 80
+1 16
cfn=(1712) H5CX__get_context
calls=55 697 
* 640
* 16
+1 16
+2 160
+7 80
+2 48
+2 24
+3 16
+1 32

fn=(1710) H5CX__push_common
747 40
+1 8
cfn=(1712)
calls=97 -51 
* 320
* 8
+2 32
+6 32
+1 32
+1 32
+1 32
+1 32
+1 32
+1 16
+1 16
+3 32
+1 24
+2 16
+1 16

fn=(1930)
1659 32
+1 8
cfn=(1712)
calls=236 697 
* 320
* 8
+2 24
+5 24
+1 16

fn=(1718) H5CX__pop_common
3525 32
+1 8
cfn=(1712)
calls=97 697 
* 320
* 8
+1 8
+5 32
+24 24
+1 40
+5 8
+1 16

fn=(1934)
2799 80
+1 16
cfn=(1712)
calls=450 697 
* 640
* 16
+2 64
+5 64
+2 32
+1 32

fn=(1712)
697 288
+1 72
+2 288
+2 288
cob=(2)
cfi=(18)
cfn=(844)
calls=1179 0 
* 1512
* 72
+2 144
+24 72
+1 144

fn=(2192)
1467 80
+1 16
cfn=(1712)
calls=54 697 
* 640
* 16
+1 16
+2 160
+6 64
+3 64
+3 16
+1 32

fn=(1698)
787 32
+1 8
+1 8
+2 80
+3 16
cob=(2)
cfi=(18)
cfn=(950)
calls=96 0 
* 3505
* 24
+4 24
cfn=(1710)
calls=96 -51 
* 720
* 8
+3 8
+1 16

fn=(1716)
3580 32
+2 8
+2 80
+3 8
cfn=(1718)
calls=96 -62 
* 496
* 24
+4 24
cob=(2)
cfi=(18)
cfn=(1026)
calls=96 0 
* 1200
* 16
+3 8
+1 16

fl=(238)
fn=(2956)
365 96
+1 32
+3 64
+6 64
+7 32
+1 96
+2 16
+1 64

fl=(201)
fn=(1104)
2025 960
+1 720
+11 720
+1 480

fn=(1100)
2137 960
+1 720
+11 480
+1 480

fn=(1804)
1066 128
+1 96
+11 64
+1 64

fn=(996)
1105 1232
+1 176
+2 880
+13 1056
cfn=(998) H5SL_insert_common
calls=1455 756 
* 163417
* 352
+3 176
+1 176
+1 352

fn=(1108)
2557 80
+1 64
+9 80
cfn=(1110) H5SL_close_common
calls=90 948 
* 52152
+2 16
+1 32

fn=(1112) H5SL_release_common
876 384
+2 48
+2 240
+9 240
+1 48
+1 960
+3 480
+2 576
cfi=(207)
cfn=(2990)
calls=178 1426 
* 18386
+2 960
cob=(2)
cfi=(18)
cfn=(1026)
calls=875 0 
* 27178
* 480
+1 720
cob=(2)
cfi=(18)
cfn=(1026)
calls=875 0 
* 26878
* 240
+1 480
-10 576
+14 336
cob=(2)
cfi=(18)
cfn=(1026)
calls=185 0 
* 5552
* 48
+1 336
cob=(2)
cfi=(18)
cfn=(962)
calls=185 0 
* 2784
* 192
+2 192
+1 144
+1 144
+3 192
+3 96
+1 144
+3 48
+1 144

fn=(1300)
1200 336
+2 48
+1 48
+2 240
+14 144
+1 576
+6 880
cfi=(161)
cfn=(1004)
calls=26 0 
* 192
* 736
cfi=(161)
cfn=(1004)
calls=25 0 
* 132
* 468
cob=(2)
cfi=(18)
cfn=(962)
calls=10 0 
* 464
* 88
cob=(2)
cfi=(18)
cfn=(1020)
calls=10 0 
* 280
* 32
cob=(2)
cfi=(18)
cfn=(1026)
calls=10 0 
* 792
* 278
cob=(2)
cfi=(18)
cfn=(962)
calls=3 0 
* 124
* 24
cob=(2)
cfi=(18)
cfn=(1020)
calls=3 0 
* 70
* 8
cob=(2)
cfi=(18)
cfn=(1026)
calls=3 0 
* 198
* 142
cfi=(161)
cfn=(1004)
calls=3 0 
* 22
* 50
cob=(2)
cfi=(18)
cfn=(962)
calls=3 0 
* 116
* 12
cfi=(161)
cfn=(1004)
calls=3 0 
* 22
* 16
cob=(2)
cfi=(18)
cfn=(1020)
calls=3 0 
* 70
* 8
cob=(2)
cfi=(18)
cfn=(1026)
calls=3 0 
* 198
* 30
cfi=(161)
cfn=(1004)
calls=3 0 
* 24
* 188
cfi=(161)
cfn=(1004)
calls=21 0 
* 144
* 752
cob=(2)
cfi=(18)
cfn=(1026)
calls=21 0 
* 1666
* 18
cob=(2)
cfi=(18)
cfn=(1026)
calls=5 0 
* 238
* 80
cob=(2)
cfi=(18)
cfn=(1026)
calls=26 0 
* 1904
* 64
+24 2396
cfi=(161)
cfn=(1004)
calls=424 0 
* 384
* 7465
cfi=(161)
cfn=(1004)
calls=2575 0 
* 1463
* 1095
cob=(2)
cfi=(18)
cfn=(962)
calls=146 0 
* 526
* 99
cob=(2)
cfi=(18)
cfn=(1020)
calls=146 0 
* 313
* 36
cob=(2)
cfi=(18)
cfn=(1026)
calls=146 0 
* 909
* 284
cob=(2)
cfi=(18)
cfn=(962)
calls=4 0 
* 62
* 12
cob=(2)
cfi=(18)
cfn=(1020)
calls=4 0 
* 35
* 4
cob=(2)
cfi=(18)
cfn=(1026)
calls=4 0 
* 99
* 131
cfi=(161)
cfn=(1004)
calls=7 0 
* 11
* 25
cob=(2)
cfi=(18)
cfn=(962)
calls=4 0 
* 58
* 6
cfi=(161)
cfn=(1004)
calls=4 0 
* 11
* 8
cob=(2)
cfi=(18)
cfn=(1020)
calls=4 0 
* 35
* 4
cob=(2)
cfi=(18)
cfn=(1026)
calls=4 0 
* 99
* 15
cfi=(161)
cfn=(1004)
calls=4 0 
* 12
* 248
cfi=(161)
cfn=(1004)
calls=4 0 
* 44
* 997
cob=(2)
cfi=(18)
cfn=(962)
calls=238 0 
* 1279
* 187
cob=(2)
cfi=(18)
cfn=(1020)
calls=238 0 
* 579
* 68
cob=(2)
cfi=(18)
cfn=(1026)
calls=238 0 
* 1783
* 318
cob=(2)
cfi=(18)
cfn=(962)
calls=3 0 
* 186
* 36
cob=(2)
cfi=(18)
cfn=(1020)
calls=3 0 
* 99
* 12
cob=(2)
cfi=(18)
cfn=(1026)
calls=3 0 
* 297
* 290
cfi=(161)
cfn=(1004)
calls=112 0 
* 22
* 36
cob=(2)
cfi=(18)
cfn=(962)
calls=1 0 
* 62
* 6
cfi=(161)
cfn=(1004)
calls=1 0 
* 11
* 8
cob=(2)
cfi=(18)
cfn=(1020)
calls=1 0 
* 34
* 4
cob=(2)
cfi=(18)
cfn=(1026)
calls=1 0 
* 99
* 15
cfi=(161)
cfn=(1004)
calls=1 0 
* 12
* 10
cfi=(161)
cfn=(1004)
calls=111 0 
* 12
* 36
cfi=(161)
cfn=(1004)
calls=112 0 
* 24
* 1335
cfi=(161)
cfn=(1004)
calls=1760 0 
* 1068
* 1805
cob=(2)
cfi=(18)
cfn=(1026)
calls=308 0 
* 3251
* 27
cob=(2)
cfi=(18)
cfn=(1026)
calls=116 0 
* 337
* 160
cob=(2)
cfi=(18)
cfn=(1026)
calls=424 0 
* 3788
* 128
+12 48
+1 144

fn=(998)
756 1408
+3 176
+3 880
+14 528
+1 2112
+10 1056
cob=(2)
cfi=(18)
cfn=(1074)
calls=875 0 
* 40592
* 28088
cfi=(161)
cfn=(1004)
calls=2606 0 
* 5104
* 3800
cob=(2)
cfi=(18)
cfn=(962)
calls=356 0 
* 6230
* 768
cob=(2)
cfi=(18)
cfn=(1020)
calls=356 0 
* 2224
* 256
cob=(2)
cfi=(18)
cfn=(1026)
calls=356 0 
* 6496
* 1632
cob=(2)
cfi=(18)
cfn=(962)
calls=124 0 
* 1488
* 288
cob=(2)
cfi=(18)
cfn=(1020)
calls=124 0 
* 824
* 96
cob=(2)
cfi=(18)
cfn=(1026)
calls=124 0 
* 2376
* 360
cfi=(161)
cfn=(1004)
calls=124 0 
* 264
* 1744
cfi=(161)
cfn=(1004)
calls=238 0 
* 480
* 552
cfi=(161)
cfn=(1004)
calls=129 0 
* 288
* 3480
cfi=(161)
cfn=(1004)
calls=1231 0 
* 2784
* 2008
+1 352
+33 704
+1 32
+3 96
cfn=(972) H5SL_new_node
calls=110 707 
* 2688
* 960
cfn=(972)
calls=1345 707 
* 33555
* 528
+4 528
+1 1056
+1 704
+1 880
+1 624
+3 216
+4 360
+3 216
-3 520
+3 312
+3 176
+1 528

fn=(2988)
2518 224
+1 32
+2 128
+9 192
cfn=(1110)
calls=95 948 
* 55410
+2 32
+1 64

fn=(1096)
1988 192
+1 144
+11 192
+1 96

fn=(1110)
948 384
+1 48
+2 240
+9 288
cfn=(1112)
calls=185 -84 
* 89226
* 96
+4 336
cob=(2)
cfi=(18)
cfn=(1026)
calls=185 0 
* 4752
* 48
+1 192
cob=(2)
cfi=(18)
cfn=(1026)
calls=185 0 
* 5712
* 96
+3 144
cob=(2)
cfi=(18)
cfn=(1026)
calls=185 0 
* 5712
* 96
+3 48
+1 144

fn=(956)
994 96
+1 16
+2 16
+2 160
+6 32
cob=(2)
cfi=(18)
cfn=(962)
calls=185 0 
* 992
* 48
+4 48
+2 48
+3 32
+1 32
+1 32
+3 64
cfn=(972)
calls=185 707 
* 2688
* 48
+4 48
+3 32
+3 48
+1 48
+3 32
+4 32
+5 16
+1 32

fn=(972)
707 1344
+1 192
+2 960
+3 384
cob=(2)
cfi=(18)
cfn=(962)
calls=1640 0 
* 16652
* 576
+4 576
+1 576
+1 384
+1 576
+1 384
+1 960
cob=(2)
cfi=(18)
cfn=(962)
calls=1640 0 
* 13063
* 1152
+4 576
+3 192
+1 384

fn=(1072)
1394 1296
+2 216
+3 864
+14 648
+1 2592
+6 470
cfi=(161)
cfn=(1004)
calls=53 0 
* 168
* 194
+4 1232
cob=(2)
cfi=(18)
cfn=(1074)
calls=1045 0 
* 40592
* 21608
cob=(2)
cfi=(18)
cfn=(906)
calls=207 0 
* 2024
* 7280
cfi=(161)
cfn=(1004)
calls=1990 0 
* 4704
* 3640
cob=(2)
cfi=(18)
cfn=(906)
calls=157 0 
* 1472
* 384
+20 7639
cfi=(161)
cfn=(1004)
calls=3016 0 
* 1476
* 977
-19 224
+31 224
+3 216
+1 432

fl=(339)
fn=(2972)
287 40
+1 8
+2 40
+5 80
cfi=(316) /home/chogan/dev/hdf5/src/H5Sall.c
cfn=(2974) H5S__all_release
calls=8 483 
* 104
* 24
+3 8
+1 8
+1 16

fl=(286)
fn=(2634)
427 40
+1 32
+5 32
+1 32
+1 32
cob=(2)
cfi=(18)
cfn=(1026)
calls=16 0 
* 932
* 16
+1 32
+1 32
cob=(2)
cfi=(18)
cfn=(1026)
calls=16 0 
* 932
* 16
+3 8
+1 16

fn=(2968)
458 40
+1 8
+2 80
+5 24
cob=(2)
cfi=(18)
cfn=(2970)
calls=8 0 
* 344
* 16
+4 24
cob=(2)
cfi=(18)
cfn=(2632)
calls=8 0 
* 2168
* 16
+3 8
+6 24
cob=(2)
cfi=(18)
cfn=(1026)
calls=8 0 
* 870
+2 8
+1 16

fl=(236)
fn=(2924) H5D__close_cb
346 40
+1 8
+2 40
+6 56
cob=(2)
cfi=(18)
cfn=(2926)
calls=8 0 
* 491652
* 16
+3 8
+7 24
cob=(2)
cfi=(18)
cfn=(3030)
calls=8 0 
* 1544
* 16
+3 8
+1 16

fn=(2936)
1915 72
+1 8
+2 8
+1 8
+2 80
+11 40
+1 40
+3 24
cob=(2)
cfi=(18)
cfn=(2938)
calls=8 0 
* 2616
* 16
+7 24
+3 120
+3 40
+2 16
+65 48
+4 56
cob=(2)
cfi=(18)
cfn=(1026)
calls=8 0 
* 96
* 8
+3 56
cob=(2)
cfi=(18)
cfn=(1026)
calls=8 0 
* 96
* 8
+3 56
+1 48
cob=(2)
cfi=(18)
cfn=(2538)
calls=8 0 
* 728
+2 16
-1 48
cob=(2)
cfi=(18)
cfn=(2538)
calls=8 0 
* 744
-1 16
+2 48
cob=(2)
cfi=(18)
cfn=(2538)
calls=8 0 
* 960
-1 16
+2 48
cob=(2)
cfi=(18)
cfn=(2538)
calls=8 0 
* 728
-1 24
-2 40
+6 72
cob=(2)
cfi=(18)
cfn=(2958)
calls=8 0 
* 440
* 16
+2 24
+7 40
cob=(2)
cfi=(18)
cfn=(1275)
calls=8 0 
* 21412
+2 16
-1 40
cob=(2)
cfi=(18)
cfn=(2966)
calls=8 0 
* 3662
-1 16
+2 40
cob=(2)
cfi=(18)
cfn=(1275)
calls=8 0 
* 180159
-1 16
+2 40
cob=(2)
cfi=(18)
cfn=(1275)
calls=8 0 
* 244204
-1 24
-2 40
+6 56
cob=(2)
cfi=(18)
cfn=(3002)
calls=8 0 
* 7937
* 16
+2 56
cob=(2)
cfi=(18)
cfn=(3006)
calls=8 0 
* 6745
* 16
+5 40
cob=(2)
cfi=(18)
cfn=(3010)
calls=8 0 
* 1045
* 16
+4 64
cob=(2)
cfi=(18)
cfn=(2844)
calls=8 0 
* 104
* 48
cob=(2)
cfi=(18)
cfn=(3026)
calls=8 0 
* 112
* 16
+13 16
+1 32
cob=(2)
cfi=(18)
cfn=(1026)
calls=8 0 
* 1160
* 24
+20 32
cob=(2)
cfi=(18)
cfn=(1292)
calls=8 0 
* 4624
* 16
+4 24
cob=(2)
cfi=(18)
cfn=(1026)
calls=8 0 
* 952
* 8
+3 16
+3 8
+1 8
+1 48

fn=(2940)
3237 64
+1 8
+2 64
cob=(2)
cfi=(18)
cfn=(1924)
calls=8 0 
* 1128
* 32
+7 48
+2 104
cfi=(319) /home/chogan/dev/hdf5/src/H5Dcontig.c
cfn=(2942) H5D__contig_flush
calls=8 1297 
* 392
* 16
+3 8
+1 32
cob=(2)
cfi=(18)
cfn=(1924)
calls=8 0 
* 656
* 8
+1 40

fn=(2946)
3200 64
+1 8
+2 40
+6 40
+12 8
+1 8
+1 48

fl=(242)
fn=(2960)
2381 64
+1 8
+2 80
+14 16
+2 40
cob=(2)
cfi=(18)
cfn=(2962)
calls=8 0 
* 144
* 16
+1 16
+1 16
+8 8
+1 16

fn=(1926)
2182 96
+1 64
+3 32
+1 8
cob=(2)
cfi=(18)
cfn=(1928)
calls=225 0 
* 448
* 16
+3 24
cob=(2)
cfi=(18)
cfn=(1932)
calls=225 0 
* 488
* 24
cob=(2)
cfi=(18)
cfn=(1932)
calls=225 0 
* 488
+2 32
+1 32

fl=(297)
fn=(3042) H5F__mount_count_ids_recurse
560 7
+3 4
+8 4
+1 5
+6 11
+3 7
+11 2
+1 2

fn=(3040)
610 7
+1 4
+8 4
+4 6
cfn=(3042)
calls=2 -63 
* 42
+2 1
+1 2

fl=(199)
fn=(2918)
1469 40
+1 8
+2 80
+6 24
cob=(2)
cfi=(18)
cfn=(2920)
calls=8 0 
* 502483
* 8
+3 16
+12 8
+1 8
+1 16

fn=(1130)
1050 40
+1 8
+2 80
cob=(2)
cfi=(18)
cfn=(812)
calls=23 0 
* 64
* 8
cob=(2)
cfi=(18)
cfn=(840)
calls=23 0 
* 376
* 24
cob=(2)
cfi=(18)
cfn=(860)
calls=23 0 
* 840
* 32
+2 16
+1 32
+4 24
cob=(2)
cfi=(18)
cfn=(910)
calls=22 0 
* 664
* 8
cob=(2)
cfi=(18)
cfn=(918)
calls=23 0 
* 360
* 8
+1 16

fn=(1168) H5I__find_id
2185 160
+3 32
+2 128
+3 128
+1 160
+2 192
+1 192
+4 146
+4 192
cob=(2)
cfi=(18)
cfn=(1070)
calls=534 0 
* 11084
* 32
+3 128
+4 32
+1 64

fn=(2922)
1424 40
+2 8
+2 80
+6 24
cob=(2)
cfi=(18)
cfn=(1274)
calls=9 0 
* 502243
* 24
+4 16
+13 8
+1 8
+1 16

fn=(1276)
1355 40
+2 8
+2 80
+6 24
cfn=(1168)
calls=235 2185 
* 1478
* 24
+17 32
+4 64
+3 96
cfi=(236)
cfn=(2924)
calls=8 346 
* 493428
* 16
+2 40
cfn=(1296) H5I__remove_common
calls=229 1234 
* 6841
* 16
+2 16
+11 8
+1 16

fn=(1277)
1355 120
+2 24
+2 240
+6 72
cfn=(1168)
calls=29 2185 
* 11192
* 72
+17 96
+4 192
+3 288
cfi=(207)
cfn=(2976)
calls=17 5056 
* 396083
cfi=(226)
cfn=(1278)
calls=8 1650 
* 3279
* 48
+2 120
cfn=(1296)
calls=25 1234 
* 33733
* 48
+2 48
+11 24
+1 48

fn=(1296)
1234 192
+2 32
+2 160
+6 192
cob=(2)
cfi=(18)
cfn=(1298)
calls=424 0 
* 35430
* 96
+4 128
+1 64
+2 96
+1 96
cob=(2)
cfi=(18)
cfn=(1026)
calls=255 0 
* 3768
* 32
+3 192
+3 32
+1 64

fl=(316)
fn=(2974)
483 32
+1 32
+6 16
+2 8
+1 16

fl=(274)
fn=(2964)
190 32
+1 64
+7 16
+1 16

fl=(229)
fn=(1294)
650 80
+1 64
+5 64
+1 32
cob=(2)
cfi=(18)
cfn=(2530)
calls=17 0 
* 2168
+1 16
+2 64
+1 32
cob=(2)
cfi=(18)
cfn=(2530)
calls=17 0 
* 2168
+1 16
+2 16
+2 8
+1 16
-3 16
+2 8
+1 16

fl=(198)
fn=(1730)
356 32
+1 8
+2 32
+2 32
cob=(2)
cfi=(18)
cfn=(844)
calls=126 0 
* 168
* 8
+2 16
+25 8
+1 16

fl=(294)
fn=(2914)
324 40
+1 8
+2 48
cob=(2)
cfi=(18)
cfn=(812)
calls=8 0 
* 64
* 8
cob=(2)
cfi=(18)
cfn=(840)
calls=8 0 
* 664
* 24
cob=(2)
cfi=(18)
cfn=(860)
calls=8 0 
* 744
* 88
cob=(2)
cfi=(18)
cfn=(1696)
calls=8 0 
* 4465
* 32
cob=(2)
cfi=(18)
cfn=(1724)
calls=8 0 
* 592
+4 24
cob=(2)
cfi=(18)
cfn=(1128)
calls=8 0 
* 2616
* 16
+6 24
cob=(2)
cfi=(18)
cfn=(2916)
calls=8 0 
* 502707
* 16
+3 8
+1 8
cob=(2)
cfi=(18)
cfn=(1714)
calls=8 0 
* 1928
* 40
cob=(2)
cfi=(18)
cfn=(910)
calls=8 0 
* 912
* 8
cob=(2)
cfi=(18)
cfn=(918)
calls=8 0 
* 624
* 8
+1 16

fl=(208)
fn=(2982)
1804 56
+1 8
+2 40
+6 32
cob=(2)
cfi=(18)
cfn=(2538)
calls=14 0 
* 728
* 16
+3 8
+1 8
+1 16

fl=(319)
fn=(2942)
1297 40
+1 8
+2 40
+6 24
cob=(2)
cfi=(18)
cfn=(2944)
calls=8 0 
* 232
* 16
+3 8
+1 8
+1 16

fl=(228)
fn=(3012)
812 56
+1 8
+2 80
+13 16
+1 16
+3 32
cob=(2)
cfi=(18)
cfn=(3014)
calls=8 0 
* 144
+15 32
cob=(2)
cfi=(18)
cfn=(3018)
calls=8 0 
* 104
* 40
cob=(2)
cfi=(18)
cfn=(3022)
calls=8 0 
* 104
* 16
+2 6
cob=(2)
cfi=(18)
cfn=(3034)
calls=1 0 
* 125
* 2
+4 24
cob=(2)
cfi=(18)
cfn=(2534)
calls=8 0 
* 168
* 16
+3 8
+1 8
+1 24

fn=(2536)
2073 40
+1 8
+2 40
+6 32
+9 8
+1 8
+1 16

fl=(295)
fn=(2932)
629 56
+1 8
+2 8
+2 24
cob=(2)
cfi=(18)
cfn=(2934)
calls=8 0 
* 480516
* 16
+3 8
+1 8
+1 16

fl=(219)
fn=(2984)
1287 56
+1 8
+2 40
+6 32
cob=(2)
cfi=(18)
cfn=(2538)
calls=9 0 
* 960
* 16
+3 8
+1 8
+1 16

fn=(2978)
884 56
+1 8
+2 40
+6 32
cob=(2)
cfi=(18)
cfn=(2538)
calls=9 0 
* 744
* 16
+3 8
+1 8
+1 16

fn=(2980)
1715 56
+1 8
+2 40
+6 32
cob=(2)
cfi=(18)
cfn=(2538)
calls=9 0 
* 728
* 16
+3 8
+1 8
+1 16

fl=(209)
fn=(1076)
491 1408
+1 352
+8 352
+1 37248
-1 40064
+3 352
+1 704

fl=(178)
fn=(842)
397 128
+6 32
+2 128
cob=(2)
cfi=(18)
cfn=(844)
calls=1743 0 
* 672
* 32
+2 64
+18 128
+2 32
cob=(2)
cfi=(18)
cfn=(856)
calls=289 0 
* 248
* 8
+3 40
+2 8
+2 16
-4 120
+2 24
+2 48

fn=(920)
461 160
+6 32
+2 128
cob=(2)
cfi=(18)
cfn=(844)
calls=1743 0 
* 672
* 32
+2 96
+1 32
cob=(2)
cfi=(18)
cfn=(856)
calls=289 0 
* 224
* 8
+2 24
+2 8
+2 32
-4 72
+2 24
+2 96

fn=(912)
343 160
+6 128
cob=(2)
cfi=(18)
cfn=(864)
calls=1744 0 
* 992
* 32
+2 64
+3 160
+2 128
cob=(2)
cfi=(18)
cfn=(870)
calls=1744 0 
* 672
* 32
+2 128
+3 32
cob=(2)
cfi=(18)
cfn=(914)
calls=229 0 
* 192
* 8
+1 16
+4 32
+2 64

fn=(862)
293 192
+5 128
cob=(2)
cfi=(18)
cfn=(864)
calls=1744 0 
* 992
* 32
+2 64
+3 200
cob=(2)
cfi=(18)
cfn=(866)
calls=1515 0 
* 120
* 72
cob=(2)
cfi=(18)
cfn=(990)
calls=1515 0 
* 168
* 48
+2 144
+3 32
+4 8
cob=(2)
cfi=(18)
cfn=(866)
calls=229 0 
* 40
* 16
+1 16
+3 32
cob=(2)
cfi=(18)
cfn=(870)
calls=229 0 
* 168
* 96
cob=(2)
cfi=(18)
cfn=(870)
calls=1515 0 
* 504
+2 128

fl=(255)
fn=(3016)
2345 32
+2 24
+4 56
+1 16

fn=(3036)
2078 9
+1 1
+1 1
+1 1
+2 5
+12 2
+1 2
+3 4
+7 6
cob=(2)
cfi=(18)
cfn=(3038)
calls=2 0 
* 68
* 2
+13 9
+8 5
+1 2
2236 1
+1 5

fl=(211)
fn=(2998)
888 56
+1 32
+4 32
cob=(2)
cfi=(18)
cfn=(1026)
calls=14 0 
* 96
+2 8
+1 16

fn=(3000)
596 56
+2 8
+2 40
+6 24
+3 16
+3 8
+1 8
+1 16

fl=(239)
fn=(2950)
785 80
+1 32
+2 64
+5 48
cob=(2)
cfi=(18)
cfn=(2952)
calls=25 0 
* 560
+3 32
+1 32
+1 32
+2 16
+1 32

fn=(2954)
719 80
+1 16
+1 16
+2 160
+4 64
+30 32
+1 64
+5 16
+1 32
+3 16
+1 32

fl=(206)
fn=(2202) H5VL__free_vol_wrapper
2123 40
+1 8
+2 40
+9 32
+6 32
cfn=(2204) H5VL__conn_dec_rc
calls=27 933 
* 336
* 16
+4 24
cob=(2)
cfi=(18)
cfn=(1026)
calls=27 0 
* 952
* 8
+3 8
+1 16

fn=(2184)
2163 64
+1 8
+1 8
+2 88
cob=(2)
cfi=(18)
cfn=(812)
calls=27 0 
* 64
* 8
cob=(2)
cfi=(18)
cfn=(840)
calls=27 0 
* 376
* 24
cob=(2)
cfi=(18)
cfn=(860)
calls=27 0 
* 840
* 32
+6 24
cob=(2)
cfi=(18)
cfn=(2186)
calls=27 0 
* 568
* 16
+4 24
+1 8
+7 48
+10 16
cob=(2)
cfi=(18)
cfn=(962)
calls=27 0 
* 496
* 32
+4 32
cfn=(2172) H5VL__conn_inc_rc
calls=27 906 
* 256
+3 16
+1 32
+1 32
+7 24
cob=(2)
cfi=(18)
cfn=(2190)
calls=27 0 
* 568
* 16
+3 8
+1 16
+4 24
cob=(2)
cfi=(18)
cfn=(910)
calls=27 0 
* 664
* 8
cob=(2)
cfi=(18)
cfn=(918)
calls=27 0 
* 360
* 8
+1 40

fn=(2200)
2308 56
+1 8
+1 8
+2 88
cob=(2)
cfi=(18)
cfn=(812)
calls=27 0 
* 64
* 8
cob=(2)
cfi=(18)
cfn=(840)
calls=27 0 
* 376
* 24
cob=(2)
cfi=(18)
cfn=(860)
calls=27 0 
* 840
* 32
+3 24
cob=(2)
cfi=(18)
cfn=(2186)
calls=27 0 
* 592
* 16
+4 24
+4 32
+3 32
+2 24
cfn=(2202)
calls=27 2123 
* 1512
* 16
+4 16
cob=(2)
cfi=(18)
cfn=(2190)
calls=27 0 
* 568
* 16
+9 24
cob=(2)
cfi=(18)
cfn=(910)
calls=27 0 
* 664
* 8
cob=(2)
cfi=(18)
cfn=(918)
calls=27 0 
* 360
* 8
+1 40

fn=(2172)
906 40
+1 32
+6 40
cfi=(161)
cfn=(1960)
calls=37 0 
* 88
* 24
+2 16
+1 16

fn=(3032)
974 40
+1 8
+2 80
+6 32
cfn=(2204)
calls=10 -50 
* 336
* 16
+3 24
cob=(2)
cfi=(18)
cfn=(1026)
calls=10 0 
* 952
* 16
+3 8
+1 16

fn=(2204)
933 80
+1 16
+2 80
+6 80
cfi=(161)
cfn=(1960)
calls=37 0 
* 192
* 48
+3 64
+10 64
+3 16
+1 32

fl=(220)
fn=(2996)
741 56
+1 32
+4 32
cob=(2)
cfi=(18)
cfn=(1026)
calls=9 0 
* 96
+2 8
+1 16

fn=(2994)
493 56
+1 32
+4 32
cob=(2)
cfi=(18)
cfn=(1026)
calls=9 0 
* 96
+2 8
+1 16

ob=(1) /usr/lib/x86_64-linux-gnu/ld-2.31.so
fl=(1) ???
fn=(0) 0x0000000000001100
cob=(11)
cfi=(163)
cfn=(746)
calls=1 0 
0 515732

ob=(3)
fl=(195)
fn=(908)
79 152
+13 152
+1 152
+2 152
+1 152
+1 152
+1 152
+1 152
+2 152
+1 152
+1 152
+1 152
+1 152
+1 152
+1 152
+1 152
+18 152
+1 152
+1 152
+2 152
+1 152

fl=(197)
fn=(932)
167 8
+1 24
+5 8
+1 8
+1 8
+1 8
+8 8
+1 8
+3 8
+1 8
+10 8
+1 8
+1 8
+1 8
+1 8
+1 8
+1 8
+1 8
+1 8
+1 8
+1 8
+1 8
+1 8
+1 8
+2 16
+1 16
+1 16
+1 16
+1 16
+1 16
+1 16
+1 8
+1 8

fl=(150)
fn=(556)
3023 588
+8 588
-8 2352
+8 588
+1 1176
1208 1176
+2 2352
3044 2352
+3 1176
+9 132
+2 132
cfn=(584) _int_malloc
calls=3648 1208 
* 8930
* 44
+1 308
+23 2940
1210 1284
3048 588
+1 1764
2936 544
+2 544
-2 544
+1 1088
+1 544
+1 544
3051 544

fn=(1154) unlink_chunk.isra.0
1451 4
+2 20
+3 4
+1 4
+2 16
+3 4
+1 4
+1 8
+24 8

fn=(1032)
3087 2408
+5 2408
+1 2408
+6 2408
+5 1204
-2 1204
+2 2408
+18 3612
+2 3612
+1 1204
+1 1204
-1 1204
cfn=(1034) _int_free
calls=8270 4155 
* 90665

fn=(1034)
4155 13244
+10 3612
+6 6020
+1 2408
+4 4816
+8 6020
-1 2408
+1 2408
+3 1188
+6 2376
+13 5940
+14 1648
+11 3192
+2 2394
1875 2394
4254 798
+1 798
+4 2394
+2 2394
+4 1596
+2 798
+1 798
+18 3180
4428 13244
4295 52
+3 26
+3 78
+7 26
-4 26
+4 52
+3 52
+5 78
+3 52
+1 52
+1 52
1875 78
4327 52
+1 1
+2 1
-1 1
+2 4
+2 2
cfn=(1154)
calls=124 1451 
* 18
+3 52
+5 52
+4 26
+9 26
-1 26
+2 52
+2 104
+2 52
+5 26
+1 26
+2 78
+1 26
+30 52
+20 78
2924 760
+4 380
-2 760
+1 380
+1 380
4209 380
4361 48
-48 78
-2 52

fn=(850)
3366 16
+10 8
-10 32
+10 64
+8 16
+1 16
+9 24
+2 24
+10 8
+1 24
+21 24
cfn=(584)
calls=495 1208 
* 2385
* 8
+2 40
+3 24
+14 16
+6 32
+52 56
-44 8
+3 16
+11 8
+2 16
+2 16
-49 40
+20 8
+14 16
+16 24
cob=(2)
cfi=(18)
cfn=(1058)
calls=394 0 
* 352
* 16

fn=(584)
1208 104
3513 52
1210 52
3513 416
1210 104
3553 22
+24 22
+61 22
+2 22
-2 22
+2 44
+2 4
+1 8
+6 4
-4 4
+1 4
+1 4
+2 8
+7 16
-1 8
+1 12
+5 24
+1 8
1210 82
3553 82
1637 82
3577 82
+58 16
-58 22
1210 22
3582 22
+2 22
-2 66
+2 66
-4 30
+6 120
+1 30
+5 60
+1 60
+7 120
-1 60
+1 60
+5 150
+4 210
2924 210
-4 420
+6 840
-6 210
+8 840
3605 630
+1 630
+2 840
-19 66
1868 34
3678 34
1868 68
4147 603
3637 54
+3 198
+77 18
+1 18
-1 36
-1 36
+2 36
-2 54
+6 36
+73 54
-67 54
3892 12
-91 12
+91 24
-91 12
-74 12
+74 24
-42 72
-28 24
+1 12
+2 24
-3 28
+1 14
+2 28
+1 78
+2 26
+1 104
+2 104
-10 26
+12 52
+1 52
+2 52
+11 104
+31 25
+1 25
+4 50
+29 34
+2 6
+1 9
+1 3
-1 3
+57 3
+2 6
-2 6
+2 3
+7 3
-9 9
+9 3
-7 3
+1 3
+1 3
+6 6
-10 14
+2 28
-2 28
+2 14
+7 14
-9 42
+9 14
-7 14
+1 14
+1 14
+6 28
1868 24
3794 8
+1 8
-1 8
+1 16
+5 24
+1 56
+28 105
+1 42
+1 14
-1 14
+4 28
+5 12
-2 24
+2 36
+1 24
+60 51
3728 51
3917 18
+73 18
+1 9
+1 9
-1 9
+1 9
+1 18
+1 27
+5 36
+16 16
+2 32
-4 44
+8 6
+3 12
+2 3
+1 3
+1 3
-2 12
-27 3
3878 10
3757 24
+1 8
+5 3
-1 1
+1 2
+1 2
-1 1
+2 1
+1 3
+1 2
+6 1
+6 1
-6 7
+2 3
+1 1
1868 3
4003 18
+3 24
-3 18
+3 24
-3 12
+3 18
+97 6
+1 12
+2 12
+3 18
3852 60
+1 24
+6 12
+13 12
+1 24
-11 24
4033 9
+3 6
+2 3
+3 6
-3 3
+3 6
cfn=(1154)
calls=109 1451 
* 54
+3 12
+15 3
-5 3
+6 6
+3 12
+1 3
+1 3
+3 6
+1 3
+1 6
+5 24
+2 9
+1 3
1868 3
4081 3
1868 6
4114 6
-3 6
+1 12
+2 6
-1 6
+1 6
+2 6
+3 6
-5 30
+2 6
1868 18

fl=(186)
fn=(868)
24 32
+1 32
+1 32

fl=(204)
fn=(992)
24 24
+1 72
+1 24

fl=(193)
fn=(902)
225 132
+1 132
+6 132
+1 132
+1 3
+1 3
+3 3
+1 3
+1 3
+1 3
+2 3
+1 3
+33 129
+1 129
+2 102
+1 102
+23 27
+1 27
+1 27
+1 27
+1 27
+4 102
+1 102
+1 102
+1 102
+1 102

fl=(164)
fn=(748)
cob=(11)
cfi=(165)
cfn=(784)
calls=1 187 
308 515732

ob=(5)
fl=(156)
fn=(572)
356 64
41 192
+1 192
+5 128
+8 64
+3 64
-6 64
+6 256
+2 64
358 128

fl=(185)
fn=(858)
26 16
+3 32
-3 16
+6 16
+2 96
+24 48
+10 16
+1 48
-25 8
-5 8
+5 8
-5 8
+5 8
+5 16
+5 16
+2 16
-17 16
+10 16
+5 16
+2 16

fl=(154)
fn=(566)
64 64
+3 192
+2 64
+2 128
-7 128
+11 128
+2 192
+3 256
+1 192
+75 64
+3 64
+2 64
+3 64
+2 64
+1 192

fl=(183)
fn=(846)
25 144
+5 288
+1 720
+24 144
+1 288
+4 864
+5 288

fl=(196)
fn=(916)
36 64
+1 8
+5 8
+1 24
+54 72

fl=(176)
fn=(814)
136 32
+3 32
+1 64
+4 64

totals: 515732
